{"/Users/peternaydenov/Sites/git-code-assembly-line/src/template-chop.js":{"path":"/Users/peternaydenov/Sites/git-code-assembly-line/src/template-chop.js","statementMap":{"0":{"start":{"line":3,"column":18},"end":{"line":3,"column":38}},"1":{"start":{"line":19,"column":14},"end":{"line":19,"column":16}},"2":{"start":{"line":22,"column":4},"end":{"line":22,"column":74}},"3":{"start":{"line":22,"column":36},"end":{"line":22,"column":74}},"4":{"start":{"line":23,"column":4},"end":{"line":23,"column":37}},"5":{"start":{"line":23,"column":28},"end":{"line":23,"column":37}},"6":{"start":{"line":25,"column":4},"end":{"line":25,"column":33}},"7":{"start":{"line":26,"column":4},"end":{"line":26,"column":55}},"8":{"start":{"line":26,"column":22},"end":{"line":26,"column":55}},"9":{"start":{"line":27,"column":4},"end":{"line":48,"column":10}},"10":{"start":{"line":28,"column":16},"end":{"line":28,"column":33}},"11":{"start":{"line":29,"column":16},"end":{"line":29,"column":27}},"12":{"start":{"line":32,"column":16},"end":{"line":32,"column":59}},"13":{"start":{"line":33,"column":16},"end":{"line":33,"column":40}},"14":{"start":{"line":35,"column":16},"end":{"line":35,"column":73}},"15":{"start":{"line":35,"column":35},"end":{"line":35,"column":73}},"16":{"start":{"line":36,"column":16},"end":{"line":37,"column":43}},"17":{"start":{"line":36,"column":35},"end":{"line":36,"column":73}},"18":{"start":{"line":37,"column":35},"end":{"line":37,"column":43}},"19":{"start":{"line":39,"column":16},"end":{"line":42,"column":20}},"20":{"start":{"line":41,"column":21},"end":{"line":41,"column":59}},"21":{"start":{"line":44,"column":16},"end":{"line":44,"column":49}},"22":{"start":{"line":45,"column":31},"end":{"line":45,"column":47}},"23":{"start":{"line":46,"column":33},"end":{"line":46,"column":58}},"24":{"start":{"line":47,"column":16},"end":{"line":47,"column":48}},"25":{"start":{"line":53,"column":0},"end":{"line":53,"column":30}}},"fnMap":{"0":{"name":"chopTemplate","decl":{"start":{"line":13,"column":9},"end":{"line":13,"column":21}},"loc":{"start":{"line":13,"column":31},"end":{"line":49,"column":1}},"line":13}},"branchMap":{"0":{"loc":{"start":{"line":22,"column":4},"end":{"line":22,"column":74}},"type":"if","locations":[{"start":{"line":22,"column":4},"end":{"line":22,"column":74}},{"start":{"line":22,"column":4},"end":{"line":22,"column":74}}],"line":22},"1":{"loc":{"start":{"line":23,"column":4},"end":{"line":23,"column":37}},"type":"if","locations":[{"start":{"line":23,"column":4},"end":{"line":23,"column":37}},{"start":{"line":23,"column":4},"end":{"line":23,"column":37}}],"line":23},"2":{"loc":{"start":{"line":26,"column":4},"end":{"line":26,"column":55}},"type":"if","locations":[{"start":{"line":26,"column":4},"end":{"line":26,"column":55}},{"start":{"line":26,"column":4},"end":{"line":26,"column":55}}],"line":26},"3":{"loc":{"start":{"line":27,"column":4},"end":{"line":48,"column":10}},"type":"if","locations":[{"start":{"line":27,"column":4},"end":{"line":48,"column":10}},{"start":{"line":27,"column":4},"end":{"line":48,"column":10}}],"line":27},"4":{"loc":{"start":{"line":35,"column":16},"end":{"line":35,"column":73}},"type":"if","locations":[{"start":{"line":35,"column":16},"end":{"line":35,"column":73}},{"start":{"line":35,"column":16},"end":{"line":35,"column":73}}],"line":35},"5":{"loc":{"start":{"line":36,"column":16},"end":{"line":37,"column":43}},"type":"if","locations":[{"start":{"line":36,"column":16},"end":{"line":37,"column":43}},{"start":{"line":36,"column":16},"end":{"line":37,"column":43}}],"line":36},"6":{"loc":{"start":{"line":39,"column":16},"end":{"line":42,"column":20}},"type":"if","locations":[{"start":{"line":39,"column":16},"end":{"line":42,"column":20}},{"start":{"line":39,"column":16},"end":{"line":42,"column":20}}],"line":39},"7":{"loc":{"start":{"line":39,"column":21},"end":{"line":39,"column":57}},"type":"binary-expr","locations":[{"start":{"line":39,"column":21},"end":{"line":39,"column":37}},{"start":{"line":39,"column":41},"end":{"line":39,"column":57}}],"line":39}},"s":{"0":1,"1":274,"2":274,"3":1,"4":273,"5":51,"6":222,"7":222,"8":136,"9":222,"10":71,"11":71,"12":151,"13":151,"14":151,"15":1,"16":150,"17":3,"18":147,"19":147,"20":1,"21":146,"22":146,"23":146,"24":146,"25":1},"f":{"0":274},"b":{"0":[1,273],"1":[51,222],"2":[136,86],"3":[71,151],"4":[1,150],"5":[3,147],"6":[1,146],"7":[147,34]},"_coverageSchema":"1a1c01bbd47fc00a2c39e90264f33305004495a9","hash":"cb58aedb54a1ac4835bf62bf34d0f5531d5dbddb","contentHash":"67224562c5886b77eb71be4cfeb3c0c2d8dd4ca02f1b314a59fb7869e6a701eb"},"/Users/peternaydenov/Sites/git-code-assembly-line/src/errors.js":{"path":"/Users/peternaydenov/Sites/git-code-assembly-line/src/errors.js","statementMap":{"0":{"start":{"line":6,"column":12},"end":{"line":35,"column":3}},"1":{"start":{"line":39,"column":18},"end":{"line":46,"column":2}},"2":{"start":{"line":40,"column":15},"end":{"line":40,"column":48}},"3":{"start":{"line":41,"column":2},"end":{"line":44,"column":5}},"4":{"start":{"line":42,"column":10},"end":{"line":42,"column":56}},"5":{"start":{"line":42,"column":43},"end":{"line":42,"column":56}},"6":{"start":{"line":43,"column":10},"end":{"line":43,"column":67}},"7":{"start":{"line":43,"column":30},"end":{"line":43,"column":63}},"8":{"start":{"line":45,"column":2},"end":{"line":45,"column":15}},"9":{"start":{"line":48,"column":0},"end":{"line":48,"column":27}}},"fnMap":{"0":{"name":"(anonymous_0)","decl":{"start":{"line":39,"column":18},"end":{"line":39,"column":19}},"loc":{"start":{"line":39,"column":45},"end":{"line":46,"column":2}},"line":39},"1":{"name":"(anonymous_1)","decl":{"start":{"line":43,"column":25},"end":{"line":43,"column":26}},"loc":{"start":{"line":43,"column":30},"end":{"line":43,"column":63}},"line":43}},"branchMap":{"0":{"loc":{"start":{"line":40,"column":15},"end":{"line":40,"column":48}},"type":"binary-expr","locations":[{"start":{"line":40,"column":15},"end":{"line":40,"column":27}},{"start":{"line":40,"column":31},"end":{"line":40,"column":48}}],"line":40},"1":{"loc":{"start":{"line":41,"column":2},"end":{"line":44,"column":5}},"type":"if","locations":[{"start":{"line":41,"column":2},"end":{"line":44,"column":5}},{"start":{"line":41,"column":2},"end":{"line":44,"column":5}}],"line":41},"2":{"loc":{"start":{"line":42,"column":10},"end":{"line":42,"column":56}},"type":"if","locations":[{"start":{"line":42,"column":10},"end":{"line":42,"column":56}},{"start":{"line":42,"column":10},"end":{"line":42,"column":56}}],"line":42}},"s":{"0":1,"1":1,"2":176,"3":176,"4":18,"5":15,"6":18,"7":18,"8":176,"9":1},"f":{"0":176,"1":18},"b":{"0":[176,1],"1":[18,158],"2":[15,3]},"_coverageSchema":"1a1c01bbd47fc00a2c39e90264f33305004495a9","hash":"44d832ce71a80d5b8f52cc128fc732f2c512b848","contentHash":"95d3128b2f33f0bca3e5080599b78843fc99481131f06f99c662257697587b3e"},"/Users/peternaydenov/Sites/git-code-assembly-line/src/template-tools.js":{"path":"/Users/peternaydenov/Sites/git-code-assembly-line/src/template-tools.js","statementMap":{"0":{"start":{"line":27,"column":12},"end":{"line":97,"column":1}},"1":{"start":{"line":30,"column":14},"end":{"line":30,"column":26}},"2":{"start":{"line":31,"column":18},"end":{"line":31,"column":60}},"3":{"start":{"line":33,"column":25},"end":{"line":33,"column":27}},"4":{"start":{"line":34,"column":19},"end":{"line":34,"column":21}},"5":{"start":{"line":44,"column":4},"end":{"line":48,"column":9}},"6":{"start":{"line":45,"column":22},"end":{"line":45,"column":58}},"7":{"start":{"line":46,"column":12},"end":{"line":46,"column":29}},"8":{"start":{"line":47,"column":12},"end":{"line":47,"column":41}},"9":{"start":{"line":50,"column":21},"end":{"line":54,"column":22}},"10":{"start":{"line":55,"column":4},"end":{"line":55,"column":66}},"11":{"start":{"line":55,"column":19},"end":{"line":55,"column":66}},"12":{"start":{"line":56,"column":4},"end":{"line":56,"column":19}},"13":{"start":{"line":62,"column":2},"end":{"line":70,"column":1}},"14":{"start":{"line":63,"column":24},"end":{"line":63,"column":26}},"15":{"start":{"line":64,"column":19},"end":{"line":64,"column":69}},"16":{"start":{"line":66,"column":6},"end":{"line":67,"column":88}},"17":{"start":{"line":66,"column":30},"end":{"line":66,"column":75}},"18":{"start":{"line":67,"column":30},"end":{"line":67,"column":88}},"19":{"start":{"line":69,"column":6},"end":{"line":69,"column":24}},"20":{"start":{"line":76,"column":29},"end":{"line":76,"column":31}},"21":{"start":{"line":77,"column":23},"end":{"line":77,"column":25}},"22":{"start":{"line":79,"column":4},"end":{"line":93,"column":14}},"23":{"start":{"line":80,"column":16},"end":{"line":92,"column":20}},"24":{"start":{"line":81,"column":36},"end":{"line":81,"column":37}},"25":{"start":{"line":81,"column":45},"end":{"line":81,"column":47}},"26":{"start":{"line":82,"column":39},"end":{"line":82,"column":62}},"27":{"start":{"line":83,"column":39},"end":{"line":83,"column":65}},"28":{"start":{"line":84,"column":24},"end":{"line":84,"column":45}},"29":{"start":{"line":84,"column":36},"end":{"line":84,"column":45}},"30":{"start":{"line":85,"column":24},"end":{"line":85,"column":45}},"31":{"start":{"line":85,"column":37},"end":{"line":85,"column":45}},"32":{"start":{"line":86,"column":39},"end":{"line":86,"column":64}},"33":{"start":{"line":87,"column":24},"end":{"line":89,"column":68}},"34":{"start":{"line":87,"column":47},"end":{"line":87,"column":68}},"35":{"start":{"line":88,"column":29},"end":{"line":89,"column":68}},"36":{"start":{"line":88,"column":47},"end":{"line":88,"column":68}},"37":{"start":{"line":89,"column":29},"end":{"line":89,"column":68}},"38":{"start":{"line":89,"column":47},"end":{"line":89,"column":68}},"39":{"start":{"line":90,"column":24},"end":{"line":91,"column":96}},"40":{"start":{"line":90,"column":67},"end":{"line":90,"column":99}},"41":{"start":{"line":91,"column":67},"end":{"line":91,"column":96}},"42":{"start":{"line":94,"column":4},"end":{"line":94,"column":35}},"43":{"start":{"line":99,"column":1},"end":{"line":99,"column":11}},"44":{"start":{"line":104,"column":0},"end":{"line":104,"column":33}}},"fnMap":{"0":{"name":"getTemplateTools","decl":{"start":{"line":26,"column":9},"end":{"line":26,"column":25}},"loc":{"start":{"line":26,"column":48},"end":{"line":100,"column":1}},"line":26},"1":{"name":"(anonymous_1)","decl":{"start":{"line":29,"column":1},"end":{"line":29,"column":2}},"loc":{"start":{"line":29,"column":23},"end":{"line":57,"column":1}},"line":29},"2":{"name":"(anonymous_2)","decl":{"start":{"line":61,"column":2},"end":{"line":61,"column":3}},"loc":{"start":{"line":61,"column":49},"end":{"line":70,"column":2}},"line":61},"3":{"name":"(anonymous_3)","decl":{"start":{"line":62,"column":9},"end":{"line":62,"column":10}},"loc":{"start":{"line":62,"column":24},"end":{"line":70,"column":1}},"line":62},"4":{"name":"(anonymous_4)","decl":{"start":{"line":74,"column":2},"end":{"line":74,"column":3}},"loc":{"start":{"line":74,"column":42},"end":{"line":95,"column":1}},"line":74},"5":{"name":"(anonymous_5)","decl":{"start":{"line":79,"column":23},"end":{"line":79,"column":24}},"loc":{"start":{"line":79,"column":35},"end":{"line":93,"column":13}},"line":79}},"branchMap":{"0":{"loc":{"start":{"line":44,"column":4},"end":{"line":48,"column":9}},"type":"if","locations":[{"start":{"line":44,"column":4},"end":{"line":48,"column":9}},{"start":{"line":44,"column":4},"end":{"line":48,"column":9}}],"line":44},"1":{"loc":{"start":{"line":55,"column":4},"end":{"line":55,"column":66}},"type":"if","locations":[{"start":{"line":55,"column":4},"end":{"line":55,"column":66}},{"start":{"line":55,"column":4},"end":{"line":55,"column":66}}],"line":55},"2":{"loc":{"start":{"line":64,"column":19},"end":{"line":64,"column":69}},"type":"cond-expr","locations":[{"start":{"line":64,"column":51},"end":{"line":64,"column":59}},{"start":{"line":64,"column":62},"end":{"line":64,"column":69}}],"line":64},"3":{"loc":{"start":{"line":66,"column":6},"end":{"line":67,"column":88}},"type":"if","locations":[{"start":{"line":66,"column":6},"end":{"line":67,"column":88}},{"start":{"line":66,"column":6},"end":{"line":67,"column":88}}],"line":66},"4":{"loc":{"start":{"line":80,"column":16},"end":{"line":92,"column":20}},"type":"if","locations":[{"start":{"line":80,"column":16},"end":{"line":92,"column":20}},{"start":{"line":80,"column":16},"end":{"line":92,"column":20}}],"line":80},"5":{"loc":{"start":{"line":84,"column":24},"end":{"line":84,"column":45}},"type":"if","locations":[{"start":{"line":84,"column":24},"end":{"line":84,"column":45}},{"start":{"line":84,"column":24},"end":{"line":84,"column":45}}],"line":84},"6":{"loc":{"start":{"line":85,"column":24},"end":{"line":85,"column":45}},"type":"if","locations":[{"start":{"line":85,"column":24},"end":{"line":85,"column":45}},{"start":{"line":85,"column":24},"end":{"line":85,"column":45}}],"line":85},"7":{"loc":{"start":{"line":87,"column":24},"end":{"line":89,"column":68}},"type":"if","locations":[{"start":{"line":87,"column":24},"end":{"line":89,"column":68}},{"start":{"line":87,"column":24},"end":{"line":89,"column":68}}],"line":87},"8":{"loc":{"start":{"line":87,"column":29},"end":{"line":87,"column":44}},"type":"binary-expr","locations":[{"start":{"line":87,"column":29},"end":{"line":87,"column":35}},{"start":{"line":87,"column":39},"end":{"line":87,"column":44}}],"line":87},"9":{"loc":{"start":{"line":88,"column":29},"end":{"line":89,"column":68}},"type":"if","locations":[{"start":{"line":88,"column":29},"end":{"line":89,"column":68}},{"start":{"line":88,"column":29},"end":{"line":89,"column":68}}],"line":88},"10":{"loc":{"start":{"line":89,"column":29},"end":{"line":89,"column":68}},"type":"if","locations":[{"start":{"line":89,"column":29},"end":{"line":89,"column":68}},{"start":{"line":89,"column":29},"end":{"line":89,"column":68}}],"line":89},"11":{"loc":{"start":{"line":90,"column":24},"end":{"line":91,"column":96}},"type":"if","locations":[{"start":{"line":90,"column":24},"end":{"line":91,"column":96}},{"start":{"line":90,"column":24},"end":{"line":91,"column":96}}],"line":90}},"s":{"0":3,"1":119,"2":119,"3":119,"4":119,"5":119,"6":117,"7":117,"8":117,"9":119,"10":119,"11":2,"12":119,"13":2,"14":122,"15":122,"16":122,"17":119,"18":3,"19":122,"20":121,"21":121,"22":121,"23":349,"24":146,"25":146,"26":146,"27":146,"28":146,"29":7,"30":146,"31":4,"32":146,"33":146,"34":3,"35":143,"36":1,"37":142,"38":4,"39":146,"40":3,"41":143,"42":121,"43":3,"44":1},"f":{"0":3,"1":119,"2":2,"3":122,"4":121,"5":349},"b":{"0":[117,2],"1":[2,117],"2":[119,3],"3":[119,3],"4":[146,203],"5":[7,139],"6":[4,142],"7":[3,143],"8":[146,7],"9":[1,142],"10":[4,138],"11":[3,143]},"_coverageSchema":"1a1c01bbd47fc00a2c39e90264f33305004495a9","hash":"bfc46a67d2763ea1b79dfa5aee485f250bfefbc0","contentHash":"7a16c7fa6ae6a6f2a1fd310089654df542bc543a4d75321ddc05428be23e3efc"},"/Users/peternaydenov/Sites/git-code-assembly-line/src/index.js":{"path":"/Users/peternaydenov/Sites/git-code-assembly-line/src/index.js","statementMap":{"0":{"start":{"line":15,"column":27},"end":{"line":15,"column":61}},"1":{"start":{"line":16,"column":27},"end":{"line":16,"column":61}},"2":{"start":{"line":17,"column":27},"end":{"line":17,"column":61}},"3":{"start":{"line":18,"column":27},"end":{"line":18,"column":82}},"4":{"start":{"line":19,"column":27},"end":{"line":19,"column":76}},"5":{"start":{"line":20,"column":27},"end":{"line":20,"column":71}},"6":{"start":{"line":21,"column":27},"end":{"line":21,"column":93}},"7":{"start":{"line":22,"column":27},"end":{"line":22,"column":97}},"8":{"start":{"line":23,"column":27},"end":{"line":23,"column":82}},"9":{"start":{"line":24,"column":27},"end":{"line":24,"column":96}},"10":{"start":{"line":30,"column":27},"end":{"line":32,"column":1}},"11":{"start":{"line":37,"column":12},"end":{"line":37,"column":31}},"12":{"start":{"line":38,"column":12},"end":{"line":38,"column":31}},"13":{"start":{"line":39,"column":12},"end":{"line":39,"column":26}},"14":{"start":{"line":40,"column":12},"end":{"line":40,"column":28}},"15":{"start":{"line":42,"column":12},"end":{"line":42,"column":99}},"16":{"start":{"line":42,"column":59},"end":{"line":42,"column":97}},"17":{"start":{"line":43,"column":12},"end":{"line":43,"column":81}},"18":{"start":{"line":43,"column":24},"end":{"line":43,"column":81}},"19":{"start":{"line":43,"column":56},"end":{"line":43,"column":79}},"20":{"start":{"line":56,"column":0},"end":{"line":91,"column":1}},"21":{"start":{"line":95,"column":0},"end":{"line":95,"column":30}}},"fnMap":{"0":{"name":"codeAssembly","decl":{"start":{"line":36,"column":9},"end":{"line":36,"column":21}},"loc":{"start":{"line":36,"column":30},"end":{"line":44,"column":3}},"line":36},"1":{"name":"(anonymous_1)","decl":{"start":{"line":42,"column":54},"end":{"line":42,"column":55}},"loc":{"start":{"line":42,"column":59},"end":{"line":42,"column":97}},"line":42},"2":{"name":"(anonymous_2)","decl":{"start":{"line":43,"column":51},"end":{"line":43,"column":52}},"loc":{"start":{"line":43,"column":56},"end":{"line":43,"column":79}},"line":43}},"branchMap":{"0":{"loc":{"start":{"line":43,"column":12},"end":{"line":43,"column":81}},"type":"if","locations":[{"start":{"line":43,"column":12},"end":{"line":43,"column":81}},{"start":{"line":43,"column":12},"end":{"line":43,"column":81}}],"line":43}},"s":{"0":1,"1":1,"2":1,"3":1,"4":1,"5":1,"6":1,"7":1,"8":1,"9":1,"10":1,"11":126,"12":126,"13":126,"14":126,"15":126,"16":126,"17":126,"18":1,"19":1,"20":1,"21":1},"f":{"0":126,"1":126,"2":1},"b":{"0":[1,125]},"_coverageSchema":"1a1c01bbd47fc00a2c39e90264f33305004495a9","hash":"52664cd9ae7c6c6c603c6bc32e866ab96ca255fa","contentHash":"9193e46fa37a8d753bf3447bfd11b9c1cdffc0f0e5f838a62e8a82fe9009e957"},"/Users/peternaydenov/Sites/git-code-assembly-line/src/general-tools.js":{"path":"/Users/peternaydenov/Sites/git-code-assembly-line/src/general-tools.js","statementMap":{"0":{"start":{"line":3,"column":14},"end":{"line":20,"column":1}},"1":{"start":{"line":9,"column":27},"end":{"line":9,"column":46}},"2":{"start":{"line":10,"column":25},"end":{"line":10,"column":47}},"3":{"start":{"line":13,"column":4},"end":{"line":17,"column":17}},"4":{"start":{"line":14,"column":20},"end":{"line":15,"column":81}},"5":{"start":{"line":14,"column":52},"end":{"line":14,"column":81}},"6":{"start":{"line":15,"column":52},"end":{"line":15,"column":81}},"7":{"start":{"line":16,"column":20},"end":{"line":16,"column":30}},"8":{"start":{"line":22,"column":0},"end":{"line":22,"column":22}}},"fnMap":{"0":{"name":"(anonymous_0)","decl":{"start":{"line":5,"column":17},"end":{"line":5,"column":18}},"loc":{"start":{"line":5,"column":42},"end":{"line":18,"column":1}},"line":5},"1":{"name":"(anonymous_1)","decl":{"start":{"line":13,"column":33},"end":{"line":13,"column":34}},"loc":{"start":{"line":13,"column":46},"end":{"line":17,"column":13}},"line":13}},"branchMap":{"0":{"loc":{"start":{"line":14,"column":20},"end":{"line":15,"column":81}},"type":"if","locations":[{"start":{"line":14,"column":20},"end":{"line":15,"column":81}},{"start":{"line":14,"column":20},"end":{"line":15,"column":81}}],"line":14}},"s":{"0":1,"1":1,"2":1,"3":1,"4":2,"5":1,"6":1,"7":2,"8":1},"f":{"0":1,"1":2},"b":{"0":[1,1]},"_coverageSchema":"1a1c01bbd47fc00a2c39e90264f33305004495a9","hash":"54ad197cf5dc8e6795c94c7790eb7ded33b39bcf","contentHash":"d99f72bc38b882a48fde6f54081cc2c6b3d9907e1ef8832cb5fb7a63a42a5ff7"},"/Users/peternaydenov/Sites/git-code-assembly-line/src/help.js":{"path":"/Users/peternaydenov/Sites/git-code-assembly-line/src/help.js","statementMap":{"0":{"start":{"line":9,"column":13},"end":{"line":98,"column":5}},"1":{"start":{"line":15,"column":27},"end":{"line":15,"column":29}},"2":{"start":{"line":17,"column":40},"end":{"line":17,"column":87}},"3":{"start":{"line":18,"column":35},"end":{"line":18,"column":64}},"4":{"start":{"line":21,"column":14},"end":{"line":21,"column":104}},"5":{"start":{"line":21,"column":59},"end":{"line":21,"column":104}},"6":{"start":{"line":23,"column":14},"end":{"line":35,"column":19}},"7":{"start":{"line":23,"column":38},"end":{"line":23,"column":97}},"8":{"start":{"line":25,"column":22},"end":{"line":34,"column":40}},"9":{"start":{"line":27,"column":46},"end":{"line":27,"column":115}},"10":{"start":{"line":27,"column":84},"end":{"line":27,"column":115}},"11":{"start":{"line":28,"column":46},"end":{"line":28,"column":66}},"12":{"start":{"line":31,"column":58},"end":{"line":31,"column":80}},"13":{"start":{"line":32,"column":46},"end":{"line":32,"column":116}},"14":{"start":{"line":32,"column":76},"end":{"line":32,"column":116}},"15":{"start":{"line":33,"column":46},"end":{"line":33,"column":129}},"16":{"start":{"line":33,"column":76},"end":{"line":33,"column":129}},"17":{"start":{"line":36,"column":14},"end":{"line":36,"column":27}},"18":{"start":{"line":43,"column":31},"end":{"line":43,"column":90}},"19":{"start":{"line":43,"column":68},"end":{"line":43,"column":86}},"20":{"start":{"line":44,"column":27},"end":{"line":44,"column":29}},"21":{"start":{"line":46,"column":14},"end":{"line":62,"column":19}},"22":{"start":{"line":46,"column":33},"end":{"line":58,"column":53}},"23":{"start":{"line":47,"column":54},"end":{"line":56,"column":64}},"24":{"start":{"line":48,"column":77},"end":{"line":48,"column":103}},"25":{"start":{"line":51,"column":87},"end":{"line":51,"column":104}},"26":{"start":{"line":52,"column":81},"end":{"line":52,"column":108}},"27":{"start":{"line":55,"column":68},"end":{"line":55,"column":103}},"28":{"start":{"line":57,"column":54},"end":{"line":57,"column":64}},"29":{"start":{"line":60,"column":49},"end":{"line":60,"column":68}},"30":{"start":{"line":61,"column":32},"end":{"line":61,"column":100}},"31":{"start":{"line":61,"column":59},"end":{"line":61,"column":96}},"32":{"start":{"line":63,"column":14},"end":{"line":63,"column":27}},"33":{"start":{"line":70,"column":29},"end":{"line":70,"column":57}},"34":{"start":{"line":71,"column":28},"end":{"line":71,"column":33}},"35":{"start":{"line":73,"column":14},"end":{"line":77,"column":19}},"36":{"start":{"line":74,"column":41},"end":{"line":74,"column":55}},"37":{"start":{"line":75,"column":22},"end":{"line":75,"column":31}},"38":{"start":{"line":76,"column":22},"end":{"line":76,"column":32}},"39":{"start":{"line":79,"column":14},"end":{"line":86,"column":19}},"40":{"start":{"line":80,"column":37},"end":{"line":80,"column":46}},"41":{"start":{"line":81,"column":37},"end":{"line":81,"column":40}},"42":{"start":{"line":82,"column":22},"end":{"line":82,"column":63}},"43":{"start":{"line":82,"column":37},"end":{"line":82,"column":63}},"44":{"start":{"line":83,"column":22},"end":{"line":83,"column":66}},"45":{"start":{"line":83,"column":58},"end":{"line":83,"column":66}},"46":{"start":{"line":84,"column":22},"end":{"line":85,"column":56}},"47":{"start":{"line":84,"column":58},"end":{"line":84,"column":80}},"48":{"start":{"line":85,"column":27},"end":{"line":85,"column":56}},"49":{"start":{"line":88,"column":14},"end":{"line":88,"column":90}},"50":{"start":{"line":88,"column":43},"end":{"line":88,"column":90}},"51":{"start":{"line":89,"column":14},"end":{"line":89,"column":27}},"52":{"start":{"line":95,"column":14},"end":{"line":95,"column":66}},"53":{"start":{"line":99,"column":4},"end":{"line":99,"column":15}},"54":{"start":{"line":104,"column":0},"end":{"line":104,"column":27}}},"fnMap":{"0":{"name":"getHelpLib","decl":{"start":{"line":7,"column":9},"end":{"line":7,"column":19}},"loc":{"start":{"line":7,"column":36},"end":{"line":100,"column":3}},"line":7},"1":{"name":"(anonymous_1)","decl":{"start":{"line":13,"column":4},"end":{"line":13,"column":5}},"loc":{"start":{"line":13,"column":45},"end":{"line":37,"column":9}},"line":13},"2":{"name":"(anonymous_2)","decl":{"start":{"line":26,"column":36},"end":{"line":26,"column":37}},"loc":{"start":{"line":26,"column":61},"end":{"line":29,"column":39}},"line":26},"3":{"name":"(anonymous_3)","decl":{"start":{"line":30,"column":37},"end":{"line":30,"column":38}},"loc":{"start":{"line":30,"column":45},"end":{"line":34,"column":39}},"line":30},"4":{"name":"(anonymous_4)","decl":{"start":{"line":41,"column":5},"end":{"line":41,"column":6}},"loc":{"start":{"line":41,"column":36},"end":{"line":64,"column":9}},"line":41},"5":{"name":"(anonymous_5)","decl":{"start":{"line":43,"column":60},"end":{"line":43,"column":61}},"loc":{"start":{"line":43,"column":68},"end":{"line":43,"column":86}},"line":43},"6":{"name":"(anonymous_6)","decl":{"start":{"line":46,"column":61},"end":{"line":46,"column":62}},"loc":{"start":{"line":46,"column":80},"end":{"line":58,"column":49}},"line":46},"7":{"name":"(anonymous_7)","decl":{"start":{"line":48,"column":69},"end":{"line":48,"column":70}},"loc":{"start":{"line":48,"column":77},"end":{"line":48,"column":103}},"line":48},"8":{"name":"(anonymous_8)","decl":{"start":{"line":49,"column":69},"end":{"line":49,"column":70}},"loc":{"start":{"line":49,"column":77},"end":{"line":56,"column":63}},"line":49},"9":{"name":"(anonymous_9)","decl":{"start":{"line":61,"column":51},"end":{"line":61,"column":52}},"loc":{"start":{"line":61,"column":59},"end":{"line":61,"column":96}},"line":61},"10":{"name":"(anonymous_10)","decl":{"start":{"line":68,"column":5},"end":{"line":68,"column":6}},"loc":{"start":{"line":68,"column":46},"end":{"line":90,"column":9}},"line":68},"11":{"name":"(anonymous_11)","decl":{"start":{"line":94,"column":5},"end":{"line":94,"column":6}},"loc":{"start":{"line":94,"column":28},"end":{"line":96,"column":9}},"line":94}},"branchMap":{"0":{"loc":{"start":{"line":21,"column":14},"end":{"line":21,"column":104}},"type":"if","locations":[{"start":{"line":21,"column":14},"end":{"line":21,"column":104}},{"start":{"line":21,"column":14},"end":{"line":21,"column":104}}],"line":21},"1":{"loc":{"start":{"line":21,"column":19},"end":{"line":21,"column":56}},"type":"binary-expr","locations":[{"start":{"line":21,"column":19},"end":{"line":21,"column":32}},{"start":{"line":21,"column":36},"end":{"line":21,"column":56}}],"line":21},"2":{"loc":{"start":{"line":23,"column":14},"end":{"line":35,"column":19}},"type":"if","locations":[{"start":{"line":23,"column":14},"end":{"line":35,"column":19}},{"start":{"line":23,"column":14},"end":{"line":35,"column":19}}],"line":23},"3":{"loc":{"start":{"line":27,"column":46},"end":{"line":27,"column":115}},"type":"if","locations":[{"start":{"line":27,"column":46},"end":{"line":27,"column":115}},{"start":{"line":27,"column":46},"end":{"line":27,"column":115}}],"line":27},"4":{"loc":{"start":{"line":27,"column":51},"end":{"line":27,"column":80}},"type":"binary-expr","locations":[{"start":{"line":27,"column":51},"end":{"line":27,"column":68}},{"start":{"line":27,"column":72},"end":{"line":27,"column":80}}],"line":27},"5":{"loc":{"start":{"line":32,"column":46},"end":{"line":32,"column":116}},"type":"if","locations":[{"start":{"line":32,"column":46},"end":{"line":32,"column":116}},{"start":{"line":32,"column":46},"end":{"line":32,"column":116}}],"line":32},"6":{"loc":{"start":{"line":32,"column":51},"end":{"line":32,"column":71}},"type":"binary-expr","locations":[{"start":{"line":32,"column":51},"end":{"line":32,"column":54}},{"start":{"line":32,"column":58},"end":{"line":32,"column":71}}],"line":32},"7":{"loc":{"start":{"line":33,"column":46},"end":{"line":33,"column":129}},"type":"if","locations":[{"start":{"line":33,"column":46},"end":{"line":33,"column":129}},{"start":{"line":33,"column":46},"end":{"line":33,"column":129}}],"line":33},"8":{"loc":{"start":{"line":46,"column":14},"end":{"line":62,"column":19}},"type":"if","locations":[{"start":{"line":46,"column":14},"end":{"line":62,"column":19}},{"start":{"line":46,"column":14},"end":{"line":62,"column":19}}],"line":46},"9":{"loc":{"start":{"line":68,"column":22},"end":{"line":68,"column":32}},"type":"default-arg","locations":[{"start":{"line":68,"column":30},"end":{"line":68,"column":32}}],"line":68},"10":{"loc":{"start":{"line":68,"column":34},"end":{"line":68,"column":43}},"type":"default-arg","locations":[{"start":{"line":68,"column":41},"end":{"line":68,"column":43}}],"line":68},"11":{"loc":{"start":{"line":73,"column":14},"end":{"line":77,"column":19}},"type":"if","locations":[{"start":{"line":73,"column":14},"end":{"line":77,"column":19}},{"start":{"line":73,"column":14},"end":{"line":77,"column":19}}],"line":73},"12":{"loc":{"start":{"line":82,"column":22},"end":{"line":82,"column":63}},"type":"if","locations":[{"start":{"line":82,"column":22},"end":{"line":82,"column":63}},{"start":{"line":82,"column":22},"end":{"line":82,"column":63}}],"line":82},"13":{"loc":{"start":{"line":83,"column":22},"end":{"line":83,"column":66}},"type":"if","locations":[{"start":{"line":83,"column":22},"end":{"line":83,"column":66}},{"start":{"line":83,"column":22},"end":{"line":83,"column":66}}],"line":83},"14":{"loc":{"start":{"line":84,"column":22},"end":{"line":85,"column":56}},"type":"if","locations":[{"start":{"line":84,"column":22},"end":{"line":85,"column":56}},{"start":{"line":84,"column":22},"end":{"line":85,"column":56}}],"line":84},"15":{"loc":{"start":{"line":88,"column":14},"end":{"line":88,"column":90}},"type":"if","locations":[{"start":{"line":88,"column":14},"end":{"line":88,"column":90}},{"start":{"line":88,"column":14},"end":{"line":88,"column":90}}],"line":88},"16":{"loc":{"start":{"line":95,"column":21},"end":{"line":95,"column":65}},"type":"cond-expr","locations":[{"start":{"line":95,"column":53},"end":{"line":95,"column":58}},{"start":{"line":95,"column":61},"end":{"line":95,"column":65}}],"line":95}},"s":{"0":2,"1":86,"2":86,"3":86,"4":86,"5":1,"6":86,"7":3,"8":83,"9":139,"10":65,"11":139,"12":65,"13":65,"14":1,"15":65,"16":1,"17":86,"18":3,"19":9,"20":3,"21":3,"22":2,"23":2,"24":4,"25":4,"26":4,"27":4,"28":2,"29":1,"30":1,"31":3,"32":3,"33":222,"34":222,"35":222,"36":16,"37":16,"38":16,"39":222,"40":329,"41":329,"42":329,"43":38,"44":329,"45":1,"46":328,"47":312,"48":16,"49":222,"50":16,"51":206,"52":328,"53":2,"54":1},"f":{"0":2,"1":86,"2":139,"3":65,"4":3,"5":9,"6":2,"7":4,"8":4,"9":3,"10":222,"11":328},"b":{"0":[1,85],"1":[86,83],"2":[3,83],"3":[65,74],"4":[139,65],"5":[1,64],"6":[65,64],"7":[1,64],"8":[2,1],"9":[206],"10":[206],"11":[16,206],"12":[38,291],"13":[1,328],"14":[312,16],"15":[16,206],"16":[16,312]},"_coverageSchema":"1a1c01bbd47fc00a2c39e90264f33305004495a9","hash":"ab2e293971f8b5fae28c0bc5ddc5230097094315","contentHash":"fffb93cea2ffeb6a94ddf86a4781b3d6aa9bf7677252884b037974c659012029"},"/Users/peternaydenov/Sites/git-code-assembly-line/src/process-operations.js":{"path":"/Users/peternaydenov/Sites/git-code-assembly-line/src/process-operations.js","statementMap":{"0":{"start":{"line":21,"column":12},"end":{"line":438,"column":1}},"1":{"start":{"line":46,"column":88},"end":{"line":46,"column":94}},"2":{"start":{"line":47,"column":19},"end":{"line":47,"column":21}},"3":{"start":{"line":49,"column":4},"end":{"line":146,"column":10}},"4":{"start":{"line":51,"column":32},"end":{"line":51,"column":53}},"5":{"start":{"line":52,"column":29},"end":{"line":52,"column":52}},"6":{"start":{"line":55,"column":28},"end":{"line":55,"column":58}},"7":{"start":{"line":56,"column":31},"end":{"line":56,"column":74}},"8":{"start":{"line":57,"column":31},"end":{"line":57,"column":46}},"9":{"start":{"line":58,"column":36},"end":{"line":58,"column":38}},"10":{"start":{"line":59,"column":35},"end":{"line":59,"column":37}},"11":{"start":{"line":61,"column":16},"end":{"line":69,"column":20}},"12":{"start":{"line":62,"column":47},"end":{"line":62,"column":65}},"13":{"start":{"line":63,"column":28},"end":{"line":63,"column":93}},"14":{"start":{"line":64,"column":28},"end":{"line":64,"column":93}},"15":{"start":{"line":65,"column":41},"end":{"line":65,"column":95}},"16":{"start":{"line":66,"column":28},"end":{"line":67,"column":62}},"17":{"start":{"line":66,"column":42},"end":{"line":66,"column":96}},"18":{"start":{"line":67,"column":42},"end":{"line":67,"column":62}},"19":{"start":{"line":68,"column":28},"end":{"line":68,"column":50}},"20":{"start":{"line":71,"column":16},"end":{"line":77,"column":19}},"21":{"start":{"line":72,"column":44},"end":{"line":72,"column":60}},"22":{"start":{"line":73,"column":24},"end":{"line":73,"column":91}},"23":{"start":{"line":74,"column":24},"end":{"line":74,"column":91}},"24":{"start":{"line":75,"column":24},"end":{"line":75,"column":118}},"25":{"start":{"line":75,"column":58},"end":{"line":75,"column":116}},"26":{"start":{"line":76,"column":24},"end":{"line":76,"column":47}},"27":{"start":{"line":79,"column":16},"end":{"line":87,"column":23}},"28":{"start":{"line":80,"column":46},"end":{"line":80,"column":55}},"29":{"start":{"line":81,"column":28},"end":{"line":81,"column":81}},"30":{"start":{"line":82,"column":28},"end":{"line":82,"column":81}},"31":{"start":{"line":83,"column":28},"end":{"line":86,"column":32}},"32":{"start":{"line":84,"column":36},"end":{"line":84,"column":127}},"33":{"start":{"line":84,"column":69},"end":{"line":84,"column":127}},"34":{"start":{"line":85,"column":36},"end":{"line":85,"column":52}},"35":{"start":{"line":89,"column":40},"end":{"line":89,"column":62}},"36":{"start":{"line":90,"column":40},"end":{"line":90,"column":60}},"37":{"start":{"line":93,"column":16},"end":{"line":103,"column":17}},"38":{"start":{"line":94,"column":22},"end":{"line":102,"column":26}},"39":{"start":{"line":95,"column":28},"end":{"line":101,"column":33}},"40":{"start":{"line":96,"column":57},"end":{"line":96,"column":77}},"41":{"start":{"line":97,"column":44},"end":{"line":97,"column":117}},"42":{"start":{"line":98,"column":44},"end":{"line":98,"column":117}},"43":{"start":{"line":99,"column":44},"end":{"line":99,"column":137}},"44":{"start":{"line":99,"column":67},"end":{"line":99,"column":132}},"45":{"start":{"line":100,"column":44},"end":{"line":100,"column":70}},"46":{"start":{"line":105,"column":16},"end":{"line":105,"column":50}},"47":{"start":{"line":106,"column":16},"end":{"line":106,"column":56}},"48":{"start":{"line":107,"column":16},"end":{"line":127,"column":20}},"49":{"start":{"line":109,"column":28},"end":{"line":109,"column":105}},"50":{"start":{"line":109,"column":86},"end":{"line":109,"column":105}},"51":{"start":{"line":110,"column":28},"end":{"line":122,"column":33}},"52":{"start":{"line":112,"column":52},"end":{"line":112,"column":76}},"53":{"start":{"line":113,"column":52},"end":{"line":113,"column":57}},"54":{"start":{"line":115,"column":52},"end":{"line":115,"column":78}},"55":{"start":{"line":115,"column":76},"end":{"line":115,"column":78}},"56":{"start":{"line":116,"column":52},"end":{"line":116,"column":57}},"57":{"start":{"line":118,"column":52},"end":{"line":118,"column":82}},"58":{"start":{"line":118,"column":79},"end":{"line":118,"column":82}},"59":{"start":{"line":119,"column":52},"end":{"line":119,"column":57}},"60":{"start":{"line":121,"column":52},"end":{"line":121,"column":85}},"61":{"start":{"line":121,"column":76},"end":{"line":121,"column":85}},"62":{"start":{"line":123,"column":28},"end":{"line":126,"column":33}},"63":{"start":{"line":124,"column":61},"end":{"line":124,"column":77}},"64":{"start":{"line":125,"column":48},"end":{"line":125,"column":110}},"65":{"start":{"line":125,"column":69},"end":{"line":125,"column":104}},"66":{"start":{"line":129,"column":16},"end":{"line":143,"column":21}},"67":{"start":{"line":131,"column":28},"end":{"line":131,"column":109}},"68":{"start":{"line":131,"column":91},"end":{"line":131,"column":109}},"69":{"start":{"line":132,"column":28},"end":{"line":141,"column":33}},"70":{"start":{"line":134,"column":46},"end":{"line":134,"column":81}},"71":{"start":{"line":134,"column":70},"end":{"line":134,"column":81}},"72":{"start":{"line":135,"column":46},"end":{"line":135,"column":51}},"73":{"start":{"line":137,"column":46},"end":{"line":137,"column":72}},"74":{"start":{"line":137,"column":70},"end":{"line":137,"column":72}},"75":{"start":{"line":138,"column":46},"end":{"line":138,"column":51}},"76":{"start":{"line":140,"column":46},"end":{"line":140,"column":81}},"77":{"start":{"line":140,"column":69},"end":{"line":140,"column":81}},"78":{"start":{"line":142,"column":28},"end":{"line":142,"column":59}},"79":{"start":{"line":145,"column":16},"end":{"line":145,"column":68}},"80":{"start":{"line":145,"column":40},"end":{"line":145,"column":68}},"81":{"start":{"line":147,"column":4},"end":{"line":147,"column":17}},"82":{"start":{"line":157,"column":20},"end":{"line":157,"column":22}},"83":{"start":{"line":158,"column":20},"end":{"line":158,"column":40}},"84":{"start":{"line":160,"column":18},"end":{"line":160,"column":20}},"85":{"start":{"line":162,"column":2},"end":{"line":181,"column":9}},"86":{"start":{"line":163,"column":10},"end":{"line":163,"column":54}},"87":{"start":{"line":163,"column":46},"end":{"line":163,"column":54}},"88":{"start":{"line":164,"column":10},"end":{"line":168,"column":15}},"89":{"start":{"line":165,"column":46},"end":{"line":165,"column":79}},"90":{"start":{"line":166,"column":46},"end":{"line":166,"column":83}},"91":{"start":{"line":167,"column":46},"end":{"line":167,"column":54}},"92":{"start":{"line":169,"column":10},"end":{"line":172,"column":14}},"93":{"start":{"line":170,"column":46},"end":{"line":170,"column":85}},"94":{"start":{"line":171,"column":46},"end":{"line":171,"column":54}},"95":{"start":{"line":173,"column":10},"end":{"line":176,"column":14}},"96":{"start":{"line":174,"column":46},"end":{"line":174,"column":87}},"97":{"start":{"line":175,"column":46},"end":{"line":175,"column":54}},"98":{"start":{"line":177,"column":10},"end":{"line":180,"column":14}},"99":{"start":{"line":178,"column":46},"end":{"line":178,"column":87}},"100":{"start":{"line":179,"column":46},"end":{"line":179,"column":78}},"101":{"start":{"line":183,"column":2},"end":{"line":187,"column":20}},"102":{"start":{"line":184,"column":40},"end":{"line":184,"column":85}},"103":{"start":{"line":184,"column":62},"end":{"line":184,"column":85}},"104":{"start":{"line":185,"column":40},"end":{"line":185,"column":84}},"105":{"start":{"line":185,"column":62},"end":{"line":185,"column":84}},"106":{"start":{"line":186,"column":40},"end":{"line":186,"column":50}},"107":{"start":{"line":195,"column":4},"end":{"line":195,"column":32}},"108":{"start":{"line":195,"column":29},"end":{"line":195,"column":30}},"109":{"start":{"line":203,"column":20},"end":{"line":203,"column":29}},"110":{"start":{"line":204,"column":20},"end":{"line":204,"column":54}},"111":{"start":{"line":205,"column":25},"end":{"line":205,"column":27}},"112":{"start":{"line":208,"column":2},"end":{"line":211,"column":6}},"113":{"start":{"line":209,"column":18},"end":{"line":209,"column":37}},"114":{"start":{"line":210,"column":8},"end":{"line":210,"column":49}},"115":{"start":{"line":213,"column":2},"end":{"line":213,"column":21}},"116":{"start":{"line":220,"column":4},"end":{"line":220,"column":35}},"117":{"start":{"line":228,"column":17},"end":{"line":228,"column":24}},"118":{"start":{"line":229,"column":19},"end":{"line":234,"column":29}},"119":{"start":{"line":230,"column":42},"end":{"line":230,"column":44}},"120":{"start":{"line":231,"column":32},"end":{"line":231,"column":48}},"121":{"start":{"line":232,"column":32},"end":{"line":232,"column":48}},"122":{"start":{"line":233,"column":32},"end":{"line":233,"column":42}},"123":{"start":{"line":235,"column":4},"end":{"line":235,"column":17}},"124":{"start":{"line":243,"column":19},"end":{"line":243,"column":28}},"125":{"start":{"line":244,"column":19},"end":{"line":244,"column":42}},"126":{"start":{"line":245,"column":21},"end":{"line":245,"column":73}},"127":{"start":{"line":247,"column":15},"end":{"line":247,"column":74}},"128":{"start":{"line":247,"column":40},"end":{"line":247,"column":70}},"129":{"start":{"line":248,"column":2},"end":{"line":258,"column":6}},"130":{"start":{"line":249,"column":25},"end":{"line":249,"column":35}},"131":{"start":{"line":250,"column":25},"end":{"line":250,"column":46}},"132":{"start":{"line":251,"column":21},"end":{"line":251,"column":23}},"133":{"start":{"line":252,"column":8},"end":{"line":256,"column":14}},"134":{"start":{"line":253,"column":32},"end":{"line":253,"column":43}},"135":{"start":{"line":254,"column":20},"end":{"line":254,"column":58}},"136":{"start":{"line":254,"column":44},"end":{"line":254,"column":58}},"137":{"start":{"line":255,"column":20},"end":{"line":255,"column":37}},"138":{"start":{"line":257,"column":8},"end":{"line":257,"column":27}},"139":{"start":{"line":259,"column":2},"end":{"line":259,"column":15}},"140":{"start":{"line":266,"column":17},"end":{"line":266,"column":19}},"141":{"start":{"line":267,"column":4},"end":{"line":270,"column":8}},"142":{"start":{"line":268,"column":9},"end":{"line":268,"column":46}},"143":{"start":{"line":269,"column":9},"end":{"line":269,"column":22}},"144":{"start":{"line":272,"column":4},"end":{"line":272,"column":51}},"145":{"start":{"line":272,"column":36},"end":{"line":272,"column":51}},"146":{"start":{"line":274,"column":4},"end":{"line":290,"column":10}},"147":{"start":{"line":275,"column":12},"end":{"line":278,"column":15}},"148":{"start":{"line":276,"column":17},"end":{"line":276,"column":51}},"149":{"start":{"line":277,"column":17},"end":{"line":277,"column":30}},"150":{"start":{"line":279,"column":12},"end":{"line":289,"column":16}},"151":{"start":{"line":281,"column":30},"end":{"line":281,"column":44}},"152":{"start":{"line":282,"column":30},"end":{"line":282,"column":36}},"153":{"start":{"line":284,"column":30},"end":{"line":284,"column":51}},"154":{"start":{"line":285,"column":30},"end":{"line":285,"column":35}},"155":{"start":{"line":287,"column":30},"end":{"line":288,"column":57}},"156":{"start":{"line":287,"column":40},"end":{"line":287,"column":64}},"157":{"start":{"line":288,"column":40},"end":{"line":288,"column":57}},"158":{"start":{"line":291,"column":4},"end":{"line":291,"column":17}},"159":{"start":{"line":297,"column":17},"end":{"line":297,"column":19}},"160":{"start":{"line":298,"column":4},"end":{"line":298,"column":49}},"161":{"start":{"line":298,"column":16},"end":{"line":298,"column":17}},"162":{"start":{"line":298,"column":35},"end":{"line":298,"column":49}},"163":{"start":{"line":299,"column":4},"end":{"line":299,"column":17}},"164":{"start":{"line":307,"column":19},"end":{"line":307,"column":28}},"165":{"start":{"line":308,"column":19},"end":{"line":308,"column":42}},"166":{"start":{"line":309,"column":25},"end":{"line":309,"column":77}},"167":{"start":{"line":311,"column":15},"end":{"line":311,"column":74}},"168":{"start":{"line":311,"column":40},"end":{"line":311,"column":70}},"169":{"start":{"line":312,"column":2},"end":{"line":321,"column":6}},"170":{"start":{"line":313,"column":25},"end":{"line":313,"column":35}},"171":{"start":{"line":314,"column":25},"end":{"line":314,"column":46}},"172":{"start":{"line":315,"column":21},"end":{"line":319,"column":30}},"173":{"start":{"line":316,"column":32},"end":{"line":317,"column":105}},"174":{"start":{"line":316,"column":52},"end":{"line":316,"column":71}},"175":{"start":{"line":317,"column":52},"end":{"line":317,"column":105}},"176":{"start":{"line":318,"column":32},"end":{"line":318,"column":42}},"177":{"start":{"line":320,"column":8},"end":{"line":320,"column":54}},"178":{"start":{"line":322,"column":2},"end":{"line":322,"column":15}},"179":{"start":{"line":329,"column":22},"end":{"line":329,"column":27}},"180":{"start":{"line":333,"column":4},"end":{"line":333,"column":57}},"181":{"start":{"line":333,"column":41},"end":{"line":333,"column":57}},"182":{"start":{"line":334,"column":4},"end":{"line":335,"column":40}},"183":{"start":{"line":334,"column":23},"end":{"line":334,"column":44}},"184":{"start":{"line":335,"column":23},"end":{"line":335,"column":40}},"185":{"start":{"line":337,"column":4},"end":{"line":337,"column":48}},"186":{"start":{"line":345,"column":19},"end":{"line":345,"column":28}},"187":{"start":{"line":346,"column":19},"end":{"line":346,"column":42}},"188":{"start":{"line":347,"column":21},"end":{"line":347,"column":73}},"189":{"start":{"line":348,"column":18},"end":{"line":348,"column":66}},"190":{"start":{"line":348,"column":39},"end":{"line":348,"column":64}},"191":{"start":{"line":351,"column":4},"end":{"line":357,"column":9}},"192":{"start":{"line":352,"column":4},"end":{"line":356,"column":9}},"193":{"start":{"line":353,"column":30},"end":{"line":353,"column":51}},"194":{"start":{"line":354,"column":30},"end":{"line":354,"column":40}},"195":{"start":{"line":355,"column":12},"end":{"line":355,"column":47}},"196":{"start":{"line":359,"column":4},"end":{"line":359,"column":17}},"197":{"start":{"line":367,"column":16},"end":{"line":367,"column":25}},"198":{"start":{"line":368,"column":21},"end":{"line":368,"column":73}},"199":{"start":{"line":369,"column":18},"end":{"line":369,"column":67}},"200":{"start":{"line":369,"column":39},"end":{"line":369,"column":65}},"201":{"start":{"line":372,"column":4},"end":{"line":376,"column":9}},"202":{"start":{"line":373,"column":4},"end":{"line":375,"column":9}},"203":{"start":{"line":374,"column":16},"end":{"line":374,"column":44}},"204":{"start":{"line":377,"column":4},"end":{"line":377,"column":17}},"205":{"start":{"line":384,"column":22},"end":{"line":384,"column":26}},"206":{"start":{"line":385,"column":4},"end":{"line":385,"column":26}},"207":{"start":{"line":385,"column":15},"end":{"line":385,"column":26}},"208":{"start":{"line":386,"column":4},"end":{"line":386,"column":53}},"209":{"start":{"line":391,"column":31},"end":{"line":391,"column":58}},"210":{"start":{"line":397,"column":2},"end":{"line":436,"column":2}},"211":{"start":{"line":399,"column":16},"end":{"line":399,"column":23}},"212":{"start":{"line":400,"column":22},"end":{"line":400,"column":48}},"213":{"start":{"line":401,"column":18},"end":{"line":401,"column":35}},"214":{"start":{"line":403,"column":4},"end":{"line":435,"column":11}},"215":{"start":{"line":406,"column":44},"end":{"line":406,"column":101}},"216":{"start":{"line":407,"column":44},"end":{"line":407,"column":55}},"217":{"start":{"line":408,"column":44},"end":{"line":408,"column":58}},"218":{"start":{"line":409,"column":44},"end":{"line":409,"column":57}},"219":{"start":{"line":410,"column":44},"end":{"line":410,"column":49}},"220":{"start":{"line":412,"column":27},"end":{"line":415,"column":31}},"221":{"start":{"line":413,"column":38},"end":{"line":413,"column":156}},"222":{"start":{"line":414,"column":38},"end":{"line":414,"column":49}},"223":{"start":{"line":416,"column":26},"end":{"line":416,"column":104}},"224":{"start":{"line":418,"column":28},"end":{"line":421,"column":31}},"225":{"start":{"line":419,"column":38},"end":{"line":419,"column":159}},"226":{"start":{"line":420,"column":38},"end":{"line":420,"column":49}},"227":{"start":{"line":422,"column":28},"end":{"line":422,"column":58}},"228":{"start":{"line":424,"column":28},"end":{"line":427,"column":31}},"229":{"start":{"line":425,"column":38},"end":{"line":425,"column":138}},"230":{"start":{"line":426,"column":38},"end":{"line":426,"column":49}},"231":{"start":{"line":428,"column":28},"end":{"line":428,"column":59}},"232":{"start":{"line":430,"column":28},"end":{"line":433,"column":31}},"233":{"start":{"line":431,"column":38},"end":{"line":431,"column":119}},"234":{"start":{"line":432,"column":38},"end":{"line":432,"column":49}},"235":{"start":{"line":434,"column":28},"end":{"line":434,"column":58}},"236":{"start":{"line":440,"column":0},"end":{"line":440,"column":10}},"237":{"start":{"line":445,"column":0},"end":{"line":445,"column":37}}},"fnMap":{"0":{"name":"getProcessOperations","decl":{"start":{"line":19,"column":9},"end":{"line":19,"column":29}},"loc":{"start":{"line":19,"column":40},"end":{"line":441,"column":1}},"line":19},"1":{"name":"(anonymous_1)","decl":{"start":{"line":23,"column":2},"end":{"line":23,"column":3}},"loc":{"start":{"line":23,"column":18},"end":{"line":148,"column":3}},"line":23},"2":{"name":"(anonymous_2)","decl":{"start":{"line":49,"column":19},"end":{"line":49,"column":20}},"loc":{"start":{"line":49,"column":36},"end":{"line":146,"column":9}},"line":49},"3":{"name":"(anonymous_3)","decl":{"start":{"line":75,"column":46},"end":{"line":75,"column":47}},"loc":{"start":{"line":75,"column":58},"end":{"line":75,"column":116}},"line":75},"4":{"name":"(anonymous_4)","decl":{"start":{"line":79,"column":31},"end":{"line":79,"column":32}},"loc":{"start":{"line":79,"column":36},"end":{"line":87,"column":22}},"line":79},"5":{"name":"(anonymous_5)","decl":{"start":{"line":99,"column":59},"end":{"line":99,"column":60}},"loc":{"start":{"line":99,"column":67},"end":{"line":99,"column":132}},"line":99},"6":{"name":"(anonymous_6)","decl":{"start":{"line":115,"column":70},"end":{"line":115,"column":71}},"loc":{"start":{"line":115,"column":76},"end":{"line":115,"column":78}},"line":115},"7":{"name":"(anonymous_7)","decl":{"start":{"line":118,"column":70},"end":{"line":118,"column":71}},"loc":{"start":{"line":118,"column":79},"end":{"line":118,"column":82}},"line":118},"8":{"name":"(anonymous_8)","decl":{"start":{"line":121,"column":70},"end":{"line":121,"column":71}},"loc":{"start":{"line":121,"column":76},"end":{"line":121,"column":85}},"line":121},"9":{"name":"(anonymous_9)","decl":{"start":{"line":125,"column":63},"end":{"line":125,"column":64}},"loc":{"start":{"line":125,"column":69},"end":{"line":125,"column":104}},"line":125},"10":{"name":"(anonymous_10)","decl":{"start":{"line":134,"column":63},"end":{"line":134,"column":64}},"loc":{"start":{"line":134,"column":70},"end":{"line":134,"column":81}},"line":134},"11":{"name":"(anonymous_11)","decl":{"start":{"line":137,"column":64},"end":{"line":137,"column":65}},"loc":{"start":{"line":137,"column":70},"end":{"line":137,"column":72}},"line":137},"12":{"name":"(anonymous_12)","decl":{"start":{"line":140,"column":63},"end":{"line":140,"column":64}},"loc":{"start":{"line":140,"column":69},"end":{"line":140,"column":81}},"line":140},"13":{"name":"(anonymous_13)","decl":{"start":{"line":154,"column":2},"end":{"line":154,"column":3}},"loc":{"start":{"line":154,"column":41},"end":{"line":188,"column":1}},"line":154},"14":{"name":"(anonymous_14)","decl":{"start":{"line":183,"column":29},"end":{"line":183,"column":30}},"loc":{"start":{"line":183,"column":43},"end":{"line":187,"column":16}},"line":183},"15":{"name":"(anonymous_15)","decl":{"start":{"line":194,"column":2},"end":{"line":194,"column":3}},"loc":{"start":{"line":194,"column":23},"end":{"line":196,"column":1}},"line":194},"16":{"name":"(anonymous_16)","decl":{"start":{"line":195,"column":24},"end":{"line":195,"column":25}},"loc":{"start":{"line":195,"column":29},"end":{"line":195,"column":30}},"line":195},"17":{"name":"(anonymous_17)","decl":{"start":{"line":200,"column":2},"end":{"line":200,"column":3}},"loc":{"start":{"line":200,"column":46},"end":{"line":214,"column":1}},"line":200},"18":{"name":"(anonymous_18)","decl":{"start":{"line":208,"column":19},"end":{"line":208,"column":20}},"loc":{"start":{"line":208,"column":26},"end":{"line":211,"column":5}},"line":208},"19":{"name":"(anonymous_19)","decl":{"start":{"line":218,"column":2},"end":{"line":218,"column":3}},"loc":{"start":{"line":218,"column":24},"end":{"line":221,"column":1}},"line":218},"20":{"name":"(anonymous_20)","decl":{"start":{"line":225,"column":2},"end":{"line":225,"column":3}},"loc":{"start":{"line":225,"column":21},"end":{"line":236,"column":1}},"line":225},"21":{"name":"(anonymous_21)","decl":{"start":{"line":229,"column":33},"end":{"line":229,"column":34}},"loc":{"start":{"line":229,"column":47},"end":{"line":234,"column":25}},"line":229},"22":{"name":"(anonymous_22)","decl":{"start":{"line":240,"column":2},"end":{"line":240,"column":3}},"loc":{"start":{"line":240,"column":23},"end":{"line":260,"column":1}},"line":240},"23":{"name":"(anonymous_23)","decl":{"start":{"line":247,"column":26},"end":{"line":247,"column":27}},"loc":{"start":{"line":247,"column":40},"end":{"line":247,"column":70}},"line":247},"24":{"name":"(anonymous_24)","decl":{"start":{"line":248,"column":22},"end":{"line":248,"column":23}},"loc":{"start":{"line":248,"column":28},"end":{"line":258,"column":5}},"line":248},"25":{"name":"(anonymous_25)","decl":{"start":{"line":252,"column":27},"end":{"line":252,"column":28}},"loc":{"start":{"line":252,"column":32},"end":{"line":256,"column":13}},"line":252},"26":{"name":"(anonymous_26)","decl":{"start":{"line":265,"column":2},"end":{"line":265,"column":3}},"loc":{"start":{"line":265,"column":39},"end":{"line":292,"column":1}},"line":265},"27":{"name":"(anonymous_27)","decl":{"start":{"line":274,"column":19},"end":{"line":274,"column":20}},"loc":{"start":{"line":274,"column":25},"end":{"line":290,"column":9}},"line":274},"28":{"name":"(anonymous_28)","decl":{"start":{"line":296,"column":2},"end":{"line":296,"column":3}},"loc":{"start":{"line":296,"column":25},"end":{"line":300,"column":1}},"line":296},"29":{"name":"(anonymous_29)","decl":{"start":{"line":304,"column":2},"end":{"line":304,"column":3}},"loc":{"start":{"line":304,"column":21},"end":{"line":323,"column":1}},"line":304},"30":{"name":"(anonymous_30)","decl":{"start":{"line":311,"column":26},"end":{"line":311,"column":27}},"loc":{"start":{"line":311,"column":40},"end":{"line":311,"column":70}},"line":311},"31":{"name":"(anonymous_31)","decl":{"start":{"line":312,"column":26},"end":{"line":312,"column":27}},"loc":{"start":{"line":312,"column":32},"end":{"line":321,"column":5}},"line":312},"32":{"name":"(anonymous_32)","decl":{"start":{"line":315,"column":35},"end":{"line":315,"column":36}},"loc":{"start":{"line":315,"column":46},"end":{"line":319,"column":25}},"line":315},"33":{"name":"(anonymous_33)","decl":{"start":{"line":327,"column":2},"end":{"line":327,"column":3}},"loc":{"start":{"line":327,"column":38},"end":{"line":338,"column":1}},"line":327},"34":{"name":"(anonymous_34)","decl":{"start":{"line":342,"column":2},"end":{"line":342,"column":3}},"loc":{"start":{"line":342,"column":22},"end":{"line":360,"column":1}},"line":342},"35":{"name":"(anonymous_35)","decl":{"start":{"line":348,"column":29},"end":{"line":348,"column":30}},"loc":{"start":{"line":348,"column":39},"end":{"line":348,"column":64}},"line":348},"36":{"name":"(anonymous_36)","decl":{"start":{"line":351,"column":24},"end":{"line":351,"column":25}},"loc":{"start":{"line":351,"column":38},"end":{"line":357,"column":8}},"line":351},"37":{"name":"(anonymous_37)","decl":{"start":{"line":352,"column":19},"end":{"line":352,"column":20}},"loc":{"start":{"line":352,"column":24},"end":{"line":356,"column":8}},"line":352},"38":{"name":"(anonymous_38)","decl":{"start":{"line":364,"column":2},"end":{"line":364,"column":3}},"loc":{"start":{"line":364,"column":24},"end":{"line":378,"column":1}},"line":364},"39":{"name":"(anonymous_39)","decl":{"start":{"line":369,"column":29},"end":{"line":369,"column":30}},"loc":{"start":{"line":369,"column":39},"end":{"line":369,"column":65}},"line":369},"40":{"name":"(anonymous_40)","decl":{"start":{"line":372,"column":24},"end":{"line":372,"column":25}},"loc":{"start":{"line":372,"column":38},"end":{"line":376,"column":8}},"line":372},"41":{"name":"(anonymous_41)","decl":{"start":{"line":373,"column":19},"end":{"line":373,"column":20}},"loc":{"start":{"line":373,"column":24},"end":{"line":375,"column":8}},"line":373},"42":{"name":"(anonymous_42)","decl":{"start":{"line":382,"column":2},"end":{"line":382,"column":3}},"loc":{"start":{"line":382,"column":28},"end":{"line":387,"column":1}},"line":382},"43":{"name":"(anonymous_43)","decl":{"start":{"line":391,"column":18},"end":{"line":391,"column":19}},"loc":{"start":{"line":391,"column":31},"end":{"line":391,"column":58}},"line":391},"44":{"name":"(anonymous_44)","decl":{"start":{"line":395,"column":2},"end":{"line":395,"column":3}},"loc":{"start":{"line":395,"column":32},"end":{"line":436,"column":3}},"line":395},"45":{"name":"(anonymous_45)","decl":{"start":{"line":397,"column":9},"end":{"line":397,"column":10}},"loc":{"start":{"line":397,"column":33},"end":{"line":436,"column":2}},"line":397}},"branchMap":{"0":{"loc":{"start":{"line":61,"column":16},"end":{"line":69,"column":20}},"type":"if","locations":[{"start":{"line":61,"column":16},"end":{"line":69,"column":20}},{"start":{"line":61,"column":16},"end":{"line":69,"column":20}}],"line":61},"1":{"loc":{"start":{"line":63,"column":42},"end":{"line":63,"column":93}},"type":"cond-expr","locations":[{"start":{"line":63,"column":85},"end":{"line":63,"column":88}},{"start":{"line":63,"column":91},"end":{"line":63,"column":93}}],"line":63},"2":{"loc":{"start":{"line":63,"column":44},"end":{"line":63,"column":80}},"type":"binary-expr","locations":[{"start":{"line":63,"column":44},"end":{"line":63,"column":59}},{"start":{"line":63,"column":63},"end":{"line":63,"column":80}}],"line":63},"3":{"loc":{"start":{"line":64,"column":42},"end":{"line":64,"column":93}},"type":"cond-expr","locations":[{"start":{"line":64,"column":85},"end":{"line":64,"column":88}},{"start":{"line":64,"column":91},"end":{"line":64,"column":93}}],"line":64},"4":{"loc":{"start":{"line":64,"column":44},"end":{"line":64,"column":80}},"type":"binary-expr","locations":[{"start":{"line":64,"column":44},"end":{"line":64,"column":59}},{"start":{"line":64,"column":63},"end":{"line":64,"column":80}}],"line":64},"5":{"loc":{"start":{"line":66,"column":28},"end":{"line":67,"column":62}},"type":"if","locations":[{"start":{"line":66,"column":28},"end":{"line":67,"column":62}},{"start":{"line":66,"column":28},"end":{"line":67,"column":62}}],"line":66},"6":{"loc":{"start":{"line":71,"column":16},"end":{"line":77,"column":19}},"type":"if","locations":[{"start":{"line":71,"column":16},"end":{"line":77,"column":19}},{"start":{"line":71,"column":16},"end":{"line":77,"column":19}}],"line":71},"7":{"loc":{"start":{"line":73,"column":38},"end":{"line":73,"column":91}},"type":"cond-expr","locations":[{"start":{"line":73,"column":83},"end":{"line":73,"column":86}},{"start":{"line":73,"column":89},"end":{"line":73,"column":91}}],"line":73},"8":{"loc":{"start":{"line":73,"column":40},"end":{"line":73,"column":78}},"type":"binary-expr","locations":[{"start":{"line":73,"column":40},"end":{"line":73,"column":56}},{"start":{"line":73,"column":60},"end":{"line":73,"column":78}}],"line":73},"9":{"loc":{"start":{"line":74,"column":38},"end":{"line":74,"column":91}},"type":"cond-expr","locations":[{"start":{"line":74,"column":83},"end":{"line":74,"column":86}},{"start":{"line":74,"column":89},"end":{"line":74,"column":91}}],"line":74},"10":{"loc":{"start":{"line":74,"column":40},"end":{"line":74,"column":78}},"type":"binary-expr","locations":[{"start":{"line":74,"column":40},"end":{"line":74,"column":56}},{"start":{"line":74,"column":60},"end":{"line":74,"column":78}}],"line":74},"11":{"loc":{"start":{"line":81,"column":42},"end":{"line":81,"column":81}},"type":"cond-expr","locations":[{"start":{"line":81,"column":73},"end":{"line":81,"column":76}},{"start":{"line":81,"column":79},"end":{"line":81,"column":81}}],"line":81},"12":{"loc":{"start":{"line":81,"column":44},"end":{"line":81,"column":68}},"type":"binary-expr","locations":[{"start":{"line":81,"column":44},"end":{"line":81,"column":53}},{"start":{"line":81,"column":57},"end":{"line":81,"column":68}}],"line":81},"13":{"loc":{"start":{"line":82,"column":42},"end":{"line":82,"column":81}},"type":"cond-expr","locations":[{"start":{"line":82,"column":73},"end":{"line":82,"column":76}},{"start":{"line":82,"column":79},"end":{"line":82,"column":81}}],"line":82},"14":{"loc":{"start":{"line":82,"column":44},"end":{"line":82,"column":68}},"type":"binary-expr","locations":[{"start":{"line":82,"column":44},"end":{"line":82,"column":53}},{"start":{"line":82,"column":57},"end":{"line":82,"column":68}}],"line":82},"15":{"loc":{"start":{"line":83,"column":28},"end":{"line":86,"column":32}},"type":"if","locations":[{"start":{"line":83,"column":28},"end":{"line":86,"column":32}},{"start":{"line":83,"column":28},"end":{"line":86,"column":32}}],"line":83},"16":{"loc":{"start":{"line":93,"column":16},"end":{"line":103,"column":17}},"type":"if","locations":[{"start":{"line":93,"column":16},"end":{"line":103,"column":17}},{"start":{"line":93,"column":16},"end":{"line":103,"column":17}}],"line":93},"17":{"loc":{"start":{"line":93,"column":21},"end":{"line":93,"column":48}},"type":"binary-expr","locations":[{"start":{"line":93,"column":21},"end":{"line":93,"column":34}},{"start":{"line":93,"column":38},"end":{"line":93,"column":48}}],"line":93},"18":{"loc":{"start":{"line":95,"column":28},"end":{"line":101,"column":33}},"type":"if","locations":[{"start":{"line":95,"column":28},"end":{"line":101,"column":33}},{"start":{"line":95,"column":28},"end":{"line":101,"column":33}}],"line":95},"19":{"loc":{"start":{"line":97,"column":58},"end":{"line":97,"column":117}},"type":"cond-expr","locations":[{"start":{"line":97,"column":109},"end":{"line":97,"column":112}},{"start":{"line":97,"column":115},"end":{"line":97,"column":117}}],"line":97},"20":{"loc":{"start":{"line":97,"column":60},"end":{"line":97,"column":104}},"type":"binary-expr","locations":[{"start":{"line":97,"column":60},"end":{"line":97,"column":79}},{"start":{"line":97,"column":83},"end":{"line":97,"column":104}}],"line":97},"21":{"loc":{"start":{"line":98,"column":58},"end":{"line":98,"column":117}},"type":"cond-expr","locations":[{"start":{"line":98,"column":109},"end":{"line":98,"column":112}},{"start":{"line":98,"column":115},"end":{"line":98,"column":117}}],"line":98},"22":{"loc":{"start":{"line":98,"column":60},"end":{"line":98,"column":104}},"type":"binary-expr","locations":[{"start":{"line":98,"column":60},"end":{"line":98,"column":79}},{"start":{"line":98,"column":83},"end":{"line":98,"column":104}}],"line":98},"23":{"loc":{"start":{"line":107,"column":16},"end":{"line":127,"column":20}},"type":"if","locations":[{"start":{"line":107,"column":16},"end":{"line":127,"column":20}},{"start":{"line":107,"column":16},"end":{"line":127,"column":20}}],"line":107},"24":{"loc":{"start":{"line":107,"column":21},"end":{"line":107,"column":47}},"type":"binary-expr","locations":[{"start":{"line":107,"column":21},"end":{"line":107,"column":34}},{"start":{"line":107,"column":38},"end":{"line":107,"column":47}}],"line":107},"25":{"loc":{"start":{"line":109,"column":28},"end":{"line":109,"column":105}},"type":"if","locations":[{"start":{"line":109,"column":28},"end":{"line":109,"column":105}},{"start":{"line":109,"column":28},"end":{"line":109,"column":105}}],"line":109},"26":{"loc":{"start":{"line":109,"column":33},"end":{"line":109,"column":83}},"type":"binary-expr","locations":[{"start":{"line":109,"column":33},"end":{"line":109,"column":51}},{"start":{"line":109,"column":55},"end":{"line":109,"column":83}}],"line":109},"27":{"loc":{"start":{"line":110,"column":28},"end":{"line":122,"column":33}},"type":"switch","locations":[{"start":{"line":111,"column":32},"end":{"line":113,"column":57}},{"start":{"line":114,"column":32},"end":{"line":116,"column":57}},{"start":{"line":117,"column":32},"end":{"line":119,"column":57}},{"start":{"line":120,"column":32},"end":{"line":121,"column":85}}],"line":110},"28":{"loc":{"start":{"line":129,"column":16},"end":{"line":143,"column":21}},"type":"if","locations":[{"start":{"line":129,"column":16},"end":{"line":143,"column":21}},{"start":{"line":129,"column":16},"end":{"line":143,"column":21}}],"line":129},"29":{"loc":{"start":{"line":129,"column":21},"end":{"line":129,"column":46}},"type":"binary-expr","locations":[{"start":{"line":129,"column":21},"end":{"line":129,"column":34}},{"start":{"line":129,"column":38},"end":{"line":129,"column":46}}],"line":129},"30":{"loc":{"start":{"line":131,"column":28},"end":{"line":131,"column":109}},"type":"if","locations":[{"start":{"line":131,"column":28},"end":{"line":131,"column":109}},{"start":{"line":131,"column":28},"end":{"line":131,"column":109}}],"line":131},"31":{"loc":{"start":{"line":131,"column":33},"end":{"line":131,"column":85}},"type":"binary-expr","locations":[{"start":{"line":131,"column":33},"end":{"line":131,"column":49}},{"start":{"line":131,"column":57},"end":{"line":131,"column":85}}],"line":131},"32":{"loc":{"start":{"line":132,"column":28},"end":{"line":141,"column":33}},"type":"switch","locations":[{"start":{"line":133,"column":32},"end":{"line":135,"column":51}},{"start":{"line":136,"column":32},"end":{"line":138,"column":51}},{"start":{"line":139,"column":32},"end":{"line":140,"column":81}}],"line":132},"33":{"loc":{"start":{"line":145,"column":16},"end":{"line":145,"column":68}},"type":"if","locations":[{"start":{"line":145,"column":16},"end":{"line":145,"column":68}},{"start":{"line":145,"column":16},"end":{"line":145,"column":68}}],"line":145},"34":{"loc":{"start":{"line":163,"column":10},"end":{"line":163,"column":54}},"type":"if","locations":[{"start":{"line":163,"column":10},"end":{"line":163,"column":54}},{"start":{"line":163,"column":10},"end":{"line":163,"column":54}}],"line":163},"35":{"loc":{"start":{"line":164,"column":10},"end":{"line":168,"column":15}},"type":"if","locations":[{"start":{"line":164,"column":10},"end":{"line":168,"column":15}},{"start":{"line":164,"column":10},"end":{"line":168,"column":15}}],"line":164},"36":{"loc":{"start":{"line":169,"column":10},"end":{"line":172,"column":14}},"type":"if","locations":[{"start":{"line":169,"column":10},"end":{"line":172,"column":14}},{"start":{"line":169,"column":10},"end":{"line":172,"column":14}}],"line":169},"37":{"loc":{"start":{"line":173,"column":10},"end":{"line":176,"column":14}},"type":"if","locations":[{"start":{"line":173,"column":10},"end":{"line":176,"column":14}},{"start":{"line":173,"column":10},"end":{"line":176,"column":14}}],"line":173},"38":{"loc":{"start":{"line":177,"column":10},"end":{"line":180,"column":14}},"type":"if","locations":[{"start":{"line":177,"column":10},"end":{"line":180,"column":14}},{"start":{"line":177,"column":10},"end":{"line":180,"column":14}}],"line":177},"39":{"loc":{"start":{"line":184,"column":40},"end":{"line":184,"column":85}},"type":"if","locations":[{"start":{"line":184,"column":40},"end":{"line":184,"column":85}},{"start":{"line":184,"column":40},"end":{"line":184,"column":85}}],"line":184},"40":{"loc":{"start":{"line":185,"column":40},"end":{"line":185,"column":84}},"type":"if","locations":[{"start":{"line":185,"column":40},"end":{"line":185,"column":84}},{"start":{"line":185,"column":40},"end":{"line":185,"column":84}}],"line":185},"41":{"loc":{"start":{"line":209,"column":18},"end":{"line":209,"column":37}},"type":"binary-expr","locations":[{"start":{"line":209,"column":18},"end":{"line":209,"column":30}},{"start":{"line":209,"column":34},"end":{"line":209,"column":37}}],"line":209},"42":{"loc":{"start":{"line":254,"column":20},"end":{"line":254,"column":58}},"type":"if","locations":[{"start":{"line":254,"column":20},"end":{"line":254,"column":58}},{"start":{"line":254,"column":20},"end":{"line":254,"column":58}}],"line":254},"43":{"loc":{"start":{"line":267,"column":4},"end":{"line":270,"column":8}},"type":"if","locations":[{"start":{"line":267,"column":4},"end":{"line":270,"column":8}},{"start":{"line":267,"column":4},"end":{"line":270,"column":8}}],"line":267},"44":{"loc":{"start":{"line":272,"column":4},"end":{"line":272,"column":51}},"type":"if","locations":[{"start":{"line":272,"column":4},"end":{"line":272,"column":51}},{"start":{"line":272,"column":4},"end":{"line":272,"column":51}}],"line":272},"45":{"loc":{"start":{"line":275,"column":12},"end":{"line":278,"column":15}},"type":"if","locations":[{"start":{"line":275,"column":12},"end":{"line":278,"column":15}},{"start":{"line":275,"column":12},"end":{"line":278,"column":15}}],"line":275},"46":{"loc":{"start":{"line":279,"column":12},"end":{"line":289,"column":16}},"type":"switch","locations":[{"start":{"line":280,"column":16},"end":{"line":282,"column":36}},{"start":{"line":283,"column":16},"end":{"line":285,"column":35}},{"start":{"line":286,"column":20},"end":{"line":288,"column":57}}],"line":279},"47":{"loc":{"start":{"line":287,"column":30},"end":{"line":288,"column":57}},"type":"if","locations":[{"start":{"line":287,"column":30},"end":{"line":288,"column":57}},{"start":{"line":287,"column":30},"end":{"line":288,"column":57}}],"line":287},"48":{"loc":{"start":{"line":316,"column":32},"end":{"line":317,"column":105}},"type":"if","locations":[{"start":{"line":316,"column":32},"end":{"line":317,"column":105}},{"start":{"line":316,"column":32},"end":{"line":317,"column":105}}],"line":316},"49":{"loc":{"start":{"line":333,"column":4},"end":{"line":333,"column":57}},"type":"if","locations":[{"start":{"line":333,"column":4},"end":{"line":333,"column":57}},{"start":{"line":333,"column":4},"end":{"line":333,"column":57}}],"line":333},"50":{"loc":{"start":{"line":334,"column":4},"end":{"line":335,"column":40}},"type":"if","locations":[{"start":{"line":334,"column":4},"end":{"line":335,"column":40}},{"start":{"line":334,"column":4},"end":{"line":335,"column":40}}],"line":334},"51":{"loc":{"start":{"line":385,"column":4},"end":{"line":385,"column":26}},"type":"if","locations":[{"start":{"line":385,"column":4},"end":{"line":385,"column":26}},{"start":{"line":385,"column":4},"end":{"line":385,"column":26}}],"line":385},"52":{"loc":{"start":{"line":401,"column":18},"end":{"line":401,"column":35}},"type":"binary-expr","locations":[{"start":{"line":401,"column":18},"end":{"line":401,"column":28}},{"start":{"line":401,"column":32},"end":{"line":401,"column":35}}],"line":401},"53":{"loc":{"start":{"line":403,"column":4},"end":{"line":435,"column":11}},"type":"switch","locations":[{"start":{"line":404,"column":12},"end":{"line":416,"column":104}},{"start":{"line":417,"column":12},"end":{"line":422,"column":58}},{"start":{"line":423,"column":12},"end":{"line":428,"column":59}},{"start":{"line":429,"column":12},"end":{"line":434,"column":58}}],"line":403},"54":{"loc":{"start":{"line":412,"column":27},"end":{"line":415,"column":31}},"type":"if","locations":[{"start":{"line":412,"column":27},"end":{"line":415,"column":31}},{"start":{"line":412,"column":27},"end":{"line":415,"column":31}}],"line":412},"55":{"loc":{"start":{"line":418,"column":28},"end":{"line":421,"column":31}},"type":"if","locations":[{"start":{"line":418,"column":28},"end":{"line":421,"column":31}},{"start":{"line":418,"column":28},"end":{"line":421,"column":31}}],"line":418},"56":{"loc":{"start":{"line":424,"column":28},"end":{"line":427,"column":31}},"type":"if","locations":[{"start":{"line":424,"column":28},"end":{"line":427,"column":31}},{"start":{"line":424,"column":28},"end":{"line":427,"column":31}}],"line":424},"57":{"loc":{"start":{"line":430,"column":28},"end":{"line":433,"column":31}},"type":"if","locations":[{"start":{"line":430,"column":28},"end":{"line":433,"column":31}},{"start":{"line":430,"column":28},"end":{"line":433,"column":31}}],"line":430}},"s":{"0":3,"1":86,"2":86,"3":86,"4":152,"5":152,"6":152,"7":152,"8":152,"9":152,"10":152,"11":152,"12":9,"13":9,"14":9,"15":9,"16":9,"17":5,"18":4,"19":9,"20":152,"21":15,"22":15,"23":15,"24":15,"25":19,"26":15,"27":152,"28":229,"29":229,"30":229,"31":229,"32":164,"33":165,"34":164,"35":152,"36":152,"37":152,"38":33,"39":33,"40":4,"41":4,"42":4,"43":4,"44":4,"45":4,"46":152,"47":152,"48":152,"49":17,"50":2,"51":17,"52":2,"53":2,"54":11,"55":11,"56":11,"57":1,"58":1,"59":1,"60":3,"61":3,"62":17,"63":17,"64":17,"65":17,"66":152,"67":12,"68":2,"69":12,"70":2,"71":2,"72":2,"73":7,"74":7,"75":7,"76":3,"77":3,"78":12,"79":152,"80":145,"81":86,"82":11,"83":11,"84":11,"85":11,"86":29,"87":2,"88":27,"89":5,"90":5,"91":5,"92":22,"93":4,"94":4,"95":18,"96":3,"97":3,"98":15,"99":3,"100":3,"101":11,"102":87,"103":16,"104":87,"105":9,"106":87,"107":152,"108":515,"109":6,"110":6,"111":6,"112":6,"113":8,"114":8,"115":6,"116":24,"117":17,"118":17,"119":38,"120":38,"121":38,"122":38,"123":17,"124":10,"125":10,"126":10,"127":10,"128":18,"129":10,"130":12,"131":12,"132":12,"133":12,"134":22,"135":22,"136":12,"137":22,"138":12,"139":10,"140":23,"141":23,"142":11,"143":11,"144":12,"145":9,"146":12,"147":15,"148":1,"149":1,"150":14,"151":8,"152":8,"153":3,"154":3,"155":3,"156":1,"157":2,"158":12,"159":12,"160":12,"161":12,"162":14,"163":12,"164":5,"165":5,"166":5,"167":5,"168":10,"169":5,"170":6,"171":6,"172":6,"173":6,"174":2,"175":4,"176":6,"177":6,"178":5,"179":4,"180":4,"181":3,"182":4,"183":3,"184":1,"185":4,"186":4,"187":4,"188":4,"189":4,"190":6,"191":4,"192":5,"193":5,"194":5,"195":5,"196":4,"197":4,"198":4,"199":4,"200":6,"201":4,"202":5,"203":9,"204":4,"205":39,"206":39,"207":1,"208":38,"209":39,"210":38,"211":39,"212":39,"213":39,"214":39,"215":12,"216":12,"217":12,"218":12,"219":12,"220":12,"221":1,"222":1,"223":11,"224":10,"225":1,"226":1,"227":9,"228":3,"229":1,"230":1,"231":2,"232":14,"233":1,"234":1,"235":13,"236":3,"237":1},"f":{"0":3,"1":86,"2":152,"3":19,"4":229,"5":4,"6":11,"7":1,"8":3,"9":17,"10":2,"11":7,"12":3,"13":11,"14":87,"15":152,"16":515,"17":6,"18":8,"19":24,"20":17,"21":38,"22":10,"23":18,"24":12,"25":22,"26":23,"27":15,"28":12,"29":5,"30":10,"31":6,"32":6,"33":4,"34":4,"35":6,"36":5,"37":5,"38":4,"39":6,"40":5,"41":9,"42":39,"43":39,"44":38,"45":39},"b":{"0":[9,143],"1":[8,1],"2":[9,8],"3":[3,6],"4":[9,8],"5":[5,4],"6":[15,137],"7":[3,12],"8":[15,11],"9":[8,7],"10":[15,11],"11":[13,216],"12":[229,13],"13":[5,224],"14":[229,13],"15":[164,65],"16":[33,119],"17":[152,38],"18":[4,29],"19":[2,2],"20":[4,2],"21":[2,2],"22":[4,2],"23":[17,135],"24":[152,34],"25":[2,15],"26":[17,4],"27":[2,11,1,3],"28":[12,140],"29":[152,34],"30":[2,10],"31":[12,4],"32":[2,7,3],"33":[145,7],"34":[2,27],"35":[5,22],"36":[4,18],"37":[3,15],"38":[3,12],"39":[16,71],"40":[9,78],"41":[8,2],"42":[12,10],"43":[11,12],"44":[9,3],"45":[1,14],"46":[8,3,3],"47":[1,2],"48":[2,4],"49":[3,1],"50":[3,1],"51":[1,38],"52":[39,39],"53":[12,10,3,14],"54":[1,11],"55":[1,9],"56":[1,2],"57":[1,13]},"_coverageSchema":"1a1c01bbd47fc00a2c39e90264f33305004495a9","hash":"bdf4780a4b6ccb29b7aba96917bcc05e5eea21d7","contentHash":"b0cba91a23c5fa3015f045e869380e43db5b1bbb0f8fdcaa533be8d08f2253b6"},"/Users/peternaydenov/Sites/git-code-assembly-line/src/process-tools.js":{"path":"/Users/peternaydenov/Sites/git-code-assembly-line/src/process-tools.js","statementMap":{"0":{"start":{"line":3,"column":19},"end":{"line":3,"column":112}},"1":{"start":{"line":11,"column":12},"end":{"line":314,"column":1}},"2":{"start":{"line":14,"column":19},"end":{"line":14,"column":21}},"3":{"start":{"line":16,"column":2},"end":{"line":16,"column":21}},"4":{"start":{"line":17,"column":2},"end":{"line":17,"column":25}},"5":{"start":{"line":18,"column":2},"end":{"line":18,"column":21}},"6":{"start":{"line":20,"column":19},"end":{"line":20,"column":40}},"7":{"start":{"line":21,"column":2},"end":{"line":24,"column":6}},"8":{"start":{"line":22,"column":16},"end":{"line":22,"column":43}},"9":{"start":{"line":23,"column":16},"end":{"line":23,"column":32}},"10":{"start":{"line":26,"column":2},"end":{"line":31,"column":7}},"11":{"start":{"line":27,"column":8},"end":{"line":27,"column":39}},"12":{"start":{"line":28,"column":8},"end":{"line":28,"column":40}},"13":{"start":{"line":29,"column":8},"end":{"line":29,"column":66}},"14":{"start":{"line":29,"column":33},"end":{"line":29,"column":66}},"15":{"start":{"line":30,"column":8},"end":{"line":30,"column":66}},"16":{"start":{"line":30,"column":33},"end":{"line":30,"column":66}},"17":{"start":{"line":33,"column":2},"end":{"line":33,"column":17}},"18":{"start":{"line":40,"column":21},"end":{"line":40,"column":23}},"19":{"start":{"line":41,"column":27},"end":{"line":41,"column":47}},"20":{"start":{"line":44,"column":8},"end":{"line":44,"column":70}},"21":{"start":{"line":44,"column":31},"end":{"line":44,"column":70}},"22":{"start":{"line":45,"column":8},"end":{"line":45,"column":70}},"23":{"start":{"line":45,"column":31},"end":{"line":45,"column":70}},"24":{"start":{"line":47,"column":8},"end":{"line":55,"column":10}},"25":{"start":{"line":48,"column":37},"end":{"line":48,"column":42}},"26":{"start":{"line":49,"column":16},"end":{"line":52,"column":20}},"27":{"start":{"line":50,"column":24},"end":{"line":50,"column":65}},"28":{"start":{"line":51,"column":24},"end":{"line":51,"column":30}},"29":{"start":{"line":53,"column":16},"end":{"line":53,"column":64}},"30":{"start":{"line":54,"column":16},"end":{"line":54,"column":95}},"31":{"start":{"line":54,"column":39},"end":{"line":54,"column":95}},"32":{"start":{"line":56,"column":8},"end":{"line":56,"column":18}},"33":{"start":{"line":61,"column":29},"end":{"line":61,"column":56}},"34":{"start":{"line":67,"column":17},"end":{"line":67,"column":30}},"35":{"start":{"line":68,"column":19},"end":{"line":68,"column":21}},"36":{"start":{"line":70,"column":4},"end":{"line":70,"column":46}},"37":{"start":{"line":70,"column":19},"end":{"line":70,"column":46}},"38":{"start":{"line":71,"column":4},"end":{"line":71,"column":17}},"39":{"start":{"line":77,"column":4},"end":{"line":78,"column":45}},"40":{"start":{"line":77,"column":18},"end":{"line":77,"column":41}},"41":{"start":{"line":78,"column":18},"end":{"line":78,"column":30}},"42":{"start":{"line":87,"column":29},"end":{"line":87,"column":36}},"43":{"start":{"line":88,"column":29},"end":{"line":88,"column":53}},"44":{"start":{"line":89,"column":29},"end":{"line":89,"column":53}},"45":{"start":{"line":90,"column":29},"end":{"line":90,"column":53}},"46":{"start":{"line":92,"column":4},"end":{"line":100,"column":13}},"47":{"start":{"line":108,"column":23},"end":{"line":108,"column":25}},"48":{"start":{"line":109,"column":23},"end":{"line":109,"column":42}},"49":{"start":{"line":110,"column":32},"end":{"line":110,"column":94}},"50":{"start":{"line":111,"column":25},"end":{"line":111,"column":58}},"51":{"start":{"line":113,"column":6},"end":{"line":113,"column":43}},"52":{"start":{"line":113,"column":40},"end":{"line":113,"column":41}},"53":{"start":{"line":114,"column":6},"end":{"line":114,"column":56}},"54":{"start":{"line":115,"column":6},"end":{"line":115,"column":32}},"55":{"start":{"line":116,"column":6},"end":{"line":118,"column":14}},"56":{"start":{"line":117,"column":18},"end":{"line":117,"column":87}},"57":{"start":{"line":117,"column":84},"end":{"line":117,"column":85}},"58":{"start":{"line":119,"column":6},"end":{"line":119,"column":21}},"59":{"start":{"line":127,"column":15},"end":{"line":127,"column":19}},"60":{"start":{"line":128,"column":25},"end":{"line":128,"column":37}},"61":{"start":{"line":129,"column":25},"end":{"line":129,"column":29}},"62":{"start":{"line":130,"column":25},"end":{"line":130,"column":51}},"63":{"start":{"line":131,"column":25},"end":{"line":131,"column":41}},"64":{"start":{"line":132,"column":34},"end":{"line":132,"column":60}},"65":{"start":{"line":133,"column":32},"end":{"line":133,"column":34}},"66":{"start":{"line":135,"column":4},"end":{"line":311,"column":9}},"67":{"start":{"line":136,"column":23},"end":{"line":136,"column":50}},"68":{"start":{"line":139,"column":28},"end":{"line":139,"column":83}},"69":{"start":{"line":140,"column":28},"end":{"line":140,"column":30}},"70":{"start":{"line":141,"column":28},"end":{"line":141,"column":68}},"71":{"start":{"line":142,"column":28},"end":{"line":142,"column":48}},"72":{"start":{"line":146,"column":10},"end":{"line":310,"column":13}},"73":{"start":{"line":148,"column":26},"end":{"line":148,"column":44}},"74":{"start":{"line":149,"column":26},"end":{"line":149,"column":136}},"75":{"start":{"line":149,"column":47},"end":{"line":149,"column":136}},"76":{"start":{"line":151,"column":46},"end":{"line":151,"column":87}},"77":{"start":{"line":152,"column":46},"end":{"line":152,"column":64}},"78":{"start":{"line":154,"column":26},"end":{"line":174,"column":31}},"79":{"start":{"line":155,"column":34},"end":{"line":164,"column":42}},"80":{"start":{"line":157,"column":80},"end":{"line":157,"column":114}},"81":{"start":{"line":158,"column":69},"end":{"line":158,"column
[...]
h":"d95221da937541f9da38a13e986bf783ab316808","contentHash":"e0cec2236ad05c3d549037c0735cb22c840664577375db46cd6368dc0a7826ff"},"/Users/peternaydenov/Sites/git-code-assembly-line/src/lib-process.js":{"path":"/Users/peternaydenov/Sites/git-code-assembly-line/src/lib-process.js","statementMap":{"0":{"start":{"line":11,"column":20},"end":{"line":229,"column":3}},"1":{"start":{"line":17,"column":23},"end":{"line":17,"column":27}},"2":{"start":{"line":18,"column":34},"end":{"line":18,"column":61}},"3":{"start":{"line":20,"column":12},"end":{"line":33,"column":17}},"4":{"start":{"line":22,"column":32},"end":{"line":25,"column":37}},"5":{"start":{"line":23,"column":40},"end":{"line":23,"column":92}},"6":{"start":{"line":24,"column":40},"end":{"line":24,"column":46}},"7":{"start":{"line":26,"column":32},"end":{"line":26,"column":37}},"8":{"start":{"line":28,"column":32},"end":{"line":31,"column":37}},"9":{"start":{"line":29,"column":40},"end":{"line":29,"column":118}},"10":{"start":{"line":30,"column":40},"end":{"line":30,"column":46}},"11":{"start":{"line":32,"column":32},"end":{"line":32,"column":37}},"12":{"start":{"line":35,"column":12},"end":{"line":35,"column":63}},"13":{"start":{"line":36,"column":12},"end":{"line":36,"column":21}},"14":{"start":{"line":44,"column":33},"end":{"line":44,"column":55}},"15":{"start":{"line":46,"column":12},"end":{"line":53,"column":14}},"16":{"start":{"line":47,"column":33},"end":{"line":47,"column":80}},"17":{"start":{"line":49,"column":20},"end":{"line":52,"column":25}},"18":{"start":{"line":50,"column":32},"end":{"line":50,"column":72}},"19":{"start":{"line":51,"column":32},"end":{"line":51,"column":83}},"20":{"start":{"line":54,"column":12},"end":{"line":54,"column":23}},"21":{"start":{"line":64,"column":38},"end":{"line":64,"column":42}},"22":{"start":{"line":65,"column":38},"end":{"line":65,"column":50}},"23":{"start":{"line":66,"column":38},"end":{"line":66,"column":75}},"24":{"start":{"line":68,"column":22},"end":{"line":68,"column":24}},"25":{"start":{"line":71,"column":12},"end":{"line":84,"column":17}},"26":{"start":{"line":73,"column":32},"end":{"line":76,"column":37}},"27":{"start":{"line":74,"column":40},"end":{"line":74,"column":102}},"28":{"start":{"line":75,"column":40},"end":{"line":75,"column":49}},"29":{"start":{"line":77,"column":32},"end":{"line":77,"column":37}},"30":{"start":{"line":79,"column":32},"end":{"line":82,"column":37}},"31":{"start":{"line":80,"column":40},"end":{"line":80,"column":102}},"32":{"start":{"line":81,"column":40},"end":{"line":81,"column":49}},"33":{"start":{"line":83,"column":32},"end":{"line":83,"column":37}},"34":{"start":{"line":86,"column":12},"end":{"line":86,"column":26}},"35":{"start":{"line":87,"column":12},"end":{"line":87,"column":29}},"36":{"start":{"line":88,"column":12},"end":{"line":88,"column":26}},"37":{"start":{"line":90,"column":12},"end":{"line":104,"column":22}},"38":{"start":{"line":91,"column":24},"end":{"line":91,"column":63}},"39":{"start":{"line":91,"column":57},"end":{"line":91,"column":63}},"40":{"start":{"line":93,"column":39},"end":{"line":93,"column":63}},"41":{"start":{"line":94,"column":42},"end":{"line":94,"column":97}},"42":{"start":{"line":94,"column":69},"end":{"line":94,"column":95}},"43":{"start":{"line":95,"column":45},"end":{"line":98,"column":54}},"44":{"start":{"line":96,"column":56},"end":{"line":96,"column":90}},"45":{"start":{"line":96,"column":80},"end":{"line":96,"column":90}},"46":{"start":{"line":97,"column":56},"end":{"line":97,"column":115}},"47":{"start":{"line":101,"column":24},"end":{"line":101,"column":78}},"48":{"start":{"line":102,"column":24},"end":{"line":102,"column":83}},"49":{"start":{"line":103,"column":24},"end":{"line":103,"column":72}},"50":{"start":{"line":105,"column":12},"end":{"line":105,"column":46}},"51":{"start":{"line":106,"column":12},"end":{"line":106,"column":21}},"52":{"start":{"line":116,"column":25},"end":{"line":116,"column":29}},"53":{"start":{"line":117,"column":28},"end":{"line":117,"column":56}},"54":{"start":{"line":118,"column":35},"end":{"line":118,"column":56}},"55":{"start":{"line":120,"column":27},"end":{"line":131,"column":38}},"56":{"start":{"line":121,"column":40},"end":{"line":129,"column":86}},"57":{"start":{"line":122,"column":48},"end":{"line":127,"column":49}},"58":{"start":{"line":123,"column":66},"end":{"line":123,"column":80}},"59":{"start":{"line":124,"column":56},"end":{"line":124,"column":65}},"60":{"start":{"line":125,"column":71},"end":{"line":125,"column":82}},"61":{"start":{"line":126,"column":56},"end":{"line":126,"column":100}},"62":{"start":{"line":129,"column":45},"end":{"line":129,"column":86}},"63":{"start":{"line":130,"column":40},"end":{"line":130,"column":50}},"64":{"start":{"line":132,"column":12},"end":{"line":132,"column":25}},"65":{"start":{"line":142,"column":25},"end":{"line":142,"column":29}},"66":{"start":{"line":143,"column":29},"end":{"line":143,"column":46}},"67":{"start":{"line":144,"column":36},"end":{"line":144,"column":64}},"68":{"start":{"line":147,"column":12},"end":{"line":162,"column":22}},"69":{"start":{"line":148,"column":28},"end":{"line":148,"column":62}},"70":{"start":{"line":148,"column":56},"end":{"line":148,"column":62}},"71":{"start":{"line":150,"column":41},"end":{"line":150,"column":49}},"72":{"start":{"line":151,"column":54},"end":{"line":151,"column":91}},"73":{"start":{"line":154,"column":28},"end":{"line":161,"column":29}},"74":{"start":{"line":155,"column":32},"end":{"line":155,"column":87}},"75":{"start":{"line":156,"column":32},"end":{"line":156,"column":38}},"76":{"start":{"line":159,"column":32},"end":{"line":159,"column":72}},"77":{"start":{"line":160,"column":32},"end":{"line":160,"column":56}},"78":{"start":{"line":163,"column":12},"end":{"line":163,"column":21}},"79":{"start":{"line":171,"column":23},"end":{"line":171,"column":27}},"80":{"start":{"line":174,"column":12},"end":{"line":178,"column":17}},"81":{"start":{"line":174,"column":48},"end":{"line":174,"column":72}},"82":{"start":{"line":176,"column":30},"end":{"line":176,"column":55}},"83":{"start":{"line":177,"column":20},"end":{"line":177,"column":60}},"84":{"start":{"line":177,"column":46},"end":{"line":177,"column":58}},"85":{"start":{"line":180,"column":12},"end":{"line":180,"column":67}},"86":{"start":{"line":180,"column":41},"end":{"line":180,"column":66}},"87":{"start":{"line":181,"column":12},"end":{"line":181,"column":21}},"88":{"start":{"line":190,"column":33},"end":{"line":190,"column":78}},"89":{"start":{"line":191,"column":12},"end":{"line":198,"column":31}},"90":{"start":{"line":192,"column":38},"end":{"line":192,"column":73}},"91":{"start":{"line":193,"column":24},"end":{"line":196,"column":37}},"92":{"start":{"line":194,"column":40},"end":{"line":194,"column":61}},"93":{"start":{"line":195,"column":40},"end":{"line":195,"column":50}},"94":{"start":{"line":198,"column":22},"end":{"line":198,"column":31}},"95":{"start":{"line":204,"column":12},"end":{"line":204,"column":80}},"96":{"start":{"line":204,"column":53},"end":{"line":204,"column":80}},"97":{"start":{"line":207,"column":26},"end":{"line":210,"column":37}},"98":{"start":{"line":208,"column":64},"end":{"line":208,"column":104}},"99":{"start":{"line":209,"column":44},"end":{"line":209,"column":77}},"100":{"start":{"line":212,"column":12},"end":{"line":214,"column":70}},"101":{"start":{"line":212,"column":51},"end":{"line":212,"column":70}},"102":{"start":{"line":213,"column":17},"end":{"line":214,"column":70}},"103":{"start":{"line":213,"column":51},"end":{"line":213,"column":72}},"104":{"start":{"line":214,"column":51},"end":{"line":214,"column":70}},"105":{"start":{"line":216,"column":12},"end":{"line":226,"column":17}},"106":{"start":{"line":217,"column":34},"end":{"line":217,"column":46}},"107":{"start":{"line":218,"column":20},"end":{"line":220,"column":22}},"108":{"start":{"line":219,"column":24},"end":{"line":219,"column":109}},"109":{"start":{"line":221,"column":20},"end":{"line":221,"column":34}},"110":{"start":{"line":224,"column":20},"end":{"line":224,"column":43}},"111":{"start":{"line":225,"column":20},"end":{"line":225,"column":32}},"112":{"start":{"line":230,"column":2},"end":{"line":230,"column":20}},"113":{"start":{"line":235,"column":0},"end":{"line":235,"column":30}}},"fnMap":{"0":{"name":"getLibProcess","decl":{"start":{"line":7,"column":9},"end":{"line":7,"column":22}},"loc":{"start":{"line":7,"column":59},"end":{"line":231,"column":1}},"line":7},"1":{"name":"(anonymous_1)","decl":{"start":{"line":15,"column":4},"end":{"line":15,"column":5}},"loc":{"start":{"line":15,"column":39},"end":{"line":37,"column":9}},"line":15},"2":{"name":"(anonymous_2)","decl":{"start":{"line":43,"column":4},"end":{"line":43,"column":5}},"loc":{"start":{"line":43,"column":34},"end":{"line":55,"column":9}},"line":43},"3":{"name":"(anonymous_3)","decl":{"start":{"line":46,"column":35},"end":{"line":46,"column":36}},"loc":{"start":{"line":46,"column":46},"end":{"line":53,"column":13}},"line":46},"4":{"name":"(anonymous_4)","decl":{"start":{"line":61,"column":4},"end":{"line":61,"column":5}},"loc":{"start":{"line":61,"column":50},"end":{"line":107,"column":9}},"line":61},"5":{"name":"(anonymous_5)","decl":{"start":{"line":90,"column":30},"end":{"line":90,"column":31}},"loc":{"start":{"line":90,"column":47},"end":{"line":104,"column":21}},"line":90},"6":{"name":"(anonymous_6)","decl":{"start":{"line":94,"column":61},"end":{"line":94,"column":62}},"loc":{"start":{"line":94,"column":69},"end":{"line":94,"column":95}},"line":94},"7":{"name":"(anonymous_7)","decl":{"start":{"line":95,"column":68},"end":{"line":95,"column":69}},"loc":{"start":{"line":95,"column":75},"end":{"line":98,"column":53}},"line":95},"8":{"name":"(anonymous_8)","decl":{"start":{"line":113,"column":4},"end":{"line":113,"column":5}},"loc":{"start":{"line":113,"column":20},"end":{"line":133,"column":9}},"line":113},"9":{"name":"(anonymous_9)","decl":{"start":{"line":120,"column":44},"end":{"line":120,"column":45}},"loc":{"start":{"line":120,"column":57},"end":{"line":131,"column":33}},"line":120},"10":{"name":"(anonymous_10)","decl":{"start":{"line":139,"column":4},"end":{"line":139,"column":5}},"loc":{"start":{"line":139,"column":19},"end":{"line":164,"column":9}},"line":139},"11":{"name":"(anonymous_11)","decl":{"start":{"line":147,"column":27},"end":{"line":147,"column":28}},"loc":{"start":{"line":147,"column":34},"end":{"line":162,"column":21}},"line":147},"12":{"name":"(anonymous_12)","decl":{"start":{"line":170,"column":4},"end":{"line":170,"column":5}},"loc":{"start":{"line":170,"column":28},"end":{"line":182,"column":9}},"line":170},"13":{"name":"(anonymous_13)","decl":{"start":{"line":177,"column":41},"end":{"line":177,"column":42}},"loc":{"start":{"line":177,"column":46},"end":{"line":177,"column":58}},"line":177},"14":{"name":"(anonymous_14)","decl":{"start":{"line":180,"column":33},"end":{"line":180,"column":34}},"loc":{"start":{"line":180,"column":41},"end":{"line":180,"column":66}},"line":180},"15":{"name":"(anonymous_15)","decl":{"start":{"line":188,"column":4},"end":{"line":188,"column":5}},"loc":{"start":{"line":188,"column":29},"end":{"line":199,"column":9}},"line":188},"16":{"name":"(anonymous_16)","decl":{"start":{"line":193,"column":46},"end":{"line":193,"column":47}},"loc":{"start":{"line":193,"column":61},"end":{"line":196,"column":33}},"line":193},"17":{"name":"(anonymous_17)","decl":{"start":{"line":203,"column":4},"end":{"line":203,"column":5}},"loc":{"start":{"line":203,"column":37},"end":{"line":227,"column":9}},"line":203},"18":{"name":"(anonymous_18)","decl":{"start":{"line":207,"column":47},"end":{"line":207,"column":48}},"loc":{"start":{"line":207,"column":70},"end":{"line":210,"column":33}},"line":207},"19":{"name":"(anonymous_19)","decl":{"start":{"line":218,"column":42},"end":{"line":218,"column":43}},"loc":{"start":{"line":218,"column":57},"end":{"line":220,"column":21}},"line":218}},"branchMap":{"0":{"loc":{"start":{"line":15,"column":24},"end":{"line":15,"column":36}},"type":"default-arg","locations":[{"start":{"line":15,"column":31},"end":{"line":15,"column":36}}],"line":15},"1":{"loc":{"start":{"line":18,"column":34},"end":{"line":18,"column":61}},"type":"binary-expr","locations":[{"start":{"line":18,"column":34},"end":{"line":18,"column":52}},{"start":{"line":18,"column":56},"end":{"line":18,"column":61}}],"line":18},"2":{"loc":{"start":{"line":20,"column":12},"end":{"line":33,"column":17}},"type":"switch","locations":[{"start":{"line":21,"column":20},"end":{"line":26,"column":37}},{"start":{"line":27,"column":20},"end":{"line":32,"column":37}}],"line":20},"3":{"loc":{"start":{"line":22,"column":32},"end":{"line":25,"column":37}},"type":"if","locations":[{"start":{"line":22,"column":32},"end":{"line":25,"column":37}},{"start":{"line":22,"column":32},"end":{"line":25,"column":37}}],"line":22},"4":{"loc":{"start":{"line":28,"column":32},"end":{"line":31,"column":37}},"type":"if","locations":[{"start":{"line":28,"column":32},"end":{"line":31,"column":37}},{"start":{"line":28,"column":32},"end":{"line":31,"column":37}}],"line":28},"5":{"loc":{"start":{"line":47,"column":33},"end":{"line":47,"column":80}},"type":"cond-expr","locations":[{"start":{"line":47,"column":47},"end":{"line":47,"column":70}},{"start":{"line":47,"column":73},"end":{"line":47,"column":80}}],"line":47},"6":{"loc":{"start":{"line":49,"column":20},"end":{"line":52,"column":25}},"type":"if","locations":[{"start":{"line":49,"column":20},"end":{"line":52,"column":25}},{"start":{"line":49,"column":20},"end":{"line":52,"column":25}}],"line":49},"7":{"loc":{"start":{"line":61,"column":35},"end":{"line":61,"column":47}},"type":"default-arg","locations":[{"start":{"line":61,"column":42},"end":{"line":61,"column":47}}],"line":61},"8":{"loc":{"start":{"line":66,"column":38},"end":{"line":66,"column":75}},"type":"binary-expr","locations":[{"start":{"line":66,"column":38},"end":{"line":66,"column":66}},{"start":{"line":66,"column":70},"end":{"line":66,"column":75}}],"line":66},"9":{"loc":{"start":{"line":71,"column":12},"end":{"line":84,"column":17}},"type":"switch","locations":[{"start":{"line":72,"column":20},"end":{"line":77,"column":37}},{"start":{"line":78,"column":20},"end":{"line":83,"column":37}}],"line":71},"10":{"loc":{"start":{"line":73,"column":32},"end":{"line":76,"column":37}},"type":"if","locations":[{"start":{"line":73,"column":32},"end":{"line":76,"column":37}},{"start":{"line":73,"column":32},"end":{"line":76,"column":37}}],"line":73},"11":{"loc":{"start":{"line":79,"column":32},"end":{"line":82,"column":37}},"type":"if","locations":[{"start":{"line":79,"column":32},"end":{"line":82,"column":37}},{"start":{"line":79,"column":32},"end":{"line":82,"column":37}}],"line":79},"12":{"loc":{"start":{"line":91,"column":24},"end":{"line":91,"column":63}},"type":"if","locations":[{"start":{"line":91,"column":24},"end":{"line":91,"column":63}},{"start":{"line":91,"column":24},"end":{"line":91,"column":63}}],"line":91},"13":{"loc":{"start":{"line":96,"column":56},"end":{"line":96,"column":90}},"type":"if","locations":[{"start":{"line":96,"column":56},"end":{"line":96,"column":90}},{"start":{"line":96,"column":56},"end":{"line":96,"column":90}}],"line":96},"14":{"loc":{"start":{"line":118,"column":35},"end":{"line":118,"column":56}},"type":"cond-expr","locations":[{"start":{"line":118,"column":44},"end":{"line":118,"column":49}},{"start":{"line":118,"column":52},"end":{"line":118,"column":56}}],"line":118},"15":{"loc":{"start":{"line":121,"column":40},"end":{"line":129,"column":86}},"type":"if","locations":[{"start":{"line":121,"column":40},"end":{"line":129,"column":86}},{"start":{"line":121,"column":40},"end":{"line":129,"column":86}}],"line":121},"16":{"loc":{"start":{"line":122,"column":48},"end":{"line":127,"column":49}},"type":"if","locations":[{"start":{"line":122,"column":48},"end":{"line":127,"column":49}},{"start":{"line":122,"column":48},"end":{"line":127,"column":49}}],"line":122},"17":{"loc":{"start":{"line":148,"column":28},"end":{"line":148,"column":62}},"type":"if","locations":[{"start":{"line":148,"column":28},"end":{"line":148,"column":62}},{"start":{"line":148,"column":28},"end":{"line":148,"column":62}}],"line":148},"18":{"loc":{"start":{"line":151,"column":54},"end":{"line":151,"column":91}},"type":"cond-expr","locations":[{"start":{"line":151,"column":79},"end":{"line":151,"column":83}},{"start":{"line":151,"column":86},"end":{"line":151,"column":91}}],"line":151},"19":{"loc":{"start":{"line":154,"column":28},"end":{"line":161,"column":29}},"type":"if","locations":[{"start":{"line":154,"column":28},"end":{"line":161,"column":29}},{"start":{"line":154,"column":28},"end":{"line":161,"column":29}}],"line":154},"20":{"loc":{"start":{"line":154,"column":33},"end":{"line":154,"column":66}},"type":"binary-expr","locations":[{"start":{"line":154,"column":33},"end":{"line":154,"column":50}},{"start":{"line":154,"column":54},"end":{"line":154,"column":66}}],"line":154},"21":{"loc":{"start":{"line":174,"column":12},"end":{"line":178,"column":17}},"type":"if","locations":[{"start":{"line":174,"column":12},"end":{"line":178,"column":17}},{"start":{"line":174,"column":12},"end":{"line":178,"column":17}}],"line":174},"22":{"loc":{"start":{"line":191,"column":12},"end":{"line":198,"column":31}},"type":"if","locations":[{"start":{"line":191,"column":12},"end":{"line":198,"column":31}},{"start":{"line":191,"column":12},"end":{"line":198,"column":31}}],"line":191},"23":{"loc":{"start":{"line":204,"column":12},"end":{"line":204,"column":80}},"type":"if","locations":[{"start":{"line":204,"column":12},"end":{"line":204,"column":80}},{"start":{"line":204,"column":12},"end":{"line":204,"column":80}}],"line":204},"24":{"loc":{"start":{"line":212,"column":12},"end":{"line":214,"column":70}},"type":"if","locations":[{"start":{"line":212,"column":12},"end":{"line":214,"column":70}},{"start":{"line":212,"column":12},"end":{"line":214,"column":70}}],"line":212},"25":{"loc":{"start":{"line":213,"column":17},"end":{"line":214,"column":70}},"type":"if","locations":[{"start":{"line":213,"column":17},"end":{"line":214,"column":70}},{"start":{"line":213,"column":17},"end":{"line":214,"column":70}}],"line":213},"26":{"loc":{"start":{"line":216,"column":12},"end":{"line":226,"column":17}},"type":"if","locations":[{"start":{"line":216,"column":12},"end":{"line":226,"column":17}},{"start":{"line":216,"column":12},"end":{"line":226,"column":17}}],"line":216}},"s":{"0":1,"1":111,"2":111,"3":111,"4":109,"5":1,"6":1,"7":108,"8":2,"9":1,"10":1,"11":1,"12":109,"13":109,"14":3,"15":3,"16":13,"17":13,"18":4,"19":4,"20":3,"21":5,"22":5,"23":5,"24":5,"25":5,"26":3,"27":1,"28":1,"29":2,"30":2,"31":1,"32":1,"33":1,"34":3,"35":3,"36":3,"37":3,"38":10,"39":3,"40":7,"41":7,"42":3,"43":7,"44":18,"45":15,"46":3,"47":7,"48":7,"49":7,"50":3,"51":3,"52":2,"53":2,"54":2,"55":2,"56":6,"57":3,"58":2,"59":2,"60":2,"61":2,"62":3,"63":6,"64":2,"65":1,"66":1,"67":1,"68":1,"69":3,"70":1,"71":2,"72":2,"73":2,"74":1,"75":1,"76":1,"77":1,"78":1,"79":2,"80":2,"81":1,"82":1,"83":1,"84":1,"85":2,"86":3,"87":2,"88":5,"89":5,"90":4,"91":4,"92":2,"93":2,"94":1,"95":80,"96":75,"97":80,"98":86,"99":86,"100":80,"101":9,"102":71,"103":28,"104":43,"105":80,"106":75,"107":75,"108":79,"109":75,"110":5,"111":5,"112":1,"113":1},"f":{"0":1,"1":111,"2":3,"3":13,"4":5,"5":10,"6":3,"7":18,"8":2,"9":6,"10":1,"11":3,"12":2,"13":1,"14":3,"15":5,"16":2,"17":80,"18":86,"19":79},"b":{"0":[109],"1":[111,109],"2":[109,2],"3":[1,108],"4":[1,1],"5":[10,3],"6":[4,9],"7":[3],"8":[5,3],"9":[3,2],"10":[1,2],"11":[1,1],"12":[3,7],"13":[15,3],"14":[1,1],"15":[3,3],"16":[2,1],"17":[1,2],"18":[1,1],"19":[1,1],"20":[2,1],"21":[1,1],"22":[4,1],"23":[75,5],"24":[9,71],"25":[28,43],"26":[75,5]},"_coverageSchema":"1a1c01bbd47fc00a2c39e90264f33305004495a9","hash":"efc43b5da69dfc96ed6433bfbff7aae2d5b1a9f0","contentHash":"0789e1818fd508e909002042e1c9b52865060685ef2a220392e0bdc5d74d4583"}}