{"/Users/peternaydenov/Sites/git-code-assembly-line/template-chop.js":{"path":"/Users/peternaydenov/Sites/git-code-assembly-line/template-chop.js","s":{"1":1,"2":1,"3":119,"4":119,"5":0,"6":119,"7":28,"8":91,"9":91,"10":61,"11":91,"12":26,"13":26,"14":65,"15":65,"16":65,"17":3,"18":62,"19":0,"20":62,"21":62,"22":1,"23":61,"24":61,"25":61,"26":61,"27":1},"b":{"1":[0,119],"2":[28,91],"3":[61,30],"4":[26,65],"5":[3,62],"6":[0,62],"7":[1,61],"8":[62,15]},"f":{"1":119},"fnMap":{"1":{"name":"chopTemplate","line":13,"loc":{"start":{"line":13,"column":0},"end":{"line":13,"column":31}}}},"statementMap":{"1":{"start":{"line":3,"column":0},"end":{"line":3,"column":39}},"2":{"start":{"line":13,"column":0},"end":{"line":49,"column":1}},"3":{"start":{"line":15,"column":4},"end":{"line":20,"column":7}},"4":{"start":{"line":22,"column":4},"end":{"line":22,"column":74}},"5":{"start":{"line":22,"column":36},"end":{"line":22,"column":74}},"6":{"start":{"line":23,"column":4},"end":{"line":23,"column":37}},"7":{"start":{"line":23,"column":28},"end":{"line":23,"column":37}},"8":{"start":{"line":25,"column":4},"end":{"line":25,"column":33}},"9":{"start":{"line":26,"column":4},"end":{"line":26,"column":55}},"10":{"start":{"line":26,"column":22},"end":{"line":26,"column":55}},"11":{"start":{"line":27,"column":4},"end":{"line":48,"column":10}},"12":{"start":{"line":28,"column":16},"end":{"line":28,"column":33}},"13":{"start":{"line":29,"column":16},"end":{"line":29,"column":27}},"14":{"start":{"line":32,"column":16},"end":{"line":32,"column":59}},"15":{"start":{"line":33,"column":16},"end":{"line":33,"column":40}},"16":{"start":{"line":35,"column":16},"end":{"line":35,"column":73}},"17":{"start":{"line":35,"column":35},"end":{"line":35,"column":73}},"18":{"start":{"line":36,"column":16},"end":{"line":37,"column":43}},"19":{"start":{"line":36,"column":35},"end":{"line":36,"column":73}},"20":{"start":{"line":37,"column":35},"end":{"line":37,"column":43}},"21":{"start":{"line":39,"column":16},"end":{"line":42,"column":20}},"22":{"start":{"line":41,"column":21},"end":{"line":41,"column":59}},"23":{"start":{"line":44,"column":16},"end":{"line":44,"column":49}},"24":{"start":{"line":45,"column":16},"end":{"line":45,"column":47}},"25":{"start":{"line":46,"column":16},"end":{"line":46,"column":58}},"26":{"start":{"line":47,"column":16},"end":{"line":47,"column":48}},"27":{"start":{"line":53,"column":0},"end":{"line":53,"column":30}}},"branchMap":{"1":{"line":22,"type":"if","locations":[{"start":{"line":22,"column":4},"end":{"line":22,"column":4}},{"start":{"line":22,"column":4},"end":{"line":22,"column":4}}]},"2":{"line":23,"type":"if","locations":[{"start":{"line":23,"column":4},"end":{"line":23,"column":4}},{"start":{"line":23,"column":4},"end":{"line":23,"column":4}}]},"3":{"line":26,"type":"if","locations":[{"start":{"line":26,"column":4},"end":{"line":26,"column":4}},{"start":{"line":26,"column":4},"end":{"line":26,"column":4}}]},"4":{"line":27,"type":"if","locations":[{"start":{"line":27,"column":4},"end":{"line":27,"column":4}},{"start":{"line":27,"column":4},"end":{"line":27,"column":4}}]},"5":{"line":35,"type":"if","locations":[{"start":{"line":35,"column":16},"end":{"line":35,"column":16}},{"start":{"line":35,"column":16},"end":{"line":35,"column":16}}]},"6":{"line":36,"type":"if","locations":[{"start":{"line":36,"column":16},"end":{"line":36,"column":16}},{"start":{"line":36,"column":16},"end":{"line":36,"column":16}}]},"7":{"line":39,"type":"if","locations":[{"start":{"line":39,"column":16},"end":{"line":39,"column":16}},{"start":{"line":39,"column":16},"end":{"line":39,"column":16}}]},"8":{"line":39,"type":"binary-expr","locations":[{"start":{"line":39,"column":21},"end":{"line":39,"column":37}},{"start":{"line":39,"column":41},"end":{"line":39,"column":57}}]}}},"/Users/peternaydenov/Sites/git-code-assembly-line/errors.js":{"path":"/Users/peternaydenov/Sites/git-code-assembly-line/errors.js","s":{"1":1,"2":1,"3":90,"4":90,"5":8,"6":5,"7":8,"8":8,"9":90,"10":1},"b":{"1":[90,0],"2":[8,82],"3":[5,3]},"f":{"1":90},"fnMap":{"1":{"name":"(anonymous_1)","line":37,"loc":{"start":{"line":37,"column":18},"end":{"line":37,"column":45}}}},"statementMap":{"1":{"start":{"line":6,"column":0},"end":{"line":33,"column":3}},"2":{"start":{"line":37,"column":0},"end":{"line":44,"column":2}},"3":{"start":{"line":38,"column":2},"end":{"line":38,"column":49}},"4":{"start":{"line":39,"column":2},"end":{"line":42,"column":5}},"5":{"start":{"line":40,"column":10},"end":{"line":40,"column":56}},"6":{"start":{"line":40,"column":43},"end":{"line":40,"column":56}},"7":{"start":{"line":41,"column":10},"end":{"line":41,"column":67}},"8":{"start":{"line":41,"column":30},"end":{"line":41,"column":63}},"9":{"start":{"line":43,"column":2},"end":{"line":43,"column":15}},"10":{"start":{"line":46,"column":0},"end":{"line":46,"column":27}}},"branchMap":{"1":{"line":38,"type":"binary-expr","locations":[{"start":{"line":38,"column":15},"end":{"line":38,"column":27}},{"start":{"line":38,"column":31},"end":{"line":38,"column":48}}]},"2":{"line":39,"type":"if","locations":[{"start":{"line":39,"column":2},"end":{"line":39,"column":2}},{"start":{"line":39,"column":2},"end":{"line":39,"column":2}}]},"3":{"line":40,"type":"if","locations":[{"start":{"line":40,"column":10},"end":{"line":40,"column":10}},{"start":{"line":40,"column":10},"end":{"line":40,"column":10}}]}}},"/Users/peternaydenov/Sites/git-code-assembly-line/template-tools.js":{"path":"/Users/peternaydenov/Sites/git-code-assembly-line/template-tools.js","s":{"1":1,"2":1,"3":1,"4":50,"5":50,"6":50,"7":50,"8":49,"9":50,"10":50,"11":1,"12":50,"13":2,"14":53,"15":53,"16":53,"17":50,"18":3,"19":53,"20":53,"21":53,"22":145,"23":61,"24":61,"25":1,"26":60,"27":53,"28":1},"b":{"1":[49,1],"2":[1,49],"3":[50,3],"4":[50,3],"5":[61,84],"6":[1,60]},"f":{"1":50,"2":2,"3":53},"fnMap":{"1":{"name":"(anonymous_1)","line":32,"loc":{"start":{"line":32,"column":19},"end":{"line":32,"column":34}}},"2":{"name":"(anonymous_2)","line":49,"loc":{"start":{"line":49,"column":27},"end":{"line":49,"column":60}}},"3":{"name":"(anonymous_3)","line":62,"loc":{"start":{"line":62,"column":22},"end":{"line":62,"column":44}}}},"statementMap":{"1":{"start":{"line":3,"column":0},"end":{"line":3,"column":41}},"2":{"start":{"line":4,"column":0},"end":{"line":4,"column":40}},"3":{"start":{"line":30,"column":0},"end":{"line":74,"column":1}},"4":{"start":{"line":33,"column":4},"end":{"line":33,"column":27}},"5":{"start":{"line":34,"column":4},"end":{"line":34,"column":61}},"6":{"start":{"line":35,"column":4},"end":{"line":35,"column":25}},"7":{"start":{"line":37,"column":4},"end":{"line":37,"column":62}},"8":{"start":{"line":37,"column":20},"end":{"line":37,"column":62}},"9":{"start":{"line":39,"column":4},"end":{"line":42,"column":23}},"10":{"start":{"line":43,"column":4},"end":{"line":43,"column":66}},"11":{"start":{"line":43,"column":19},"end":{"line":43,"column":66}},"12":{"start":{"line":44,"column":4},"end":{"line":44,"column":19}},"13":{"start":{"line":50,"column":2},"end":{"line":58,"column":1}},"14":{"start":{"line":51,"column":6},"end":{"line":51,"column":27}},"15":{"start":{"line":52,"column":6},"end":{"line":52,"column":70}},"16":{"start":{"line":54,"column":6},"end":{"line":55,"column":88}},"17":{"start":{"line":54,"column":30},"end":{"line":54,"column":75}},"18":{"start":{"line":55,"column":30},"end":{"line":55,"column":88}},"19":{"start":{"line":57,"column":6},"end":{"line":57,"column":24}},"20":{"start":{"line":63,"column":4},"end":{"line":63,"column":28}},"21":{"start":{"line":64,"column":4},"end":{"line":70,"column":14}},"22":{"start":{"line":65,"column":16},"end":{"line":69,"column":20}},"23":{"start":{"line":66,"column":24},"end":{"line":66,"column":58}},"24":{"start":{"line":67,"column":24},"end":{"line":68,"column":96}},"25":{"start":{"line":67,"column":67},"end":{"line":67,"column":99}},"26":{"start":{"line":68,"column":67},"end":{"line":68,"column":96}},"27":{"start":{"line":71,"column":4},"end":{"line":71,"column":23}},"28":{"start":{"line":78,"column":0},"end":{"line":78,"column":20}}},"branchMap":{"1":{"line":37,"type":"if","locations":[{"start":{"line":37,"column":4},"end":{"line":37,"column":4}},{"start":{"line":37,"column":4},"end":{"line":37,"column":4}}]},"2":{"line":43,"type":"if","locations":[{"start":{"line":43,"column":4},"end":{"line":43,"column":4}},{"start":{"line":43,"column":4},"end":{"line":43,"column":4}}]},"3":{"line":52,"type":"cond-expr","locations":[{"start":{"line":52,"column":51},"end":{"line":52,"column":59}},{"start":{"line":52,"column":62},"end":{"line":52,"column":69}}]},"4":{"line":54,"type":"if","locations":[{"start":{"line":54,"column":6},"end":{"line":54,"column":6}},{"start":{"line":54,"column":6},"end":{"line":54,"column":6}}]},"5":{"line":65,"type":"if","locations":[{"start":{"line":65,"column":16},"end":{"line":65,"column":16}},{"start":{"line":65,"column":16},"end":{"line":65,"column":16}}]},"6":{"line":67,"type":"if","locations":[{"start":{"line":67,"column":24},"end":{"line":67,"column":24}},{"start":{"line":67,"column":24},"end":{"line":67,"column":24}}]}}},"/Users/peternaydenov/Sites/git-code-assembly-line/index.js":{"path":"/Users/peternaydenov/Sites/git-code-assembly-line/index.js","s":{"1":1,"2":1,"3":1,"4":1,"5":1,"6":51,"7":51,"8":51,"9":51,"10":51,"11":204,"12":51,"13":2,"14":2,"15":1,"16":105,"17":105,"18":54,"19":51,"20":33,"21":18,"22":105,"23":105,"24":105,"25":23,"26":23,"27":23,"28":0,"29":23,"30":0,"31":23,"32":34,"33":22,"34":34,"35":22,"36":22,"37":0,"38":22,"39":1,"40":23,"41":2,"42":6,"43":2,"44":2,"45":4,"46":4,"47":4,"48":2,"49":13,"50":13,"51":13,"52":22,"53":22,"54":22,"55":10,"56":22,"57":0,"58":22,"59":18,"60":4,"61":9,"62":22,"63":1,"64":42,"65":42,"66":50,"67":1,"68":1,"69":49,"70":2,"71":2,"72":4,"73":4,"74":0,"75":0,"76":4,"77":4,"78":2,"79":2,"80":4,"81":4,"82":1,"83":1,"84":3,"85":3,"86":2,"87":2,"88":2,"89":1,"90":1,"91":1,"92":1,"93":2,"94":2,"95":3,"96":3,"97":3,"98":1,"99":2,"100":2,"101":4,"102":3,"103":6,"104":5,"105":1,"106":6,"107":2,"108":2,"109":2,"110":1,"111":1,"112":1,"113":1,"114":2,"115":2,"116":2,"117":1,"118":1,"119":1,"120":31,"121":31,"122":1,"123":1,"124":30,"125":2,"126":2,"127":2,"128":1,"129":1,"130":1,"131":1,"132":1,"133":1,"134":3,"135":0,"136":3,"137":1,"138":7,"139":6,"140":1,"141":3,"142":3,"143":3,"144":1,"145":3,"146":3,"147":2,"148":2,"149":1,"150":1,"151":1,"152":21,"153":5,"154":21,"155":19,"156":21,"157":23,"158":23,"159":21,"160":20,"161":20,"162":22,"163":20,"164":1,"165":1,"166":8,"167":8,"168":13,"169":1,"170":1,"171":12,"172":1,"173":1,"174":5,"175":5,"176":0,"177":0,"178":5,"179":1,"180":1,"181":1,"182":1,"183":0,"184":0,"185":1,"186":1,"187":1,"188":1,"189":1,"190":0,"191":1,"192":1,"193":1,"194":1,"195":1,"196":4,"197":4,"198":4,"199":0,"200":4,"201":4,"202":4,"203":4,"204":4,"205":4,"206":4,"207":1,"208":1},"b":{"1":[2,49],"2":[54,51],"3":[33,18],"4":[105,5],"5":[0,23],"6":[23,23],"7":[0,23],"8":[22,12],"9":[34,22],"10":[0,22],"11":[22,21],"12":[1,21],"13":[13,9],"14":[13,9],"15":[10,12],"16":[0,22],"17":[18,4],"18":[4,18],"19":[1,49],"20":[0,4],"21":[1,3],"22":[1,3],"23":[4,1],"24":[1,1],"25":[1,2],"26":[5,1],"27":[1,1],"28":[1,1],"29":[1,30],"30":[1,1],"31":[0,3],"32":[6,1],"33":[2,1],"34":[5,16],"35":[19,2],"36":[20,1],"37":[1,12],"38":[0,5],"39":[0,1],"40":[0,1],"41":[1,0],"42":[0,1],"43":[0,4],"44":[3,1]},"f":{"1":51,"2":105,"3":23,"4":2,"5":13,"6":22,"7":42,"8":2,"9":2,"10":2,"11":3,"12":2,"13":2,"14":31,"15":2,"16":3,"17":21,"18":8,"19":1,"20":1,"21":1,"22":4},"fnMap":{"1":{"name":"codeAssembly","line":30,"loc":{"start":{"line":30,"column":0},"end":{"line":30,"column":30}}},"2":{"name":"(anonymous_2)","line":60,"loc":{"start":{"line":60,"column":21},"end":{"line":60,"column":45}}},"3":{"name":"(anonymous_3)","line":72,"loc":{"start":{"line":72,"column":19},"end":{"line":72,"column":43}}},"4":{"name":"(anonymous_4)","line":99,"loc":{"start":{"line":99,"column":14},"end":{"line":99,"column":33}}},"5":{"name":"(anonymous_5)","line":120,"loc":{"start":{"line":120,"column":11},"end":{"line":120,"column":33}}},"6":{"name":"(anonymous_6)","line":138,"loc":{"start":{"line":138,"column":15},"end":{"line":138,"column":25}}},"7":{"name":"(anonymous_7)","line":165,"loc":{"start":{"line":165,"column":7},"end":{"line":165,"column":23}}},"8":{"name":"(anonymous_8)","line":182,"loc":{"start":{"line":182,"column":12},"end":{"line":182,"column":32}}},"9":{"name":"(anonymous_9)","line":204,"loc":{"start":{"line":204,"column":9},"end":{"line":204,"column":17}}},"10":{"name":"(anonymous_10)","line":231,"loc":{"start":{"line":231,"column":9},"end":{"line":231,"column":21}}},"11":{"name":"(anonymous_11)","line":246,"loc":{"start":{"line":246,"column":6},"end":{"line":246,"column":18}}},"12":{"name":"(anonymous_12)","line":269,"loc":{"start":{"line":269,"column":9},"end":{"line":269,"column":21}}},"13":{"name":"(anonymous_13)","line":284,"loc":{"start":{"line":284,"column":18},"end":{"line":284,"column":35}}},"14":{"name":"(anonymous_14)","line":314,"loc":{"start":{"line":314,"column":9},"end":{"line":314,"column":23}}},"15":{"name":"(anonymous_15)","line":327,"loc":{"start":{"line":327,"column":6},"end":{"line":327,"column":34}}},"16":{"name":"(anonymous_16)","line":365,"loc":{"start":{"line":365,"column":11},"end":{"line":365,"column":27}}},"17":{"name":"(anonymous_17)","line":379,"loc":{"start":{"line":379,"column":6},"end":{"line":379,"column":35}}},"18":{"name":"(anonymous_18)","line":419,"loc":{"start":{"line":419,"column":8},"end":{"line":419,"column":17}}},"19":{"name":"(anonymous_19)","line":437,"loc":{"start":{"line":437,"column":14},"end":{"line":437,"column":32}}},"20":{"name":"(anonymous_20)","line":457,"loc":{"start":{"line":457,"column":11},"end":{"line":457,"column":19}}},"21":{"name":"(anonymous_21)","line":486,"loc":{"start":{"line":486,"column":11},"end":{"line":486,"column":24}}},"22":{"name":"(anonymous_22)","line":501,"loc":{"start":{"line":501,"column":13},"end":{"line":501,"column":27}}}},"statementMap":{"1":{"start":{"line":8,"column":0},"end":{"line":13,"column":6}},"2":{"start":{"line":15,"column":0},"end":{"line":15,"column":56}},"3":{"start":{"line":16,"column":0},"end":{"line":16,"column":83}},"4":{"start":{"line":21,"column":0},"end":{"line":26,"column":1}},"5":{"start":{"line":30,"column":0},"end":{"line":38,"column":3}},"6":{"start":{"line":31,"column":12},"end":{"line":31,"column":31}},"7":{"start":{"line":32,"column":12},"end":{"line":32,"column":31}},"8":{"start":{"line":33,"column":12},"end":{"line":33,"column":26}},"9":{"start":{"line":34,"column":12},"end":{"line":34,"column":28}},"10":{"start":{"line":36,"column":12},"end":{"line":36,"column":99}},"11":{"start":{"line":36,"column":59},"end":{"line":36,"column":97}},"12":{"start":{"line":37,"column":12},"end":{"line":37,"column":81}},"13":{"start":{"line":37,"column":24},"end":{"line":37,"column":81}},"14":{"start":{"line":37,"column":56},"end":{"line":37,"column":79}},"15":{"start":{"line":58,"column":0},"end":{"line":142,"column":1}},"16":{"start":{"line":61,"column":2},"end":{"line":61,"column":21}},"17":{"start":{"line":62,"column":2},"end":{"line":64,"column":66}},"18":{"start":{"line":62,"column":34},"end":{"line":62,"column":71}},"19":{"start":{"line":63,"column":7},"end":{"line":64,"column":66}},"20":{"start":{"line":63,"column":34},"end":{"line":63,"column":71}},"21":{"start":{"line":64,"column":34},"end":{"line":64,"column":66}},"22":{"start":{"line":65,"column":2},"end":{"line":65,"column":60}},"23":{"start":{"line":66,"column":2},"end":{"line":66,"column":71}},"24":{"start":{"line":67,"column":2},"end":{"line":67,"column":23}},"25":{"start":{"line":74,"column":2},"end":{"line":74,"column":18}},"26":{"start":{"line":75,"column":2},"end":{"line":78,"column":9}},"27":{"start":{"line":80,"column":2},"end":{"line":80,"column":92}},"28":{"start":{"line":80,"column":47},"end":{"line":80,"column":92}},"29":{"start":{"line":82,"column":2},"end":{"line":94,"column":7}},"30":{"start":{"line":82,"column":26},"end":{"line":82,"column":85}},"31":{"start":{"line":84,"column":10},"end":{"line":93,"column":28}},"32":{"start":{"line":86,"column":34},"end":{"line":86,"column":103}},"33":{"start":{"line":86,"column":72},"end":{"line":86,"column":103}},"34":{"start":{"line":87,"column":34},"end":{"line":87,"column":54}},"35":{"start":{"line":90,"column":34},"end":{"line":90,"column":69}},"36":{"start":{"line":91,"column":34},"end":{"line":91,"column":104}},"37":{"start":{"line":91,"column":64},"end":{"line":91,"column":104}},"38":{"start":{"line":92,"column":34},"end":{"line":92,"column":117}},"39":{"start":{"line":92,"column":64},"end":{"line":92,"column":117}},"40":{"start":{"line":95,"column":2},"end":{"line":95,"column":15}},"41":{"start":{"line":101,"column":2},"end":{"line":101,"column":79}},"42":{"start":{"line":101,"column":56},"end":{"line":101,"column":74}},"43":{"start":{"line":103,"column":2},"end":{"line":115,"column":17}},"44":{"start":{"line":104,"column":16},"end":{"line":113,"column":26}},"45":{"start":{"line":105,"column":39},"end":{"line":105,"column":65}},"46":{"start":{"line":107,"column":30},"end":{"line":110,"column":35}},"47":{"start":{"line":112,"column":30},"end":{"line":112,"column":65}},"48":{"start":{"line":114,"column":16},"end":{"line":114,"column":26}},"49":{"start":{"line":121,"column":2},"end":{"line":121,"column":25}},"50":{"start":{"line":123,"column":2},"end":{"line":123,"column":21}},"51":{"start":{"line":125,"column":2},"end":{"line":132,"column":8}},"52":{"start":{"line":126,"column":10},"end":{"line":126,"column":33}},"53":{"start":{"line":127,"column":10},"end":{"line":127,"column":26}},"54":{"start":{"line":128,"column":10},"end":{"line":128,"column":47}},"55":{"start":{"line":128,"column":21},"end":{"line":128,"column":47}},"56":{"start":{"line":129,"column":10},"end":{"line":129,"column":52}},"57":{"start":{"line":129,"column":46},"end":{"line":129,"column":52}},"58":{"start":{"line":130,"column":10},"end":{"line":131,"column":92}},"59":{"start":{"line":130,"column":46},"end":{"line":130,"column":68}},"60":{"start":{"line":131,"column":46},"end":{"line":131,"column":92}},"61":{"start":{"line":133,"column":2},"end":{"line":133,"column":15}},"62":{"start":{"line":139,"column":4},"end":{"line":139,"column":56}},"63":{"start":{"line":163,"column":0},"end":{"line":291,"column":1}},"64":{"start":{"line":166,"column":4},"end":{"line":169,"column":7}},"65":{"start":{"line":171,"column":4},"end":{"line":177,"column":10}},"66":{"start":{"line":172,"column":10},"end":{"line":175,"column":15}},"67":{"start":{"line":173,"column":16},"end":{"line":173,"column":64}},"68":{"start":{"line":174,"column":16},"end":{"line":174,"column":22}},"69":{"start":{"line":176,"column":10},"end":{"line":176,"column":73}},"70":{"start":{"line":183,"column":2},"end":{"line":186,"column":7}},"71":{"start":{"line":188,"column":2},"end":{"line":199,"column":22}},"72":{"start":{"line":189,"column":28},"end":{"line":192,"column":35}},"73":{"start":{"line":193,"column":28},"end":{"line":196,"column":32}},"74":{"start":{"line":194,"column":36},"end":{"line":194,"column":86}},"75":{"start":{"line":195,"column":36},"end":{"line":195,"column":42}},"76":{"start":{"line":197,"column":28},"end":{"line":197,"column":58}},"77":{"start":{"line":198,"column":28},"end":{"line":198,"column":67}},"78":{"start":{"line":206,"column":0},"end":{"line":210,"column":9}},"79":{"start":{"line":212,"column":0},"end":{"line":226,"column":4}},"80":{"start":{"line":213,"column":8},"end":{"line":216,"column":15}},"81":{"start":{"line":218,"column":8},"end":{"line":225,"column":11}},"82":{"start":{"line":219,"column":16},"end":{"line":219,"column":64}},"83":{"start":{"line":220,"column":16},"end":{"line":220,"column":22}},"84":{"start":{"line":223,"column":16},"end":{"line":223,"column":56}},"85":{"start":{"line":224,"column":16},"end":{"line":224,"column":40}},"86":{"start":{"line":232,"column":2},"end":{"line":232,"column":18}},"87":{"start":{"line":233,"column":2},"end":{"line":233,"column":17}},"88":{"start":{"line":235,"column":2},"end":{"line":239,"column":8}},"89":{"start":{"line":235,"column":34},"end":{"line":235,"column":54}},"90":{"start":{"line":237,"column":10},"end":{"line":237,"column":46}},"91":{"start":{"line":238,"column":10},"end":{"line":238,"column":50}},"92":{"start":{"line":238,"column":36},"end":{"line":238,"column":48}},"93":{"start":{"line":241,"column":2},"end":{"line":241,"column":57}},"94":{"start":{"line":241,"column":31},"end":{"line":241,"column":56}},"95":{"start":{"line":247,"column":1},"end":{"line":250,"column":6}},"96":{"start":{"line":251,"column":1},"end":{"line":251,"column":15}},"97":{"start":{"line":253,"column":1},"end":{"line":257,"column":7}},"98":{"start":{"line":253,"column":35},"end":{"line":253,"column":54}},"99":{"start":{"line":255,"column":9},"end":{"line":255,"column":45}},"100":{"start":{"line":256,"column":9},"end":{"line":256,"column":48}},"101":{"start":{"line":256,"column":34},"end":{"line":256,"column":46}},"102":{"start":{"line":259,"column":1},"end":{"line":263,"column":20}},"103":{"start":{"line":260,"column":21},"end":{"line":261,"column":52}},"104":{"start":{"line":260,"column":38},"end":{"line":260,"column":72}},"105":{"start":{"line":261,"column":38},"end":{"line":261,"column":52}},"106":{"start":{"line":262,"column":21},"end":{"line":262,"column":31}},"107":{"start":{"line":270,"column":1},"end":{"line":270,"column":17}},"108":{"start":{"line":271,"column":1},"end":{"line":271,"column":15}},"109":{"start":{"line":273,"column":1},"end":{"line":277,"column":7}},"110":{"start":{"line":273,"column":35},"end":{"line":273,"column":54}},"111":{"start":{"line":275,"column":9},"end":{"line":275,"column":45}},"112":{"start":{"line":276,"column":9},"end":{"line":276,"column":48}},"113":{"start":{"line":276,"column":34},"end":{"line":276,"column":46}},"114":{"start":{"line":279,"column":1},"end":{"line":279,"column":52}},"115":{"start":{"line":285,"column":2},"end":{"line":285,"column":46}},"116":{"start":{"line":287,"column":2},"end":{"line":288,"column":23}},"117":{"start":{"line":287,"column":14},"end":{"line":287,"column":53}},"118":{"start":{"line":288,"column":14},"end":{"line":288,"column":23}},"119":{"start":{"line":312,"column":0},"end":{"line":397,"column":1}},"120":{"start":{"line":315,"column":4},"end":{"line":315,"column":20}},"121":{"start":{"line":317,"column":4},"end":{"line":320,"column":9}},"122":{"start":{"line":318,"column":10},"end":{"line":318,"column":62}},"123":{"start":{"line":319,"column":10},"end":{"line":319,"column":16}},"124":{"start":{"line":322,"column":4},"end":{"line":322,"column":55}},"125":{"start":{"line":329,"column":4},"end":{"line":332,"column":11}},"126":{"start":{"line":334,"column":4},"end":{"line":334,"column":17}},"127":{"start":{"line":336,"column":4},"end":{"line":339,"column":8}},"128":{"start":{"line":337,"column":10},"end":{"line":337,"column":74}},"129":{"start":{"line":338,"column":10},"end":{"line":338,"column":16}},"130":{"start":{"line":341,"column":4},"end":{"line":341,"column":18}},"131":{"start":{"line":342,"column":4},"end":{"line":342,"column":21}},"132":{"start":{"line":343,"column":4},"end":{"line":343,"column":18}},"133":{"start":{"line":345,"column":4},"end":{"line":359,"column":13}},"134":{"start":{"line":346,"column":14},"end":{"line":346,"column":53}},"135":{"start":{"line":346,"column":47},"end":{"line":346,"column":53}},"136":{"start":{"line":347,"column":14},"end":{"line":354,"column":22}},"137":{"start":{"line":349,"column":62},"end":{"line":349,"column":88}},"138":{"start":{"line":351,"column":48},"end":{"line":351,"column":82}},"139":{"start":{"line":351,"column":72},"end":{"line":351,"column":82}},"140":{"start":{"line":352,"column":48},"end":{"line":352,"column":107}},"141":{"start":{"line":356,"column":14},"end":{"line":356,"column":68}},"142":{"start":{"line":357,"column":14},"end":{"line":357,"column":73}},"143":{"start":{"line":358,"column":14},"end":{"line":358,"column":62}},"144":{"start":{"line":360,"column":4},"end":{"line":360,"column":38}},"145":{"start":{"line":366,"column":0},"end":{"line":366,"column":67}},"146":{"start":{"line":367,"column":0},"end":{"line":374,"column":19}},"147":{"start":{"line":368,"column":10},"end":{"line":368,"column":60}},"148":{"start":{"line":369,"column":10},"end":{"line":372,"column":25}},"149":{"start":{"line":370,"column":26},"end":{"line":370,"column":47}},"150":{"start":{"line":371,"column":26},"end":{"line":371,"column":36}},"151":{"start":{"line":374,"column":10},"end":{"line":374,"column":19}},"152":{"start":{"line":380,"column":2},"end":{"line":380,"column":63}},"153":{"start":{"line":380,"column":43},"end":{"line":380,"column":63}},"154":{"start":{"line":381,"column":2},"end":{"line":381,"column":70}},"155":{"start":{"line":381,"column":43},"end":{"line":381,"column":70}},"156":{"start":{"line":382,"column":2},"end":{"line":385,"column":27}},"157":{"start":{"line":383,"column":34},"end":{"line":383,"column":95}},"158":{"start":{"line":384,"column":34},"end":{"line":384,"column":67}},"159":{"start":{"line":387,"column":2},"end":{"line":394,"column":20}},"160":{"start":{"line":388,"column":8},"end":{"line":388,"column":27}},"161":{"start":{"line":389,"column":8},"end":{"line":391,"column":10}},"162":{"start":{"line":390,"column":12},"end":{"line":390,"column":97}},"163":{"start":{"line":392,"column":8},"end":{"line":392,"column":22}},"164":{"start":{"line":394,"column":8},"end":{"line":394,"column":20}},"165":{"start":{"line":418,"column":0},"end":{"line":515,"column":1}},"166":{"start":{"line":420,"column":8},"end":{"line":424,"column":13}},"167":{"start":{"line":426,"column":8},"end":{"line":432,"column":14}},"168":{"start":{"line":427,"column":18},"end":{"line":430,"column":23}},"169":{"start":{"line":428,"column":30},"end":{"line":428,"column":80}},"170":{"start":{"line":429,"column":30},"end":{"line":429,"column":36}},"171":{"start":{"line":431,"column":18},"end":{"line":431,"column":51}},"172":{"start":{"line":438,"column":8},"end":{"line":442,"column":15}},"173":{"start":{"line":444,"column":8},"end":{"line":452,"column":18}},"174":{"start":{"line":446,"column":22},"end":{"line":446,"column":57}},"175":{"start":{"line":447,"column":22},"end":{"line":450,"column":27}},"176":{"start":{"line":448,"column":30},"end":{"line":448,"column":83}},"177":{"start":{"line":449,"column":30},"end":{"line":449,"column":36}},"178":{"start":{"line":451,"column":22},"end":{"line":451,"column":57}},"179":{"start":{"line":459,"column":4},"end":{"line":463,"column":11}},"180":{"start":{"line":465,"column":4},"end":{"line":481,"column":12}},"181":{"start":{"line":466,"column":18},"end":{"line":469,"column":23}},"182":{"start":{"line":473,"column":18},"end":{"line":480,"column":21}},"183":{"start":{"line":474,"column":24},"end":{"line":474,"column":76}},"184":{"start":{"line":475,"column":24},"end":{"line":475,"column":30}},"185":{"start":{"line":478,"column":24},"end":{"line":478,"column":54}},"186":{"start":{"line":479,"column":24},"end":{"line":479,"column":43}},"187":{"start":{"line":487,"column":10},"end":{"line":487,"column":26}},"188":{"start":{"line":488,"column":10},"end":{"line":488,"column":25}},"189":{"start":{"line":490,"column":10},"end":{"line":494,"column":15}},"190":{"start":{"line":490,"column":43},"end":{"line":490,"column":64}},"191":{"start":{"line":492,"column":18},"end":{"line":492,"column":54}},"192":{"start":{"line":493,"column":18},"end":{"line":493,"column":58}},"193":{"start":{"line":493,"column":44},"end":{"line":493,"column":56}},"194":{"start":{"line":496,"column":10},"end":{"line":496,"column":60}},"195":{"start":{"line":496,"column":39},"end":{"line":496,"column":59}},"196":{"start":{"line":502,"column":4},"end":{"line":502,"column":20}},"197":{"start":{"line":503,"column":4},"end":{"line":503,"column":25}},"198":{"start":{"line":504,"column":4},"end":{"line":508,"column":10}},"199":{"start":{"line":504,"column":40},"end":{"line":504,"column":63}},"200":{"start":{"line":506,"column":12},"end":{"line":506,"column":48}},"201":{"start":{"line":507,"column":12},"end":{"line":507,"column":53}},"202":{"start":{"line":507,"column":39},"end":{"line":507,"column":51}},"203":{"start":{"line":509,"column":4},"end":{"line":513,"column":16}},"204":{"start":{"line":510,"column":22},"end":{"line":510,"column":100}},"205":{"start":{"line":511,"column":22},"end":{"line":511,"column":36}},"206":{"start":{"line":512,"column":22},"end":{"line":512,"column":32}},"207":{"start":{"line":537,"column":0},"end":{"line":569,"column":1}},"208":{"start":{"line":573,"column":0},"end":{"line":573,"column":30}}},"branchMap":{"1":{"line":37,"type":"if","locations":[{"start":{"line":37,"column":12},"end":{"line":37,"column":12}},{"start":{"line":37,"column":12},"end":{"line":37,"column":12}}]},"2":{"line":62,"type":"if","locations":[{"start":{"line":62,"column":2},"end":{"line":62,"column":2}},{"start":{"line":62,"column":2},"end":{"line":62,"column":2}}]},"3":{"line":63,"type":"if","locations":[{"start":{"line":63,"column":7},"end":{"line":63,"column":7}},{"start":{"line":63,"column":7},"end":{"line":63,"column":7}}]},"4":{"line":66,"type":"binary-expr","locations":[{"start":{"line":66,"column":26},"end":{"line":66,"column":37}},{"start":{"line":66,"column":41},"end":{"line":66,"column":71}}]},"5":{"line":80,"type":"if","locations":[{"start":{"line":80,"column":2},"end":{"line":80,"column":2}},{"start":{"line":80,"column":2},"end":{"line":80,"column":2}}]},"6":{"line":80,"type":"binary-expr","locations":[{"start":{"line":80,"column":7},"end":{"line":80,"column":20}},{"start":{"line":80,"column":24},"end":{"line":80,"column":44}}]},"7":{"line":82,"type":"if","locations":[{"start":{"line":82,"column":2},"end":{"line":82,"column":2}},{"start":{"line":82,"column":2},"end":{"line":82,"column":2}}]},"8":{"line":86,"type":"if","locations":[{"start":{"line":86,"column":34},"end":{"line":86,"column":34}},{"start":{"line":86,"column":34},"end":{"line":86,"column":34}}]},"9":{"line":86,"type":"binary-expr","locations":[{"start":{"line":86,"column":39},"end":{"line":86,"column":56}},{"start":{"line":86,"column":60},"end":{"line":86,"column":68}}]},"10":{"line":91,"type":"if","locations":[{"start":{"line":91,"column":34},"end":{"line":91,"column":34}},{"start":{"line":91,"column":34},"end":{"line":91,"column":34}}]},"11":{"line":91,"type":"binary-expr","locations":[{"start":{"line":91,"column":39},"end":{"line":91,"column":42}},{"start":{"line":91,"column":46},"end":{"line":91,"column":59}}]},"12":{"line":92,"type":"if","locations":[{"start":{"line":92,"column":34},"end":{"line":92,"column":34}},{"start":{"line":92,"column":34},"end":{"line":92,"column":34}}]},"13":{"line":121,"type":"binary-expr","locations":[{"start":{"line":121,"column":15},"end":{"line":121,"column":18}},{"start":{"line":121,"column":22},"end":{"line":121,"column":24}}]},"14":{"line":123,"type":"binary-expr","locations":[{"start":{"line":123,"column":10},"end":{"line":123,"column":15}},{"start":{"line":123,"column":19},"end":{"line":123,"column":21}}]},"15":{"line":128,"type":"if","locations":[{"start":{"line":128,"column":10},"end":{"line":128,"column":10}},{"start":{"line":128,"column":10},"end":{"line":128,"column":10}}]},"16":{"line":129,"type":"if","locations":[{"start":{"line":129,"column":10},"end":{"line":129,"column":10}},{"start":{"line":129,"column":10},"end":{"line":129,"column":10}}]},"17":{"line":130,"type":"if","locations":[{"start":{"line":130,"column":10},"end":{"line":130,"column":10}},{"start":{"line":130,"column":10},"end":{"line":130,"column":10}}]},"18":{"line":139,"type":"cond-expr","locations":[{"start":{"line":139,"column":43},"end":{"line":139,"column":48}},{"start":{"line":139,"column":51},"end":{"line":139,"column":55}}]},"19":{"line":172,"type":"if","locations":[{"start":{"line":172,"column":10},"end":{"line":172,"column":10}},{"start":{"line":172,"column":10},"end":{"line":172,"column":10}}]},"20":{"line":193,"type":"if","locations":[{"start":{"line":193,"column":28},"end":{"line":193,"column":28}},{"start":{"line":193,"column":28},"end":{"line":193,"column":28}}]},"21":{"line":215,"type":"cond-expr","locations":[{"start":{"line":215,"column":53},"end":{"line":215,"column":57}},{"start":{"line":215,"column":60},"end":{"line":215,"column":65}}]},"22":{"line":218,"type":"if","locations":[{"start":{"line":218,"column":8},"end":{"line":218,"column":8}},{"start":{"line":218,"column":8},"end":{"line":218,"column":8}}]},"23":{"line":218,"type":"binary-expr","locations":[{"start":{"line":218,"column":13},"end":{"line":218,"column":22}},{"start":{"line":218,"column":26},"end":{"line":218,"column":38}}]},"24":{"line":235,"type":"if","locations":[{"start":{"line":235,"column":2},"end":{"line":235,"column":2}},{"start":{"line":235,"column":2},"end":{"line":235,"column":2}}]},"25":{"line":253,"type":"if","locations":[{"start":{"line":253,"column":1},"end":{"line":253,"column":1}},{"start":{"line":253,"column":1},"end":{"line":253,"column":1}}]},"26":{"line":260,"type":"if","locations":[{"start":{"line":260,"column":21},"end":{"line":260,"column":21}},{"start":{"line":260,"column":21},"end":{"line":260,"column":21}}]},"27":{"line":273,"type":"if","locations":[{"start":{"line":273,"column":1},"end":{"line":273,"column":1}},{"start":{"line":273,"column":1},"end":{"line":273,"column":1}}]},"28":{"line":287,"type":"if","locations":[{"start":{"line":287,"column":2},"end":{"line":287,"column":2}},{"start":{"line":287,"column":2},"end":{"line":287,"column":2}}]},"29":{"line":317,"type":"if","locations":[{"start":{"line":317,"column":4},"end":{"line":317,"column":4}},{"start":{"line":317,"column":4},"end":{"line":317,"column":4}}]},"30":{"line":336,"type":"if","locations":[{"start":{"line":336,"column":4},"end":{"line":336,"column":4}},{"start":{"line":336,"column":4},"end":{"line":336,"column":4}}]},"31":{"line":346,"type":"if","locations":[{"start":{"line":346,"column":14},"end":{"line":346,"column":14}},{"start":{"line":346,"column":14},"end":{"line":346,"column":14}}]},"32":{"line":351,"type":"if","locations":[{"start":{"line":351,"column":48},"end":{"line":351,"column":48}},{"start":{"line":351,"column":48},"end":{"line":351,"column":48}}]},"33":{"line":367,"type":"if","locations":[{"start":{"line":367,"column":0},"end":{"line":367,"column":0}},{"start":{"line":367,"column":0},"end":{"line":367,"column":0}}]},"34":{"line":380,"type":"if","locations":[{"start":{"line":380,"column":2},"end":{"line":380,"column":2}},{"start":{"line":380,"column":2},"end":{"line":380,"column":2}}]},"35":{"line":381,"type":"if","locations":[{"start":{"line":381,"column":2},"end":{"line":381,"column":2}},{"start":{"line":381,"column":2},"end":{"line":381,"column":2}}]},"36":{"line":387,"type":"if","locations":[{"start":{"line":387,"column":2},"end":{"line":387,"column":2}},{"start":{"line":387,"column":2},"end":{"line":387,"column":2}}]},"37":{"line":427,"type":"if","locations":[{"start":{"line":427,"column":18},"end":{"line":427,"column":18}},{"start":{"line":427,"column":18},"end":{"line":427,"column":18}}]},"38":{"line":447,"type":"if","locations":[{"start":{"line":447,"column":22},"end":{"line":447,"column":22}},{"start":{"line":447,"column":22},"end":{"line":447,"column":22}}]},"39":{"line":468,"type":"cond-expr","locations":[{"start":{"line":468,"column":56},"end":{"line":468,"column":60}},{"start":{"line":468,"column":63},"end":{"line":468,"column":68}}]},"40":{"line":473,"type":"if","locations":[{"start":{"line":473,"column":18},"end":{"line":473,"column":18}},{"start":{"line":473,"column":18},"end":{"line":473,"column":18}}]},"41":{"line":473,"type":"binary-expr","locations":[{"start":{"line":473,"column":23},"end":{"line":473,"column":32}},{"start":{"line":473,"column":36},"end":{"line":473,"column":48}}]},"42":{"line":490,"type":"if","locations":[{"start":{"line":490,"column":10},"end":{"line":490,"column":10}},{"start":{"line":490,"column":10},"end":{"line":490,"column":10}}]},"43":{"line":504,"type":"if","locations":[{"start":{"line":504,"column":4},"end":{"line":504,"column":4}},{"start":{"line":504,"column":4},"end":{"line":504,"column":4}}]},"44":{"line":510,"type":"cond-expr","locations":[{"start":{"line":510,"column":70},"end":{"line":510,"column":94}},{"start":{"line":510,"column":97},"end":{"line":510,"column":99}}]}}},"/Users/peternaydenov/Sites/git-code-assembly-line/process-tools.js":{"path":"/Users/peternaydenov/Sites/git-code-assembly-line/process-tools.js","s":{"1":1,"2":1,"3":1,"4":38,"5":38,"6":38,"7":38,"8":38,"9":38,"10":5,"11":5,"12":33,"13":54,"14":54,"15":54,"16":4,"17":54,"18":7,"19":33,"20":44,"21":44,"22":4,"23":40,"24":2,"25":38,"26":62,"27":62,"28":2,"29":2,"30":60,"31":60,"32":3,"33":38,"34":24,"35":1,"36":1,"37":2,"38":1,"39":22,"40":0,"41":22,"42":22,"43":22,"44":0,"45":22,"46":33,"47":33,"48":33,"49":21,"50":21,"51":1,"52":21,"53":0,"54":0,"55":21,"56":21,"57":21,"58":21,"59":21,"60":21,"61":0,"62":0,"63":21,"64":21,"65":21,"66":8,"67":0,"68":0,"69":8,"70":8,"71":6,"72":8,"73":2,"74":2,"75":2,"76":2,"77":2,"78":2,"79":2,"80":0,"81":0,"82":0,"83":0,"84":0,"85":0,"86":0,"87":0,"88":0,"89":0,"90":0,"91":0,"92":0,"93":0,"94":22,"95":1},"b":{"1":[5,33],"2":[4,50],"3":[7,47],"4":[4,40],"5":[2,38],"6":[2,60],"7":[3,57],"8":[0,22],"9":[0,22],"10":[21,8,2,2,0,0,0,0],"11":[1,20],"12":[0,21],"13":[21,17],"14":[21,16],"15":[4,17],"16":[4,2],"17":[21,19],"18":[0,21],"19":[0,8],"20":[6,2],"21":[0,0]},"f":{"1":38,"2":44,"3":1,"4":22},"fnMap":{"1":{"name":"(anonymous_1)","line":9,"loc":{"start":{"line":9,"column":12},"end":{"line":9,"column":29}}},"2":{"name":"(anonymous_2)","line":34,"loc":{"start":{"line":34,"column":14},"end":{"line":34,"column":29}}},"3":{"name":"(anonymous_3)","line":62,"loc":{"start":{"line":62,"column":14},"end":{"line":62,"column":34}}},"4":{"name":"(anonymous_4)","line":73,"loc":{"start":{"line":73,"column":8},"end":{"line":73,"column":48}}}},"statementMap":{"1":{"start":{"line":3,"column":0},"end":{"line":3,"column":39}},"2":{"start":{"line":4,"column":0},"end":{"line":4,"column":51}},"3":{"start":{"line":8,"column":0},"end":{"line":171,"column":1}},"4":{"start":{"line":10,"column":2},"end":{"line":10,"column":22}},"5":{"start":{"line":12,"column":2},"end":{"line":12,"column":21}},"6":{"start":{"line":13,"column":2},"end":{"line":13,"column":25}},"7":{"start":{"line":14,"column":2},"end":{"line":14,"column":21}},"8":{"start":{"line":16,"column":2},"end":{"line":16,"column":40}},"9":{"start":{"line":17,"column":2},"end":{"line":20,"column":6}},"10":{"start":{"line":18,"column":16},"end":{"line":18,"column":43}},"11":{"start":{"line":19,"column":16},"end":{"line":19,"column":32}},"12":{"start":{"line":22,"column":2},"end":{"line":27,"column":7}},"13":{"start":{"line":23,"column":8},"end":{"line":23,"column":39}},"14":{"start":{"line":24,"column":8},"end":{"line":24,"column":40}},"15":{"start":{"line":25,"column":8},"end":{"line":25,"column":66}},"16":{"start":{"line":25,"column":33},"end":{"line":25,"column":66}},"17":{"start":{"line":26,"column":8},"end":{"line":26,"column":66}},"18":{"start":{"line":26,"column":33},"end":{"line":26,"column":66}},"19":{"start":{"line":29,"column":2},"end":{"line":29,"column":17}},"20":{"start":{"line":35,"column":6},"end":{"line":39,"column":14}},"21":{"start":{"line":41,"column":8},"end":{"line":41,"column":70}},"22":{"start":{"line":41,"column":31},"end":{"line":41,"column":70}},"23":{"start":{"line":42,"column":8},"end":{"line":42,"column":70}},"24":{"start":{"line":42,"column":31},"end":{"line":42,"column":70}},"25":{"start":{"line":44,"column":8},"end":{"line":52,"column":10}},"26":{"start":{"line":45,"column":16},"end":{"line":45,"column":43}},"27":{"start":{"line":46,"column":16},"end":{"line":49,"column":20}},"28":{"start":{"line":47,"column":24},"end":{"line":47,"column":65}},"29":{"start":{"line":48,"column":24},"end":{"line":48,"column":30}},"30":{"start":{"line":50,"column":16},"end":{"line":50,"column":64}},"31":{"start":{"line":51,"column":16},"end":{"line":51,"column":95}},"32":{"start":{"line":51,"column":39},"end":{"line":51,"column":95}},"33":{"start":{"line":53,"column":8},"end":{"line":53,"column":18}},"34":{"start":{"line":58,"column":29},"end":{"line":58,"column":56}},"35":{"start":{"line":63,"column":4},"end":{"line":66,"column":9}},"36":{"start":{"line":67,"column":4},"end":{"line":67,"column":46}},"37":{"start":{"line":67,"column":19},"end":{"line":67,"column":46}},"38":{"start":{"line":68,"column":4},"end":{"line":68,"column":17}},"39":{"start":{"line":75,"column":4},"end":{"line":75,"column":56}},"40":{"start":{"line":75,"column":50},"end":{"line":75,"column":56}},"41":{"start":{"line":76,"column":4},"end":{"line":76,"column":46}},"42":{"start":{"line":77,"column":4},"end":{"line":84,"column":9}},"43":{"start":{"line":86,"column":8},"end":{"line":86,"column":45}},"44":{"start":{"line":86,"column":30},"end":{"line":86,"column":45}},"45":{"start":{"line":87,"column":8},"end":{"line":168,"column":9}},"46":{"start":{"line":88,"column":10},"end":{"line":90,"column":17}},"47":{"start":{"line":92,"column":11},"end":{"line":92,"column":23}},"48":{"start":{"line":94,"column":11},"end":{"line":167,"column":13}},"49":{"start":{"line":96,"column":26},"end":{"line":96,"column":46}},"50":{"start":{"line":97,"column":26},"end":{"line":97,"column":136}},"51":{"start":{"line":97,"column":47},"end":{"line":97,"column":136}},"52":{"start":{"line":99,"column":26},"end":{"line":102,"column":32}},"53":{"start":{"line":100,"column":36},"end":{"line":100,"column":92}},"54":{"start":{"line":101,"column":36},"end":{"line":101,"column":42}},"55":{"start":{"line":104,"column":26},"end":{"line":111,"column":33}},"56":{"start":{"line":113,"column":26},"end":{"line":113,"column":49}},"57":{"start":{"line":114,"column":26},"end":{"line":114,"column":49}},"58":{"start":{"line":115,"column":26},"end":{"line":115,"column":107}},"59":{"start":{"line":117,"column":26},"end":{"line":117,"column":191}},"60":{"start":{"line":118,"column":26},"end":{"line":124,"column":30}},"61":{"start":{"line":119,"column":34},"end":{"line":119,"column":93}},"62":{"start":{"line":119,"column":68},"end":{"line":119,"column":91}},"63":{"start":{"line":122,"column":34},"end":{"line":122,"column":55}},"64":{"start":{"line":123,"column":34},"end":{"line":123,"column":53}},"65":{"start":{"line":125,"column":26},"end":{"line":125,"column":31}},"66":{"start":{"line":127,"column":26},"end":{"line":130,"column":30}},"67":{"start":{"line":128,"column":33},"end":{"line":128,"column":93}},"68":{"start":{"line":129,"column":33},"end":{"line":129,"column":39}},"69":{"start":{"line":132,"column":26},"end":{"line":132,"column":63}},"70":{"start":{"line":133,"column":26},"end":{"line":133,"column":93}},"71":{"start":{"line":133,"column":43},"end":{"line":133,"column":93}},"72":{"start":{"line":134,"column":26},"end":{"line":134,"column":31}},"73":{"start":{"line":136,"column":26},"end":{"line":136,"column":44}},"74":{"start":{"line":137,"column":26},"end":{"line":137,"column":68}},"75":{"start":{"line":138,"column":26},"end":{"line":138,"column":107}},"76":{"start":{"line":139,"column":26},"end":{"line":139,"column":31}},"77":{"start":{"line":141,"column":26},"end":{"line":141,"column":68}},"78":{"start":{"line":142,"column":26},"end":{"line":142,"column":46}},"79":{"start":{"line":143,"column":26},"end":{"line":143,"column":31}},"80":{"start":{"line":145,"column":26},"end":{"line":145,"column":76}},"81":{"start":{"line":146,"column":26},"end":{"line":146,"column":70}},"82":{"start":{"line":147,"column":26},"end":{"line":147,"column":31}},"83":{"start":{"line":149,"column":26},"end":{"line":149,"column":48}},"84":{"start":{"line":150,"column":26},"end":{"line":150,"column":54}},"85":{"start":{"line":151,"column":26},"end":{"line":151,"column":67}},"86":{"start":{"line":152,"column":26},"end":{"line":152,"column":31}},"87":{"start":{"line":154,"column":26},"end":{"line":157,"column":33}},"88":{"start":{"line":158,"column":26},"end":{"line":158,"column":59}},"89":{"start":{"line":159,"column":26},"end":{"line":159,"column":31}},"90":{"start":{"line":161,"column":26},"end":{"line":164,"column":30}},"91":{"start":{"line":162,"column":32},"end":{"line":162,"column":92}},"92":{"start":{"line":163,"column":32},"end":{"line":163,"column":38}},"93":{"start":{"line":166,"column":26},"end":{"line":166,"column":69}},"94":{"start":{"line":169,"column":7},"end":{"line":169,"column":21}},"95":{"start":{"line":175,"column":0},"end":{"line":175,"column":20}}},"branchMap":{"1":{"line":17,"type":"if","locations":[{"start":{"line":17,"column":2},"end":{"line":17,"column":2}},{"start":{"line":17,"column":2},"end":{"line":17,"column":2}}]},"2":{"line":25,"type":"if","locations":[{"start":{"line":25,"column":8},"end":{"line":25,"column":8}},{"start":{"line":25,"column":8},"end":{"line":25,"column":8}}]},"3":{"line":26,"type":"if","locations":[{"start":{"line":26,"column":8},"end":{"line":26,"column":8}},{"start":{"line":26,"column":8},"end":{"line":26,"column":8}}]},"4":{"line":41,"type":"if","locations":[{"start":{"line":41,"column":8},"end":{"line":41,"column":8}},{"start":{"line":41,"column":8},"end":{"line":41,"column":8}}]},"5":{"line":42,"type":"if","locations":[{"start":{"line":42,"column":8},"end":{"line":42,"column":8}},{"start":{"line":42,"column":8},"end":{"line":42,"column":8}}]},"6":{"line":46,"type":"if","locations":[{"start":{"line":46,"column":16},"end":{"line":46,"column":16}},{"start":{"line":46,"column":16},"end":{"line":46,"column":16}}]},"7":{"line":51,"type":"if","locations":[{"start":{"line":51,"column":16},"end":{"line":51,"column":16}},{"start":{"line":51,"column":16},"end":{"line":51,"column":16}}]},"8":{"line":75,"type":"if","locations":[{"start":{"line":75,"column":4},"end":{"line":75,"column":4}},{"start":{"line":75,"column":4},"end":{"line":75,"column":4}}]},"9":{"line":86,"type":"if","locations":[{"start":{"line":86,"column":8},"end":{"line":86,"column":8}},{"start":{"line":86,"column":8},"end":{"line":86,"column":8}}]},"10":{"line":94,"type":"switch","locations":[{"start":{"line":95,"column":12},"end":{"line":125,"column":31}},{"start":{"line":126,"column":12},"end":{"line":134,"column":31}},{"start":{"line":135,"column":12},"end":{"line":139,"column":31}},{"start":{"line":140,"column":12},"end":{"line":143,"column":31}},{"start":{"line":144,"column":12},"end":{"line":147,"column":31}},{"start":{"line":148,"column":12},"end":{"line":152,"column":31}},{"start":{"line":153,"column":12},"end":{"line":159,"column":31}},{"start":{"line":160,"column":16},"end":{"line":166,"column":69}}]},"11":{"line":97,"type":"if","locations":[{"start":{"line":97,"column":26},"end":{"line":97,"column":26}},{"start":{"line":97,"column":26},"end":{"line":97,"column":26}}]},"12":{"line":99,"type":"if","locations":[{"start":{"line":99,"column":26},"end":{"line":99,"column":26}},{"start":{"line":99,"column":26},"end":{"line":99,"column":26}}]},"13":{"line":105,"type":"binary-expr","locations":[{"start":{"line":105,"column":46},"end":{"line":105,"column":60}},{"start":{"line":105,"column":70},"end":{"line":105,"column":75}}]},"14":{"line":106,"type":"binary-expr","locations":[{"start":{"line":106,"column":46},"end":{"line":106,"column":59}},{"start":{"line":106,"column":70},"end":{"line":106,"column":75}}]},"15":{"line":107,"type":"cond-expr","locations":[{"start":{"line":107,"column":54},"end":{"line":107,"column":79}},{"start":{"line":107,"column":82},"end":{"line":107,"column":87}}]},"16":{"line":107,"type":"binary-expr","locations":[{"start":{"line":107,"column":54},"end":{"line":107,"column":70}},{"start":{"line":107,"column":74},"end":{"line":107,"column":79}}]},"17":{"line":115,"type":"binary-expr","locations":[{"start":{"line":115,"column":55},"end":{"line":115,"column":83}},{"start":{"line":115,"column":87},"end":{"line":115,"column":107}}]},"18":{"line":118,"type":"if","locations":[{"start":{"line":118,"column":26},"end":{"line":118,"column":26}},{"start":{"line":118,"column":26},"end":{"line":118,"column":26}}]},"19":{"line":127,"type":"if","locations":[{"start":{"line":127,"column":26},"end":{"line":127,"column":26}},{"start":{"line":127,"column":26},"end":{"line":127,"column":26}}]},"20":{"line":133,"type":"if","locations":[{"start":{"line":133,"column":26},"end":{"line":133,"column":26}},{"start":{"line":133,"column":26},"end":{"line":133,"column":26}}]},"21":{"line":161,"type":"if","locations":[{"start":{"line":161,"column":26},"end":{"line":161,"column":26}},{"start":{"line":161,"column":26},"end":{"line":161,"column":26}}]}}},"/Users/peternaydenov/Sites/git-code-assembly-line/process-operations.js":{"path":"/Users/peternaydenov/Sites/git-code-assembly-line/process-operations.js","s":{"1":1,"2":30,"3":30,"4":57,"5":57,"6":57,"7":1,"8":1,"9":57,"10":92,"11":92,"12":59,"13":60,"14":59,"15":57,"16":57,"17":20,"18":20,"19":1,"20":1,"21":1,"22":1,"23":57,"24":57,"25":57,"26":11,"27":11,"28":2,"29":11,"30":2,"31":2,"32":7,"33":7,"34":7,"35":1,"36":1,"37":1,"38":1,"39":1,"40":11,"41":11,"42":11,"43":57,"44":12,"45":12,"46":2,"47":12,"48":2,"49":2,"50":2,"51":7,"52":7,"53":7,"54":3,"55":3,"56":12,"57":57,"58":50,"59":30,"60":3,"61":3,"62":3,"63":15,"64":3,"65":15,"66":5,"67":15,"68":4,"69":4,"70":3,"71":21,"72":8,"73":21,"74":2,"75":21,"76":57,"77":57,"78":195,"79":57,"80":3,"81":3,"82":3,"83":3,"84":3,"85":9,"86":11,"87":9,"88":3,"89":6,"90":6,"91":6,"92":6,"93":3,"94":7,"95":7,"96":14,"97":7,"98":8,"99":8,"100":8,"101":8,"102":16,"103":16,"104":8,"105":16,"106":8,"107":7,"108":13,"109":13,"110":5,"111":5,"112":8,"113":6,"114":8,"115":10,"116":0,"117":0,"118":10,"119":5,"120":5,"121":3,"122":3,"123":2,"124":1,"125":1,"126":8,"127":5,"128":5,"129":6,"130":5,"131":2,"132":2,"133":3,"134":2,"135":2,"136":2,"137":2,"138":2,"139":1,"140":1,"141":2,"142":2,"143":2,"144":1,"145":1,"146":1,"147":1,"148":1,"149":0,"150":1,"151":2,"152":4,"153":2,"154":3,"155":3,"156":3,"157":3,"158":2,"159":2,"160":4,"161":2,"162":3,"163":7,"164":2,"165":8,"166":1,"167":7,"168":6,"169":6,"170":6,"171":1,"172":1,"173":5,"174":1},"b":{"1":[53,4],"2":[1,56],"3":[59,33],"4":[20,37],"5":[57,25],"6":[1,19],"7":[11,46],"8":[57,24],"9":[2,9],"10":[11,4],"11":[2,7,1,1],"12":[12,45],"13":[57,24],"14":[2,10],"15":[12,4],"16":[2,7,3],"17":[50,7],"18":[3,12],"19":[5,10],"20":[4,11],"21":[8,13],"22":[2,19],"23":[3,0],"24":[8,8],"25":[5,8],"26":[6,2],"27":[0,10],"28":[5,3,2],"29":[1,1],"30":[1,1],"31":[1,0],"32":[1,0],"33":[1,7],"34":[1,5]},"f":{"1":30,"2":3,"3":57,"4":3,"5":9,"6":3,"7":7,"8":13,"9":5,"10":2,"11":1,"12":2,"13":2,"14":8,"15":6},"fnMap":{"1":{"name":"(anonymous_1)","line":20,"loc":{"start":{"line":20,"column":9},"end":{"line":20,"column":29}}},"2":{"name":"(anonymous_2)","line":130,"loc":{"start":{"line":130,"column":22},"end":{"line":130,"column":52}}},"3":{"name":"(anonymous_3)","line":158,"loc":{"start":{"line":158,"column":14},"end":{"line":158,"column":34}}},"4":{"name":"(anonymous_4)","line":169,"loc":{"start":{"line":169,"column":18},"end":{"line":169,"column":57}}},"5":{"name":"(anonymous_5)","line":187,"loc":{"start":{"line":187,"column":10},"end":{"line":187,"column":28}}},"6":{"name":"(anonymous_6)","line":195,"loc":{"start":{"line":195,"column":8},"end":{"line":195,"column":31}}},"7":{"name":"(anonymous_7)","line":210,"loc":{"start":{"line":210,"column":10},"end":{"line":210,"column":34}}},"8":{"name":"(anonymous_8)","line":235,"loc":{"start":{"line":235,"column":23},"end":{"line":235,"column":49}}},"9":{"name":"(anonymous_9)","line":266,"loc":{"start":{"line":266,"column":17},"end":{"line":266,"column":35}}},"10":{"name":"(anonymous_10)","line":274,"loc":{"start":{"line":274,"column":8},"end":{"line":274,"column":32}}},"11":{"name":"(anonymous_11)","line":297,"loc":{"start":{"line":297,"column":18},"end":{"line":297,"column":48}}},"12":{"name":"(anonymous_12)","line":312,"loc":{"start":{"line":312,"column":9},"end":{"line":312,"column":33}}},"13":{"name":"(anonymous_13)","line":334,"loc":{"start":{"line":334,"column":11},"end":{"line":334,"column":35}}},"14":{"name":"(anonymous_14)","line":352,"loc":{"start":{"line":352,"column":9},"end":{"line":352,"column":31}}},"15":{"name":"(anonymous_15)","line":364,"loc":{"start":{"line":364,"column":11},"end":{"line":364,"column":35}}}},"statementMap":{"1":{"start":{"line":18,"column":0},"end":{"line":378,"column":1}},"2":{"start":{"line":42,"column":4},"end":{"line":45,"column":9}},"3":{"start":{"line":47,"column":4},"end":{"line":122,"column":10}},"4":{"start":{"line":48,"column":16},"end":{"line":48,"column":57}},"5":{"start":{"line":49,"column":16},"end":{"line":51,"column":74}},"6":{"start":{"line":53,"column":16},"end":{"line":56,"column":20}},"7":{"start":{"line":54,"column":28},"end":{"line":54,"column":65}},"8":{"start":{"line":55,"column":28},"end":{"line":55,"column":89}},"9":{"start":{"line":58,"column":16},"end":{"line":64,"column":23}},"10":{"start":{"line":59,"column":28},"end":{"line":59,"column":55}},"11":{"start":{"line":60,"column":28},"end":{"line":63,"column":32}},"12":{"start":{"line":61,"column":36},"end":{"line":61,"column":91}},"13":{"start":{"line":61,"column":69},"end":{"line":61,"column":91}},"14":{"start":{"line":62,"column":36},"end":{"line":62,"column":52}},"15":{"start":{"line":66,"column":16},"end":{"line":68,"column":21}},"16":{"start":{"line":70,"column":16},"end":{"line":78,"column":17}},"17":{"start":{"line":71,"column":22},"end":{"line":77,"column":26}},"18":{"start":{"line":72,"column":28},"end":{"line":76,"column":33}},"19":{"start":{"line":73,"column":44},"end":{"line":73,"column":77}},"20":{"start":{"line":74,"column":44},"end":{"line":74,"column":105}},"21":{"start":{"line":74,"column":67},"end":{"line":74,"column":100}},"22":{"start":{"line":75,"column":44},"end":{"line":75,"column":70}},"23":{"start":{"line":80,"column":16},"end":{"line":80,"column":50}},"24":{"start":{"line":81,"column":16},"end":{"line":81,"column":56}},"25":{"start":{"line":83,"column":16},"end":{"line":103,"column":20}},"26":{"start":{"line":84,"column":28},"end":{"line":84,"column":48}},"27":{"start":{"line":85,"column":28},"end":{"line":85,"column":105}},"28":{"start":{"line":85,"column":86},"end":{"line":85,"column":105}},"29":{"start":{"line":86,"column":28},"end":{"line":98,"column":33}},"30":{"start":{"line":88,"column":52},"end":{"line":88,"column":76}},"31":{"start":{"line":89,"column":52},"end":{"line":89,"column":57}},"32":{"start":{"line":91,"column":52},"end":{"line":91,"column":78}},"33":{"start":{"line":91,"column":76},"end":{"line":91,"column":78}},"34":{"start":{"line":92,"column":52},"end":{"line":92,"column":57}},"35":{"start":{"line":94,"column":52},"end":{"line":94,"column":82}},"36":{"start":{"line":94,"column":79},"end":{"line":94,"column":82}},"37":{"start":{"line":95,"column":52},"end":{"line":95,"column":57}},"38":{"start":{"line":97,"column":52},"end":{"line":97,"column":85}},"39":{"start":{"line":97,"column":76},"end":{"line":97,"column":85}},"40":{"start":{"line":99,"column":28},"end":{"line":102,"column":33}},"41":{"start":{"line":100,"column":48},"end":{"line":100,"column":75}},"42":{"start":{"line":101,"column":48},"end":{"line":101,"column":87}},"43":{"start":{"line":105,"column":16},"end":{"line":119,"column":21}},"44":{"start":{"line":106,"column":28},"end":{"line":106,"column":47}},"45":{"start":{"line":107,"column":28},"end":{"line":107,"column":109}},"46":{"start":{"line":107,"column":91},"end":{"line":107,"column":109}},"47":{"start":{"line":108,"column":28},"end":{"line":117,"column":33}},"48":{"start":{"line":110,"column":46},"end":{"line":110,"column":81}},"49":{"start":{"line":110,"column":70},"end":{"line":110,"column":81}},"50":{"start":{"line":111,"column":46},"end":{"line":111,"column":51}},"51":{"start":{"line":113,"column":46},"end":{"line":113,"column":72}},"52":{"start":{"line":113,"column":70},"end":{"line":113,"column":72}},"53":{"start":{"line":114,"column":46},"end":{"line":114,"column":51}},"54":{"start":{"line":116,"column":46},"end":{"line":116,"column":81}},"55":{"start":{"line":116,"column":69},"end":{"line":116,"column":81}},"56":{"start":{"line":118,"column":28},"end":{"line":118,"column":59}},"57":{"start":{"line":121,"column":16},"end":{"line":121,"column":68}},"58":{"start":{"line":121,"column":40},"end":{"line":121,"column":68}},"59":{"start":{"line":123,"column":4},"end":{"line":123,"column":17}},"60":{"start":{"line":132,"column":2},"end":{"line":135,"column":7}},"61":{"start":{"line":136,"column":2},"end":{"line":136,"column":21}},"62":{"start":{"line":138,"column":2},"end":{"line":145,"column":9}},"63":{"start":{"line":139,"column":10},"end":{"line":139,"column":85}},"64":{"start":{"line":139,"column":46},"end":{"line":139,"column":85}},"65":{"start":{"line":140,"column":10},"end":{"line":140,"column":87}},"66":{"start":{"line":140,"column":46},"end":{"line":140,"column":87}},"67":{"start":{"line":141,"column":10},"end":{"line":144,"column":14}},"68":{"start":{"line":142,"column":46},"end":{"line":142,"column":87}},"69":{"start":{"line":143,"column":46},"end":{"line":143,"column":78}},"70":{"start":{"line":147,"column":2},"end":{"line":151,"column":20}},"71":{"start":{"line":148,"column":40},"end":{"line":148,"column":85}},"72":{"start":{"line":148,"column":62},"end":{"line":148,"column":85}},"73":{"start":{"line":149,"column":40},"end":{"line":149,"column":84}},"74":{"start":{"line":149,"column":62},"end":{"line":149,"column":84}},"75":{"start":{"line":150,"column":40},"end":{"line":150,"column":50}},"76":{"start":{"line":159,"column":4},"end":{"line":162,"column":9}},"77":{"start":{"line":163,"column":4},"end":{"line":163,"column":46}},"78":{"start":{"line":163,"column":19},"end":{"line":163,"column":46}},"79":{"start":{"line":164,"column":4},"end":{"line":164,"column":17}},"80":{"start":{"line":171,"column":2},"end":{"line":174,"column":28}},"81":{"start":{"line":177,"column":2},"end":{"line":180,"column":6}},"82":{"start":{"line":178,"column":8},"end":{"line":178,"column":38}},"83":{"start":{"line":179,"column":8},"end":{"line":179,"column":49}},"84":{"start":{"line":182,"column":2},"end":{"line":182,"column":21}},"85":{"start":{"line":189,"column":4},"end":{"line":189,"column":64}},"86":{"start":{"line":189,"column":48},"end":{"line":189,"column":59}},"87":{"start":{"line":190,"column":4},"end":{"line":190,"column":21}},"88":{"start":{"line":197,"column":4},"end":{"line":204,"column":29}},"89":{"start":{"line":200,"column":32},"end":{"line":200,"column":45}},"90":{"start":{"line":201,"column":32},"end":{"line":201,"column":49}},"91":{"start":{"line":202,"column":32},"end":{"line":202,"column":48}},"92":{"start":{"line":203,"column":32},"end":{"line":203,"column":42}},"93":{"start":{"line":205,"column":4},"end":{"line":205,"column":18}},"94":{"start":{"line":212,"column":2},"end":{"line":216,"column":8}},"95":{"start":{"line":217,"column":2},"end":{"line":217,"column":75}},"96":{"start":{"line":217,"column":40},"end":{"line":217,"column":70}},"97":{"start":{"line":218,"column":2},"end":{"line":228,"column":6}},"98":{"start":{"line":219,"column":8},"end":{"line":219,"column":35}},"99":{"start":{"line":220,"column":8},"end":{"line":220,"column":46}},"100":{"start":{"line":221,"column":8},"end":{"line":221,"column":23}},"101":{"start":{"line":222,"column":8},"end":{"line":226,"column":14}},"102":{"start":{"line":223,"column":20},"end":{"line":223,"column":43}},"103":{"start":{"line":224,"column":20},"end":{"line":224,"column":58}},"104":{"start":{"line":224,"column":44},"end":{"line":224,"column":58}},"105":{"start":{"line":225,"column":20},"end":{"line":225,"column":37}},"106":{"start":{"line":227,"column":8},"end":{"line":227,"column":27}},"107":{"start":{"line":229,"column":2},"end":{"line":229,"column":15}},"108":{"start":{"line":236,"column":4},"end":{"line":236,"column":20}},"109":{"start":{"line":237,"column":4},"end":{"line":240,"column":8}},"110":{"start":{"line":238,"column":9},"end":{"line":238,"column":46}},"111":{"start":{"line":239,"column":9},"end":{"line":239,"column":22}},"112":{"start":{"line":242,"column":4},"end":{"line":242,"column":51}},"113":{"start":{"line":242,"column":36},"end":{"line":242,"column":51}},"114":{"start":{"line":244,"column":4},"end":{"line":260,"column":10}},"115":{"start":{"line":245,"column":12},"end":{"line":248,"column":15}},"116":{"start":{"line":246,"column":17},"end":{"line":246,"column":51}},"117":{"start":{"line":247,"column":17},"end":{"line":247,"column":30}},"118":{"start":{"line":249,"column":12},"end":{"line":259,"column":16}},"119":{"start":{"line":251,"column":30},"end":{"line":251,"column":44}},"120":{"start":{"line":252,"column":30},"end":{"line":252,"column":36}},"121":{"start":{"line":254,"column":30},"end":{"line":254,"column":51}},"122":{"start":{"line":255,"column":30},"end":{"line":255,"column":35}},"123":{"start":{"line":257,"column":30},"end":{"line":258,"column":57}},"124":{"start":{"line":257,"column":40},"end":{"line":257,"column":64}},"125":{"start":{"line":258,"column":40},"end":{"line":258,"column":57}},"126":{"start":{"line":261,"column":4},"end":{"line":261,"column":17}},"127":{"start":{"line":267,"column":4},"end":{"line":267,"column":20}},"128":{"start":{"line":268,"column":4},"end":{"line":268,"column":49}},"129":{"start":{"line":268,"column":35},"end":{"line":268,"column":49}},"130":{"start":{"line":269,"column":4},"end":{"line":269,"column":17}},"131":{"start":{"line":276,"column":2},"end":{"line":280,"column":8}},"132":{"start":{"line":281,"column":2},"end":{"line":281,"column":75}},"133":{"start":{"line":281,"column":40},"end":{"line":281,"column":70}},"134":{"start":{"line":282,"column":2},"end":{"line":291,"column":6}},"135":{"start":{"line":283,"column":8},"end":{"line":283,"column":35}},"136":{"start":{"line":284,"column":8},"end":{"line":284,"column":46}},"137":{"start":{"line":285,"column":8},"end":{"line":289,"column":30}},"138":{"start":{"line":286,"column":32},"end":{"line":287,"column":105}},"139":{"start":{"line":286,"column":52},"end":{"line":286,"column":71}},"140":{"start":{"line":287,"column":52},"end":{"line":287,"column":105}},"141":{"start":{"line":288,"column":32},"end":{"line":288,"column":42}},"142":{"start":{"line":290,"column":8},"end":{"line":290,"column":54}},"143":{"start":{"line":292,"column":2},"end":{"line":292,"column":15}},"144":{"start":{"line":298,"column":4},"end":{"line":301,"column":9}},"145":{"start":{"line":303,"column":4},"end":{"line":303,"column":57}},"146":{"start":{"line":303,"column":41},"end":{"line":303,"column":57}},"147":{"start":{"line":304,"column":4},"end":{"line":305,"column":40}},"148":{"start":{"line":304,"column":23},"end":{"line":304,"column":44}},"149":{"start":{"line":305,"column":23},"end":{"line":305,"column":40}},"150":{"start":{"line":307,"column":4},"end":{"line":307,"column":35}},"151":{"start":{"line":314,"column":4},"end":{"line":319,"column":8}},"152":{"start":{"line":318,"column":39},"end":{"line":318,"column":64}},"153":{"start":{"line":321,"column":4},"end":{"line":327,"column":9}},"154":{"start":{"line":322,"column":4},"end":{"line":326,"column":9}},"155":{"start":{"line":323,"column":12},"end":{"line":323,"column":51}},"156":{"start":{"line":324,"column":12},"end":{"line":324,"column":40}},"157":{"start":{"line":325,"column":12},"end":{"line":325,"column":47}},"158":{"start":{"line":329,"column":4},"end":{"line":329,"column":17}},"159":{"start":{"line":336,"column":4},"end":{"line":340,"column":8}},"160":{"start":{"line":339,"column":39},"end":{"line":339,"column":65}},"161":{"start":{"line":342,"column":4},"end":{"line":346,"column":9}},"162":{"start":{"line":343,"column":4},"end":{"line":345,"column":9}},"163":{"start":{"line":344,"column":16},"end":{"line":344,"column":44}},"164":{"start":{"line":347,"column":4},"end":{"line":347,"column":17}},"165":{"start":{"line":354,"column":4},"end":{"line":354,"column":26}},"166":{"start":{"line":354,"column":15},"end":{"line":354,"column":26}},"167":{"start":{"line":355,"column":4},"end":{"line":355,"column":35}},"168":{"start":{"line":360,"column":31},"end":{"line":360,"column":58}},"169":{"start":{"line":366,"column":4},"end":{"line":369,"column":7}},"170":{"start":{"line":371,"column":4},"end":{"line":374,"column":7}},"171":{"start":{"line":372,"column":12},"end":{"line":372,"column":93}},"172":{"start":{"line":373,"column":12},"end":{"line":373,"column":23}},"173":{"start":{"line":375,"column":4},"end":{"line":375,"column":34}},"174":{"start":{"line":382,"column":0},"end":{"line":382,"column":20}}},"branchMap":{"1":{"line":48,"type":"cond-expr","locations":[{"start":{"line":48,"column":35},"end":{"line":48,"column":51}},{"start":{"line":48,"column":54},"end":{"line":48,"column":56}}]},"2":{"line":53,"type":"if","locations":[{"start":{"line":53,"column":16},"end":{"line":53,"column":16}},{"start":{"line":53,"column":16},"end":{"line":53,"column":16}}]},"3":{"line":60,"type":"if","locations":[{"start":{"line":60,"column":28},"end":{"line":60,"column":28}},{"start":{"line":60,"column":28},"end":{"line":60,"column":28}}]},"4":{"line":70,"type":"if","locations":[{"start":{"line":70,"column":16},"end":{"line":70,"column":16}},{"start":{"line":70,"column":16},"end":{"line":70,"column":16}}]},"5":{"line":70,"type":"binary-expr","locations":[{"start":{"line":70,"column":21},"end":{"line":70,"column":34}},{"start":{"line":70,"column":38},"end":{"line":70,"column":48}}]},"6":{"line":72,"type":"if","locations":[{"start":{"line":72,"column":28},"end":{"line":72,"column":28}},{"start":{"line":72,"column":28},"end":{"line":72,"column":28}}]},"7":{"line":83,"type":"if","locations":[{"start":{"line":83,"column":16},"end":{"line":83,"column":16}},{"start":{"line":83,"column":16},"end":{"line":83,"column":16}}]},"8":{"line":83,"type":"binary-expr","locations":[{"start":{"line":83,"column":21},"end":{"line":83,"column":34}},{"start":{"line":83,"column":38},"end":{"line":83,"column":47}}]},"9":{"line":85,"type":"if","locations":[{"start":{"line":85,"column":28},"end":{"line":85,"column":28}},{"start":{"line":85,"column":28},"end":{"line":85,"column":28}}]},"10":{"line":85,"type":"binary-expr","locations":[{"start":{"line":85,"column":33},"end":{"line":85,"column":51}},{"start":{"line":85,"column":55},"end":{"line":85,"column":83}}]},"11":{"line":86,"type":"switch","locations":[{"start":{"line":87,"column":32},"end":{"line":89,"column":57}},{"start":{"line":90,"column":32},"end":{"line":92,"column":57}},{"start":{"line":93,"column":32},"end":{"line":95,"column":57}},{"start":{"line":96,"column":32},"end":{"line":97,"column":85}}]},"12":{"line":105,"type":"if","locations":[{"start":{"line":105,"column":16},"end":{"line":105,"column":16}},{"start":{"line":105,"column":16},"end":{"line":105,"column":16}}]},"13":{"line":105,"type":"binary-expr","locations":[{"start":{"line":105,"column":21},"end":{"line":105,"column":34}},{"start":{"line":105,"column":38},"end":{"line":105,"column":46}}]},"14":{"line":107,"type":"if","locations":[{"start":{"line":107,"column":28},"end":{"line":107,"column":28}},{"start":{"line":107,"column":28},"end":{"line":107,"column":28}}]},"15":{"line":107,"type":"binary-expr","locations":[{"start":{"line":107,"column":33},"end":{"line":107,"column":49}},{"start":{"line":107,"column":57},"end":{"line":107,"column":85}}]},"16":{"line":108,"type":"switch","locations":[{"start":{"line":109,"column":32},"end":{"line":111,"column":51}},{"start":{"line":112,"column":32},"end":{"line":114,"column":51}},{"start":{"line":115,"column":32},"end":{"line":116,"column":81}}]},"17":{"line":121,"type":"if","locations":[{"start":{"line":121,"column":16},"end":{"line":121,"column":16}},{"start":{"line":121,"column":16},"end":{"line":121,"column":16}}]},"18":{"line":139,"type":"if","locations":[{"start":{"line":139,"column":10},"end":{"line":139,"column":10}},{"start":{"line":139,"column":10},"end":{"line":139,"column":10}}]},"19":{"line":140,"type":"if","locations":[{"start":{"line":140,"column":10},"end":{"line":140,"column":10}},{"start":{"line":140,"column":10},"end":{"line":140,"column":10}}]},"20":{"line":141,"type":"if","locations":[{"start":{"line":141,"column":10},"end":{"line":141,"column":10}},{"start":{"line":141,"column":10},"end":{"line":141,"column":10}}]},"21":{"line":148,"type":"if","locations":[{"start":{"line":148,"column":40},"end":{"line":148,"column":40}},{"start":{"line":148,"column":40},"end":{"line":148,"column":40}}]},"22":{"line":149,"type":"if","locations":[{"start":{"line":149,"column":40},"end":{"line":149,"column":40}},{"start":{"line":149,"column":40},"end":{"line":149,"column":40}}]},"23":{"line":178,"type":"binary-expr","locations":[{"start":{"line":178,"column":18},"end":{"line":178,"column":30}},{"start":{"line":178,"column":34},"end":{"line":178,"column":37}}]},"24":{"line":224,"type":"if","locations":[{"start":{"line":224,"column":20},"end":{"line":224,"column":20}},{"start":{"line":224,"column":20},"end":{"line":224,"column":20}}]},"25":{"line":237,"type":"if","locations":[{"start":{"line":237,"column":4},"end":{"line":237,"column":4}},{"start":{"line":237,"column":4},"end":{"line":237,"column":4}}]},"26":{"line":242,"type":"if","locations":[{"start":{"line":242,"column":4},"end":{"line":242,"column":4}},{"start":{"line":242,"column":4},"end":{"line":242,"column":4}}]},"27":{"line":245,"type":"if","locations":[{"start":{"line":245,"column":12},"end":{"line":245,"column":12}},{"start":{"line":245,"column":12},"end":{"line":245,"column":12}}]},"28":{"line":249,"type":"switch","locations":[{"start":{"line":250,"column":16},"end":{"line":252,"column":36}},{"start":{"line":253,"column":16},"end":{"line":255,"column":35}},{"start":{"line":256,"column":20},"end":{"line":258,"column":57}}]},"29":{"line":257,"type":"if","locations":[{"start":{"line":257,"column":30},"end":{"line":257,"column":30}},{"start":{"line":257,"column":30},"end":{"line":257,"column":30}}]},"30":{"line":286,"type":"if","locations":[{"start":{"line":286,"column":32},"end":{"line":286,"column":32}},{"start":{"line":286,"column":32},"end":{"line":286,"column":32}}]},"31":{"line":303,"type":"if","locations":[{"start":{"line":303,"column":4},"end":{"line":303,"column":4}},{"start":{"line":303,"column":4},"end":{"line":303,"column":4}}]},"32":{"line":304,"type":"if","locations":[{"start":{"line":304,"column":4},"end":{"line":304,"column":4}},{"start":{"line":304,"column":4},"end":{"line":304,"column":4}}]},"33":{"line":354,"type":"if","locations":[{"start":{"line":354,"column":4},"end":{"line":354,"column":4}},{"start":{"line":354,"column":4},"end":{"line":354,"column":4}}]},"34":{"line":371,"type":"if","locations":[{"start":{"line":371,"column":4},"end":{"line":371,"column":4}},{"start":{"line":371,"column":4},"end":{"line":371,"column":4}}]}}},"/Users/peternaydenov/Sites/git-code-assembly-line/general-tools.js":{"path":"/Users/peternaydenov/Sites/git-code-assembly-line/general-tools.js","s":{"1":1,"2":1,"3":1,"4":2,"5":1,"6":1,"7":2,"8":1},"b":{"1":[1,1]},"f":{"1":1},"fnMap":{"1":{"name":"(anonymous_1)","line":5,"loc":{"start":{"line":5,"column":17},"end":{"line":5,"column":42}}}},"statementMap":{"1":{"start":{"line":3,"column":0},"end":{"line":20,"column":1}},"2":{"start":{"line":8,"column":4},"end":{"line":11,"column":9}},"3":{"start":{"line":13,"column":4},"end":{"line":17,"column":17}},"4":{"start":{"line":14,"column":20},"end":{"line":15,"column":81}},"5":{"start":{"line":14,"column":52},"end":{"line":14,"column":81}},"6":{"start":{"line":15,"column":52},"end":{"line":15,"column":81}},"7":{"start":{"line":16,"column":20},"end":{"line":16,"column":30}},"8":{"start":{"line":22,"column":0},"end":{"line":22,"column":22}}},"branchMap":{"1":{"line":14,"type":"if","locations":[{"start":{"line":14,"column":20},"end":{"line":14,"column":20}},{"start":{"line":14,"column":20},"end":{"line":14,"column":20}}]}}}}