{"/Users/peternaydenov/Sites/code-assembly/template-chop.js":{"path":"/Users/peternaydenov/Sites/code-assembly/template-chop.js","s":{"1":1,"2":1,"3":87,"4":87,"5":0,"6":87,"7":19,"8":68,"9":68,"10":42,"11":68,"12":22,"13":22,"14":46,"15":46,"16":46,"17":3,"18":43,"19":0,"20":43,"21":43,"22":1,"23":42,"24":42,"25":42,"26":42,"27":1},"b":{"1":[0,87],"2":[19,68],"3":[42,26],"4":[22,46],"5":[3,43],"6":[0,43],"7":[1,42],"8":[43,4]},"f":{"1":87},"fnMap":{"1":{"name":"chopTemplate","line":13,"loc":{"start":{"line":13,"column":0},"end":{"line":13,"column":29}}}},"statementMap":{"1":{"start":{"line":3,"column":0},"end":{"line":3,"column":36}},"2":{"start":{"line":13,"column":0},"end":{"line":49,"column":1}},"3":{"start":{"line":15,"column":4},"end":{"line":20,"column":7}},"4":{"start":{"line":22,"column":4},"end":{"line":22,"column":68}},"5":{"start":{"line":22,"column":36},"end":{"line":22,"column":68}},"6":{"start":{"line":23,"column":4},"end":{"line":23,"column":37}},"7":{"start":{"line":23,"column":28},"end":{"line":23,"column":37}},"8":{"start":{"line":25,"column":4},"end":{"line":25,"column":33}},"9":{"start":{"line":26,"column":4},"end":{"line":26,"column":55}},"10":{"start":{"line":26,"column":22},"end":{"line":26,"column":55}},"11":{"start":{"line":27,"column":4},"end":{"line":48,"column":10}},"12":{"start":{"line":28,"column":16},"end":{"line":28,"column":33}},"13":{"start":{"line":29,"column":16},"end":{"line":29,"column":27}},"14":{"start":{"line":32,"column":16},"end":{"line":32,"column":59}},"15":{"start":{"line":33,"column":16},"end":{"line":33,"column":40}},"16":{"start":{"line":35,"column":16},"end":{"line":35,"column":67}},"17":{"start":{"line":35,"column":35},"end":{"line":35,"column":67}},"18":{"start":{"line":36,"column":16},"end":{"line":37,"column":43}},"19":{"start":{"line":36,"column":35},"end":{"line":36,"column":67}},"20":{"start":{"line":37,"column":35},"end":{"line":37,"column":43}},"21":{"start":{"line":39,"column":16},"end":{"line":42,"column":17}},"22":{"start":{"line":41,"column":19},"end":{"line":41,"column":51}},"23":{"start":{"line":44,"column":16},"end":{"line":44,"column":49}},"24":{"start":{"line":45,"column":16},"end":{"line":45,"column":47}},"25":{"start":{"line":46,"column":16},"end":{"line":46,"column":58}},"26":{"start":{"line":47,"column":16},"end":{"line":47,"column":48}},"27":{"start":{"line":53,"column":0},"end":{"line":53,"column":30}}},"branchMap":{"1":{"line":22,"type":"if","locations":[{"start":{"line":22,"column":4},"end":{"line":22,"column":4}},{"start":{"line":22,"column":4},"end":{"line":22,"column":4}}]},"2":{"line":23,"type":"if","locations":[{"start":{"line":23,"column":4},"end":{"line":23,"column":4}},{"start":{"line":23,"column":4},"end":{"line":23,"column":4}}]},"3":{"line":26,"type":"if","locations":[{"start":{"line":26,"column":4},"end":{"line":26,"column":4}},{"start":{"line":26,"column":4},"end":{"line":26,"column":4}}]},"4":{"line":27,"type":"if","locations":[{"start":{"line":27,"column":4},"end":{"line":27,"column":4}},{"start":{"line":27,"column":4},"end":{"line":27,"column":4}}]},"5":{"line":35,"type":"if","locations":[{"start":{"line":35,"column":16},"end":{"line":35,"column":16}},{"start":{"line":35,"column":16},"end":{"line":35,"column":16}}]},"6":{"line":36,"type":"if","locations":[{"start":{"line":36,"column":16},"end":{"line":36,"column":16}},{"start":{"line":36,"column":16},"end":{"line":36,"column":16}}]},"7":{"line":39,"type":"if","locations":[{"start":{"line":39,"column":16},"end":{"line":39,"column":16}},{"start":{"line":39,"column":16},"end":{"line":39,"column":16}}]},"8":{"line":39,"type":"binary-expr","locations":[{"start":{"line":39,"column":21},"end":{"line":39,"column":37}},{"start":{"line":39,"column":41},"end":{"line":39,"column":57}}]}}},"/Users/peternaydenov/Sites/code-assembly/errors.js":{"path":"/Users/peternaydenov/Sites/code-assembly/errors.js","s":{"1":1,"2":1},"b":{},"f":{},"fnMap":{},"statementMap":{"1":{"start":{"line":6,"column":0},"end":{"line":17,"column":1}},"2":{"start":{"line":19,"column":0},"end":{"line":19,"column":24}}},"branchMap":{}},"/Users/peternaydenov/Sites/code-assembly/template-tools.js":{"path":"/Users/peternaydenov/Sites/code-assembly/template-tools.js","s":{"1":1,"2":1,"3":1,"4":37,"5":37,"6":37,"7":37,"8":36,"9":37,"10":37,"11":1,"12":37,"13":2,"14":40,"15":40,"16":40,"17":37,"18":3,"19":40,"20":40,"21":40,"22":103,"23":42,"24":42,"25":1,"26":41,"27":40,"28":1},"b":{"1":[36,1],"2":[1,36],"3":[37,3],"4":[37,3],"5":[42,61],"6":[1,41]},"f":{"1":37,"2":2,"3":40},"fnMap":{"1":{"name":"(anonymous_1)","line":32,"loc":{"start":{"line":32,"column":19},"end":{"line":32,"column":34}}},"2":{"name":"(anonymous_2)","line":49,"loc":{"start":{"line":49,"column":27},"end":{"line":49,"column":60}}},"3":{"name":"(anonymous_3)","line":64,"loc":{"start":{"line":64,"column":21},"end":{"line":64,"column":43}}}},"statementMap":{"1":{"start":{"line":3,"column":0},"end":{"line":3,"column":41}},"2":{"start":{"line":4,"column":0},"end":{"line":4,"column":37}},"3":{"start":{"line":30,"column":0},"end":{"line":76,"column":1}},"4":{"start":{"line":33,"column":4},"end":{"line":33,"column":27}},"5":{"start":{"line":34,"column":4},"end":{"line":34,"column":55}},"6":{"start":{"line":35,"column":4},"end":{"line":35,"column":25}},"7":{"start":{"line":37,"column":4},"end":{"line":37,"column":61}},"8":{"start":{"line":37,"column":20},"end":{"line":37,"column":61}},"9":{"start":{"line":39,"column":4},"end":{"line":42,"column":23}},"10":{"start":{"line":43,"column":4},"end":{"line":43,"column":57}},"11":{"start":{"line":43,"column":19},"end":{"line":43,"column":57}},"12":{"start":{"line":44,"column":4},"end":{"line":44,"column":19}},"13":{"start":{"line":50,"column":2},"end":{"line":60,"column":1}},"14":{"start":{"line":51,"column":6},"end":{"line":51,"column":27}},"15":{"start":{"line":52,"column":6},"end":{"line":54,"column":29}},"16":{"start":{"line":56,"column":6},"end":{"line":57,"column":79}},"17":{"start":{"line":56,"column":30},"end":{"line":56,"column":75}},"18":{"start":{"line":57,"column":30},"end":{"line":57,"column":79}},"19":{"start":{"line":59,"column":6},"end":{"line":59,"column":24}},"20":{"start":{"line":65,"column":4},"end":{"line":65,"column":28}},"21":{"start":{"line":66,"column":4},"end":{"line":72,"column":14}},"22":{"start":{"line":67,"column":16},"end":{"line":71,"column":20}},"23":{"start":{"line":68,"column":24},"end":{"line":68,"column":58}},"24":{"start":{"line":69,"column":24},"end":{"line":70,"column":96}},"25":{"start":{"line":69,"column":67},"end":{"line":69,"column":99}},"26":{"start":{"line":70,"column":67},"end":{"line":70,"column":96}},"27":{"start":{"line":73,"column":4},"end":{"line":73,"column":23}},"28":{"start":{"line":80,"column":0},"end":{"line":80,"column":20}}},"branchMap":{"1":{"line":37,"type":"if","locations":[{"start":{"line":37,"column":4},"end":{"line":37,"column":4}},{"start":{"line":37,"column":4},"end":{"line":37,"column":4}}]},"2":{"line":43,"type":"if","locations":[{"start":{"line":43,"column":4},"end":{"line":43,"column":4}},{"start":{"line":43,"column":4},"end":{"line":43,"column":4}}]},"3":{"line":52,"type":"cond-expr","locations":[{"start":{"line":53,"column":21},"end":{"line":53,"column":29}},{"start":{"line":54,"column":21},"end":{"line":54,"column":28}}]},"4":{"line":56,"type":"if","locations":[{"start":{"line":56,"column":6},"end":{"line":56,"column":6}},{"start":{"line":56,"column":6},"end":{"line":56,"column":6}}]},"5":{"line":67,"type":"if","locations":[{"start":{"line":67,"column":16},"end":{"line":67,"column":16}},{"start":{"line":67,"column":16},"end":{"line":67,"column":16}}]},"6":{"line":69,"type":"if","locations":[{"start":{"line":69,"column":24},"end":{"line":69,"column":24}},{"start":{"line":69,"column":24},"end":{"line":69,"column":24}}]}}},"/Users/peternaydenov/Sites/code-assembly/index.js":{"path":"/Users/peternaydenov/Sites/code-assembly/index.js","s":{"1":1,"2":1,"3":1,"4":1,"5":1,"6":33,"7":33,"8":33,"9":33,"10":33,"11":33,"12":66,"13":33,"14":2,"15":2,"16":1,"17":57,"18":57,"19":18,"20":18,"21":25,"22":18,"23":39,"24":1,"25":1,"26":38,"27":2,"28":38,"29":38,"30":38,"31":1,"32":37,"33":37,"34":2,"35":35,"36":37,"37":2,"38":2,"39":4,"40":2,"41":1,"42":2,"43":2,"44":2,"45":2,"46":4,"47":4,"48":2,"49":2,"50":4,"51":4,"52":1,"53":1,"54":3,"55":3,"56":2,"57":2,"58":2,"59":1,"60":1,"61":1,"62":1,"63":2,"64":2,"65":3,"66":3,"67":3,"68":1,"69":2,"70":2,"71":4,"72":3,"73":6,"74":5,"75":1,"76":6,"77":2,"78":6,"79":2,"80":2,"81":1,"82":1,"83":1,"84":1,"85":2,"86":2,"87":4,"88":4,"89":4,"90":2,"91":13,"92":13,"93":1,"94":12,"95":12,"96":2,"97":2,"98":2,"99":1,"100":1,"101":1,"102":1,"103":1,"104":1,"105":3,"106":0,"107":3,"108":1,"109":7,"110":6,"111":1,"112":3,"113":3,"114":3,"115":1,"116":3,"117":3,"118":2,"119":2,"120":1,"121":1,"122":1,"123":2,"124":2,"125":1,"126":1,"127":5,"128":5,"129":5,"130":0,"131":5,"132":10,"133":5,"134":10,"135":5,"136":1,"137":5,"138":5,"139":5,"140":1,"141":5,"142":4,"143":1,"144":1,"145":1},"b":{"1":[2,31],"2":[18,39],"3":[1,38],"4":[39,1],"5":[2,36],"6":[38,2],"7":[1,37],"8":[2,35],"9":[1,1],"10":[1,3],"11":[1,3],"12":[4,1],"13":[1,1],"14":[1,2],"15":[5,1],"16":[1,1],"17":[13,1],"18":[1,12],"19":[1,1],"20":[1,1],"21":[2,1],"22":[0,3],"23":[6,1],"24":[2,1],"25":[1,1],"26":[0,5],"27":[5,5],"28":[10,5],"29":[1,4],"30":[1,4],"31":[4,1]},"f":{"1":33,"2":57,"3":2,"4":2,"5":2,"6":2,"7":3,"8":2,"9":13,"10":2,"11":3,"12":2,"13":5,"14":5},"fnMap":{"1":{"name":"codeAssembly","line":26,"loc":{"start":{"line":26,"column":0},"end":{"line":26,"column":30}}},"2":{"name":"(anonymous_2)","line":40,"loc":{"start":{"line":40,"column":19},"end":{"line":40,"column":53}}},"3":{"name":"(anonymous_3)","line":81,"loc":{"start":{"line":81,"column":18},"end":{"line":81,"column":35}}},"4":{"name":"(anonymous_4)","line":91,"loc":{"start":{"line":91,"column":22},"end":{"line":91,"column":51}}},"5":{"name":"(anonymous_5)","line":106,"loc":{"start":{"line":106,"column":19},"end":{"line":106,"column":36}}},"6":{"name":"(anonymous_6)","line":133,"loc":{"start":{"line":133,"column":19},"end":{"line":133,"column":40}}},"7":{"name":"(anonymous_7)","line":148,"loc":{"start":{"line":148,"column":15},"end":{"line":148,"column":36}}},"8":{"name":"(anonymous_8)","line":171,"loc":{"start":{"line":171,"column":18},"end":{"line":171,"column":39}}},"9":{"name":"(anonymous_9)","line":204,"loc":{"start":{"line":204,"column":17},"end":{"line":204,"column":40}}},"10":{"name":"(anonymous_10)","line":224,"loc":{"start":{"line":224,"column":15},"end":{"line":224,"column":52}}},"11":{"name":"(anonymous_11)","line":264,"loc":{"start":{"line":264,"column":15},"end":{"line":264,"column":40}}},"12":{"name":"(anonymous_12)","line":279,"loc":{"start":{"line":279,"column":20},"end":{"line":279,"column":46}}},"13":{"name":"(anonymous_13)","line":288,"loc":{"start":{"line":288,"column":21},"end":{"line":288,"column":54}}},"14":{"name":"(anonymous_14)","line":309,"loc":{"start":{"line":309,"column":15},"end":{"line":309,"column":53}}}},"statementMap":{"1":{"start":{"line":8,"column":0},"end":{"line":11,"column":6}},"2":{"start":{"line":13,"column":0},"end":{"line":13,"column":56}},"3":{"start":{"line":14,"column":0},"end":{"line":14,"column":83}},"4":{"start":{"line":19,"column":0},"end":{"line":22,"column":1}},"5":{"start":{"line":26,"column":0},"end":{"line":35,"column":3}},"6":{"start":{"line":27,"column":12},"end":{"line":27,"column":31}},"7":{"start":{"line":28,"column":12},"end":{"line":28,"column":31}},"8":{"start":{"line":29,"column":12},"end":{"line":29,"column":26}},"9":{"start":{"line":30,"column":12},"end":{"line":30,"column":33}},"10":{"start":{"line":31,"column":12},"end":{"line":31,"column":28}},"11":{"start":{"line":33,"column":12},"end":{"line":33,"column":99}},"12":{"start":{"line":33,"column":59},"end":{"line":33,"column":97}},"13":{"start":{"line":34,"column":12},"end":{"line":34,"column":81}},"14":{"start":{"line":34,"column":24},"end":{"line":34,"column":81}},"15":{"start":{"line":34,"column":56},"end":{"line":34,"column":79}},"16":{"start":{"line":39,"column":0},"end":{"line":316,"column":1}},"17":{"start":{"line":46,"column":8},"end":{"line":51,"column":11}},"18":{"start":{"line":53,"column":8},"end":{"line":59,"column":12}},"19":{"start":{"line":55,"column":14},"end":{"line":55,"column":64}},"20":{"start":{"line":56,"column":14},"end":{"line":57,"column":116}},"21":{"start":{"line":57,"column":39},"end":{"line":57,"column":112}},"22":{"start":{"line":58,"column":14},"end":{"line":58,"column":20}},"23":{"start":{"line":61,"column":8},"end":{"line":64,"column":12}},"24":{"start":{"line":62,"column":13},"end":{"line":62,"column":62}},"25":{"start":{"line":63,"column":13},"end":{"line":63,"column":19}},"26":{"start":{"line":66,"column":8},"end":{"line":66,"column":37}},"27":{"start":{"line":66,"column":23},"end":{"line":66,"column":37}},"28":{"start":{"line":68,"column":8},"end":{"line":68,"column":56}},"29":{"start":{"line":69,"column":8},"end":{"line":69,"column":74}},"30":{"start":{"line":70,"column":8},"end":{"line":70,"column":36}},"31":{"start":{"line":70,"column":30},"end":{"line":70,"column":36}},"32":{"start":{"line":72,"column":8},"end":{"line":72,"column":57}},"33":{"start":{"line":73,"column":8},"end":{"line":74,"column":76}},"34":{"start":{"line":73,"column":25},"end":{"line":73,"column":72}},"35":{"start":{"line":74,"column":25},"end":{"line":74,"column":76}},"36":{"start":{"line":76,"column":8},"end":{"line":76,"column":43}},"37":{"start":{"line":82,"column":6},"end":{"line":82,"column":24}},"38":{"start":{"line":83,"column":6},"end":{"line":83,"column":43}},"39":{"start":{"line":83,"column":40},"end":{"line":83,"column":41}},"40":{"start":{"line":84,"column":6},"end":{"line":84,"column":75}},"41":{"start":{"line":84,"column":31},"end":{"line":84,"column":75}},"42":{"start":{"line":85,"column":6},"end":{"line":85,"column":68}},"43":{"start":{"line":86,"column":6},"end":{"line":86,"column":21}},"44":{"start":{"line":92,"column":6},"end":{"line":95,"column":11}},"45":{"start":{"line":97,"column":6},"end":{"line":100,"column":26}},"46":{"start":{"line":98,"column":36},"end":{"line":98,"column":73}},"47":{"start":{"line":99,"column":36},"end":{"line":99,"column":96}},"48":{"start":{"line":108,"column":2},"end":{"line":112,"column":11}},"49":{"start":{"line":114,"column":2},"end":{"line":128,"column":6}},"50":{"start":{"line":115,"column":10},"end":{"line":118,"column":17}},"51":{"start":{"line":120,"column":10},"end":{"line":127,"column":13}},"52":{"start":{"line":121,"column":18},"end":{"line":121,"column":109}},"53":{"start":{"line":122,"column":18},"end":{"line":122,"column":24}},"54":{"start":{"line":125,"column":18},"end":{"line":125,"column":58}},"55":{"start":{"line":126,"column":18},"end":{"line":126,"column":42}},"56":{"start":{"line":134,"column":4},"end":{"line":134,"column":20}},"57":{"start":{"line":135,"column":4},"end":{"line":135,"column":19}},"58":{"start":{"line":137,"column":4},"end":{"line":141,"column":10}},"59":{"start":{"line":137,"column":36},"end":{"line":137,"column":56}},"60":{"start":{"line":139,"column":12},"end":{"line":139,"column":48}},"61":{"start":{"line":140,"column":12},"end":{"line":140,"column":52}},"62":{"start":{"line":140,"column":38},"end":{"line":140,"column":50}},"63":{"start":{"line":143,"column":4},"end":{"line":143,"column":59}},"64":{"start":{"line":143,"column":33},"end":{"line":143,"column":58}},"65":{"start":{"line":149,"column":2},"end":{"line":152,"column":7}},"66":{"start":{"line":153,"column":2},"end":{"line":153,"column":16}},"67":{"start":{"line":155,"column":2},"end":{"line":159,"column":8}},"68":{"start":{"line":155,"column":36},"end":{"line":155,"column":55}},"69":{"start":{"line":157,"column":10},"end":{"line":157,"column":46}},"70":{"start":{"line":158,"column":10},"end":{"line":158,"column":49}},"71":{"start":{"line":158,"column":35},"end":{"line":158,"column":47}},"72":{"start":{"line":161,"column":2},"end":{"line":165,"column":21}},"73":{"start":{"line":162,"column":22},"end":{"line":163,"column":53}},"74":{"start":{"line":162,"column":39},"end":{"line":162,"column":73}},"75":{"start":{"line":163,"column":39},"end":{"line":163,"column":53}},"76":{"start":{"line":164,"column":22},"end":{"line":164,"column":32}},"77":{"start":{"line":172,"column":2},"end":{"line":178,"column":7}},"78":{"start":{"line":177,"column":41},"end":{"line":177,"column":59}},"79":{"start":{"line":179,"column":2},"end":{"line":179,"column":16}},"80":{"start":{"line":181,"column":2},"end":{"line":185,"column":8}},"81":{"start":{"line":181,"column":36},"end":{"line":181,"column":55}},"82":{"start":{"line":183,"column":10},"end":{"line":183,"column":46}},"83":{"start":{"line":184,"column":10},"end":{"line":184,"column":49}},"84":{"start":{"line":184,"column":35},"end":{"line":184,"column":47}},"85":{"start":{"line":187,"column":2},"end":{"line":199,"column":21}},"86":{"start":{"line":188,"column":22},"end":{"line":197,"column":32}},"87":{"start":{"line":189,"column":45},"end":{"line":189,"column":71}},"88":{"start":{"line":191,"column":36},"end":{"line":194,"column":41}},"89":{"start":{"line":196,"column":36},"end":{"line":196,"column":71}},"90":{"start":{"line":198,"column":22},"end":{"line":198,"column":32}},"91":{"start":{"line":210,"column":4},"end":{"line":214,"column":10}},"92":{"start":{"line":216,"column":4},"end":{"line":216,"column":32}},"93":{"start":{"line":216,"column":26},"end":{"line":216,"column":32}},"94":{"start":{"line":218,"column":4},"end":{"line":218,"column":59}},"95":{"start":{"line":219,"column":4},"end":{"line":219,"column":40}},"96":{"start":{"line":226,"column":4},"end":{"line":231,"column":11}},"97":{"start":{"line":233,"column":4},"end":{"line":233,"column":17}},"98":{"start":{"line":235,"column":4},"end":{"line":238,"column":8}},"99":{"start":{"line":236,"column":10},"end":{"line":236,"column":94}},"100":{"start":{"line":237,"column":10},"end":{"line":237,"column":16}},"101":{"start":{"line":240,"column":4},"end":{"line":240,"column":18}},"102":{"start":{"line":241,"column":4},"end":{"line":241,"column":21}},"103":{"start":{"line":242,"column":4},"end":{"line":242,"column":18}},"104":{"start":{"line":244,"column":4},"end":{"line":258,"column":13}},"105":{"start":{"line":245,"column":14},"end":{"line":245,"column":53}},"106":{"start":{"line":245,"column":47},"end":{"line":245,"column":53}},"107":{"start":{"line":246,"column":14},"end":{"line":253,"column":22}},"108":{"start":{"line":248,"column":62},"end":{"line":248,"column":88}},"109":{"start":{"line":250,"column":48},"end":{"line":250,"column":82}},"110":{"start":{"line":250,"column":72},"end":{"line":250,"column":82}},"111":{"start":{"line":251,"column":48},"end":{"line":251,"column":107}},"112":{"start":{"line":255,"column":14},"end":{"line":255,"column":68}},"113":{"start":{"line":256,"column":14},"end":{"line":256,"column":73}},"114":{"start":{"line":257,"column":14},"end":{"line":257,"column":62}},"115":{"start":{"line":259,"column":4},"end":{"line":259,"column":38}},"116":{"start":{"line":265,"column":4},"end":{"line":265,"column":71}},"117":{"start":{"line":266,"column":4},"end":{"line":273,"column":23}},"118":{"start":{"line":267,"column":14},"end":{"line":267,"column":64}},"119":{"start":{"line":268,"column":14},"end":{"line":271,"column":29}},"120":{"start":{"line":269,"column":30},"end":{"line":269,"column":51}},"121":{"start":{"line":270,"column":30},"end":{"line":270,"column":40}},"122":{"start":{"line":273,"column":14},"end":{"line":273,"column":23}},"123":{"start":{"line":280,"column":4},"end":{"line":280,"column":48}},"124":{"start":{"line":282,"column":4},"end":{"line":283,"column":25}},"125":{"start":{"line":282,"column":16},"end":{"line":282,"column":55}},"126":{"start":{"line":283,"column":16},"end":{"line":283,"column":25}},"127":{"start":{"line":290,"column":2},"end":{"line":290,"column":17}},"128":{"start":{"line":291,"column":2},"end":{"line":291,"column":74}},"129":{"start":{"line":293,"column":2},"end":{"line":303,"column":7}},"130":{"start":{"line":293,"column":26},"end":{"line":293,"column":82}},"131":{"start":{"line":295,"column":4},"end":{"line":302,"column":16}},"132":{"start":{"line":297,"column":28},"end":{"line":297,"column":97}},"133":{"start":{"line":297,"column":66},"end":{"line":297,"column":97}},"134":{"start":{"line":298,"column":28},"end":{"line":298,"column":48}},"135":{"start":{"line":301,"column":22},"end":{"line":301,"column":111}},"136":{"start":{"line":301,"column":53},"end":{"line":301,"column":111}},"137":{"start":{"line":304,"column":2},"end":{"line":304,"column":14}},"138":{"start":{"line":310,"column":4},"end":{"line":310,"column":61}},"139":{"start":{"line":311,"column":4},"end":{"line":311,"column":48}},"140":{"start":{"line":311,"column":35},"end":{"line":311,"column":48}},"141":{"start":{"line":312,"column":4},"end":{"line":313,"column":42}},"142":{"start":{"line":312,"column":30},"end":{"line":312,"column":109}},"143":{"start":{"line":313,"column":30},"end":{"line":313,"column":42}},"144":{"start":{"line":329,"column":0},"end":{"line":374,"column":1}},"145":{"start":{"line":378,"column":0},"end":{"line":378,"column":30}}},"branchMap":{"1":{"line":34,"type":"if","locations":[{"start":{"line":34,"column":12},"end":{"line":34,"column":12}},{"start":{"line":34,"column":12},"end":{"line":34,"column":12}}]},"2":{"line":53,"type":"if","locations":[{"start":{"line":53,"column":8},"end":{"line":53,"column":8}},{"start":{"line":53,"column":8},"end":{"line":53,"column":8}}]},"3":{"line":61,"type":"if","locations":[{"start":{"line":61,"column":8},"end":{"line":61,"column":8}},{"start":{"line":61,"column":8},"end":{"line":61,"column":8}}]},"4":{"line":61,"type":"binary-expr","locations":[{"start":{"line":61,"column":13},"end":{"line":61,"column":18}},{"start":{"line":61,"column":22},"end":{"line":61,"column":30}}]},"5":{"line":66,"type":"if","locations":[{"start":{"line":66,"column":8},"end":{"line":66,"column":8}},{"start":{"line":66,"column":8},"end":{"line":66,"column":8}}]},"6":{"line":69,"type":"binary-expr","locations":[{"start":{"line":69,"column":31},"end":{"line":69,"column":40}},{"start":{"line":69,"column":44},"end":{"line":69,"column":73}}]},"7":{"line":70,"type":"if","locations":[{"start":{"line":70,"column":8},"end":{"line":70,"column":8}},{"start":{"line":70,"column":8},"end":{"line":70,"column":8}}]},"8":{"line":73,"type":"if","locations":[{"start":{"line":73,"column":8},"end":{"line":73,"column":8}},{"start":{"line":73,"column":8},"end":{"line":73,"column":8}}]},"9":{"line":84,"type":"if","locations":[{"start":{"line":84,"column":6},"end":{"line":84,"column":6}},{"start":{"line":84,"column":6},"end":{"line":84,"column":6}}]},"10":{"line":117,"type":"cond-expr","locations":[{"start":{"line":117,"column":55},"end":{"line":117,"column":59}},{"start":{"line":117,"column":62},"end":{"line":117,"column":67}}]},"11":{"line":120,"type":"if","locations":[{"start":{"line":120,"column":10},"end":{"line":120,"column":10}},{"start":{"line":120,"column":10},"end":{"line":120,"column":10}}]},"12":{"line":120,"type":"binary-expr","locations":[{"start":{"line":120,"column":15},"end":{"line":120,"column":24}},{"start":{"line":120,"column":28},"end":{"line":120,"column":40}}]},"13":{"line":137,"type":"if","locations":[{"start":{"line":137,"column":4},"end":{"line":137,"column":4}},{"start":{"line":137,"column":4},"end":{"line":137,"column":4}}]},"14":{"line":155,"type":"if","locations":[{"start":{"line":155,"column":2},"end":{"line":155,"column":2}},{"start":{"line":155,"column":2},"end":{"line":155,"column":2}}]},"15":{"line":162,"type":"if","locations":[{"start":{"line":162,"column":22},"end":{"line":162,"column":22}},{"start":{"line":162,"column":22},"end":{"line":162,"column":22}}]},"16":{"line":181,"type":"if","locations":[{"start":{"line":181,"column":2},"end":{"line":181,"column":2}},{"start":{"line":181,"column":2},"end":{"line":181,"column":2}}]},"17":{"line":213,"type":"binary-expr","locations":[{"start":{"line":213,"column":28},"end":{"line":213,"column":37}},{"start":{"line":213,"column":41},"end":{"line":213,"column":70}}]},"18":{"line":216,"type":"if","locations":[{"start":{"line":216,"column":4},"end":{"line":216,"column":4}},{"start":{"line":216,"column":4},"end":{"line":216,"column":4}}]},"19":{"line":230,"type":"cond-expr","locations":[{"start":{"line":230,"column":56},"end":{"line":230,"column":60}},{"start":{"line":230,"column":63},"end":{"line":230,"column":68}}]},"20":{"line":235,"type":"if","locations":[{"start":{"line":235,"column":4},"end":{"line":235,"column":4}},{"start":{"line":235,"column":4},"end":{"line":235,"column":4}}]},"21":{"line":235,"type":"binary-expr","locations":[{"start":{"line":235,"column":9},"end":{"line":235,"column":22}},{"start":{"line":235,"column":26},"end":{"line":235,"column":38}}]},"22":{"line":245,"type":"if","locations":[{"start":{"line":245,"column":14},"end":{"line":245,"column":14}},{"start":{"line":245,"column":14},"end":{"line":245,"column":14}}]},"23":{"line":250,"type":"if","locations":[{"start":{"line":250,"column":48},"end":{"line":250,"column":48}},{"start":{"line":250,"column":48},"end":{"line":250,"column":48}}]},"24":{"line":266,"type":"if","locations":[{"start":{"line":266,"column":4},"end":{"line":266,"column":4}},{"start":{"line":266,"column":4},"end":{"line":266,"column":4}}]},"25":{"line":282,"type":"if","locations":[{"start":{"line":282,"column":4},"end":{"line":282,"column":4}},{"start":{"line":282,"column":4},"end":{"line":282,"column":4}}]},"26":{"line":293,"type":"if","locations":[{"start":{"line":293,"column":2},"end":{"line":293,"column":2}},{"start":{"line":293,"column":2},"end":{"line":293,"column":2}}]},"27":{"line":297,"type":"if","locations":[{"start":{"line":297,"column":28},"end":{"line":297,"column":28}},{"start":{"line":297,"column":28},"end":{"line":297,"column":28}}]},"28":{"line":297,"type":"binary-expr","locations":[{"start":{"line":297,"column":33},"end":{"line":297,"column":50}},{"start":{"line":297,"column":54},"end":{"line":297,"column":62}}]},"29":{"line":301,"type":"if","locations":[{"start":{"line":301,"column":22},"end":{"line":301,"column":22}},{"start":{"line":301,"column":22},"end":{"line":301,"column":22}}]},"30":{"line":311,"type":"if","locations":[{"start":{"line":311,"column":4},"end":{"line":311,"column":4}},{"start":{"line":311,"column":4},"end":{"line":311,"column":4}}]},"31":{"line":312,"type":"if","locations":[{"start":{"line":312,"column":4},"end":{"line":312,"column":4}},{"start":{"line":312,"column":4},"end":{"line":312,"column":4}}]}}},"/Users/peternaydenov/Sites/code-assembly/process-tools.js":{"path":"/Users/peternaydenov/Sites/code-assembly/process-tools.js","s":{"1":1,"2":1,"3":1,"4":20,"5":20,"6":20,"7":20,"8":20,"9":20,"10":5,"11":5,"12":15,"13":30,"14":30,"15":30,"16":4,"17":15,"18":26,"19":26,"20":4,"21":22,"22":2,"23":20,"24":38,"25":38,"26":2,"27":2,"28":36,"29":36,"30":3,"31":20,"32":6,"33":1,"34":1,"35":2,"36":1,"37":4,"38":0,"39":4,"40":4,"41":4,"42":0,"43":4,"44":9,"45":9,"46":9,"47":4,"48":0,"49":0,"50":4,"51":4,"52":0,"53":0,"54":4,"55":4,"56":4,"57":4,"58":4,"59":4,"60":0,"61":0,"62":4,"63":4,"64":4,"65":2,"66":0,"67":0,"68":2,"69":2,"70":1,"71":2,"72":2,"73":2,"74":2,"75":2,"76":1,"77":1,"78":1,"79":0,"80":0,"81":0,"82":0,"83":0,"84":0,"85":0,"86":0,"87":0,"88":0,"89":0,"90":0,"91":0,"92":0,"93":4,"94":1},"b":{"1":[5,15],"2":[4,26],"3":[4,22],"4":[2,20],"5":[2,36],"6":[3,33],"7":[0,4],"8":[0,4],"9":[4,2,2,1,0,0,0,0],"10":[0,4],"11":[0,4],"12":[4,2],"13":[0,4],"14":[0,2],"15":[1,1],"16":[0,0]},"f":{"1":20,"2":26,"3":1,"4":4},"fnMap":{"1":{"name":"(anonymous_1)","line":9,"loc":{"start":{"line":9,"column":12},"end":{"line":9,"column":29}}},"2":{"name":"(anonymous_2)","line":39,"loc":{"start":{"line":39,"column":14},"end":{"line":39,"column":29}}},"3":{"name":"(anonymous_3)","line":67,"loc":{"start":{"line":67,"column":14},"end":{"line":67,"column":34}}},"4":{"name":"(anonymous_4)","line":78,"loc":{"start":{"line":78,"column":8},"end":{"line":78,"column":48}}}},"statementMap":{"1":{"start":{"line":3,"column":0},"end":{"line":3,"column":36}},"2":{"start":{"line":4,"column":0},"end":{"line":4,"column":51}},"3":{"start":{"line":8,"column":0},"end":{"line":177,"column":1}},"4":{"start":{"line":16,"column":2},"end":{"line":16,"column":22}},"5":{"start":{"line":18,"column":2},"end":{"line":18,"column":21}},"6":{"start":{"line":19,"column":2},"end":{"line":19,"column":25}},"7":{"start":{"line":20,"column":2},"end":{"line":20,"column":21}},"8":{"start":{"line":22,"column":2},"end":{"line":22,"column":40}},"9":{"start":{"line":23,"column":2},"end":{"line":26,"column":6}},"10":{"start":{"line":24,"column":16},"end":{"line":24,"column":43}},"11":{"start":{"line":25,"column":16},"end":{"line":25,"column":32}},"12":{"start":{"line":28,"column":2},"end":{"line":32,"column":7}},"13":{"start":{"line":29,"column":8},"end":{"line":29,"column":39}},"14":{"start":{"line":30,"column":8},"end":{"line":30,"column":40}},"15":{"start":{"line":31,"column":8},"end":{"line":31,"column":66}},"16":{"start":{"line":31,"column":33},"end":{"line":31,"column":66}},"17":{"start":{"line":34,"column":2},"end":{"line":34,"column":17}},"18":{"start":{"line":40,"column":6},"end":{"line":44,"column":14}},"19":{"start":{"line":46,"column":8},"end":{"line":46,"column":64}},"20":{"start":{"line":46,"column":31},"end":{"line":46,"column":64}},"21":{"start":{"line":47,"column":8},"end":{"line":47,"column":64}},"22":{"start":{"line":47,"column":31},"end":{"line":47,"column":64}},"23":{"start":{"line":49,"column":8},"end":{"line":57,"column":10}},"24":{"start":{"line":50,"column":16},"end":{"line":50,"column":43}},"25":{"start":{"line":51,"column":16},"end":{"line":54,"column":20}},"26":{"start":{"line":52,"column":24},"end":{"line":52,"column":60}},"27":{"start":{"line":53,"column":24},"end":{"line":53,"column":30}},"28":{"start":{"line":55,"column":16},"end":{"line":55,"column":64}},"29":{"start":{"line":56,"column":16},"end":{"line":56,"column":98}},"30":{"start":{"line":56,"column":39},"end":{"line":56,"column":98}},"31":{"start":{"line":58,"column":8},"end":{"line":58,"column":18}},"32":{"start":{"line":63,"column":29},"end":{"line":63,"column":56}},"33":{"start":{"line":68,"column":4},"end":{"line":71,"column":9}},"34":{"start":{"line":72,"column":4},"end":{"line":72,"column":46}},"35":{"start":{"line":72,"column":19},"end":{"line":72,"column":46}},"36":{"start":{"line":73,"column":4},"end":{"line":73,"column":17}},"37":{"start":{"line":80,"column":4},"end":{"line":80,"column":56}},"38":{"start":{"line":80,"column":50},"end":{"line":80,"column":56}},"39":{"start":{"line":81,"column":4},"end":{"line":81,"column":46}},"40":{"start":{"line":82,"column":4},"end":{"line":89,"column":5}},"41":{"start":{"line":91,"column":4},"end":{"line":91,"column":41}},"42":{"start":{"line":91,"column":26},"end":{"line":91,"column":41}},"43":{"start":{"line":92,"column":4},"end":{"line":174,"column":9}},"44":{"start":{"line":93,"column":11},"end":{"line":93,"column":51}},"45":{"start":{"line":95,"column":11},"end":{"line":95,"column":23}},"46":{"start":{"line":97,"column":11},"end":{"line":173,"column":13}},"47":{"start":{"line":99,"column":26},"end":{"line":102,"column":29}},"48":{"start":{"line":100,"column":34},"end":{"line":100,"column":95}},"49":{"start":{"line":101,"column":34},"end":{"line":101,"column":40}},"50":{"start":{"line":104,"column":28},"end":{"line":104,"column":48}},"51":{"start":{"line":106,"column":28},"end":{"line":109,"column":32}},"52":{"start":{"line":107,"column":36},"end":{"line":107,"column":99}},"53":{"start":{"line":108,"column":36},"end":{"line":108,"column":42}},"54":{"start":{"line":111,"column":26},"end":{"line":117,"column":33}},"55":{"start":{"line":119,"column":26},"end":{"line":119,"column":49}},"56":{"start":{"line":120,"column":26},"end":{"line":120,"column":49}},"57":{"start":{"line":121,"column":26},"end":{"line":121,"column":107}},"58":{"start":{"line":123,"column":26},"end":{"line":123,"column":105}},"59":{"start":{"line":124,"column":26},"end":{"line":130,"column":30}},"60":{"start":{"line":125,"column":34},"end":{"line":125,"column":93}},"61":{"start":{"line":125,"column":68},"end":{"line":125,"column":91}},"62":{"start":{"line":128,"column":34},"end":{"line":128,"column":55}},"63":{"start":{"line":129,"column":34},"end":{"line":129,"column":53}},"64":{"start":{"line":131,"column":26},"end":{"line":131,"column":31}},"65":{"start":{"line":133,"column":26},"end":{"line":136,"column":30}},"66":{"start":{"line":134,"column":33},"end":{"line":134,"column":90}},"67":{"start":{"line":135,"column":33},"end":{"line":135,"column":39}},"68":{"start":{"line":138,"column":26},"end":{"line":138,"column":63}},"69":{"start":{"line":139,"column":26},"end":{"line":139,"column":80}},"70":{"start":{"line":139,"column":43},"end":{"line":139,"column":80}},"71":{"start":{"line":140,"column":26},"end":{"line":140,"column":31}},"72":{"start":{"line":142,"column":26},"end":{"line":142,"column":44}},"73":{"start":{"line":143,"column":26},"end":{"line":143,"column":68}},"74":{"start":{"line":144,"column":26},"end":{"line":144,"column":107}},"75":{"start":{"line":145,"column":26},"end":{"line":145,"column":31}},"76":{"start":{"line":147,"column":26},"end":{"line":147,"column":68}},"77":{"start":{"line":148,"column":26},"end":{"line":148,"column":46}},"78":{"start":{"line":149,"column":26},"end":{"line":149,"column":31}},"79":{"start":{"line":151,"column":26},"end":{"line":151,"column":76}},"80":{"start":{"line":152,"column":26},"end":{"line":152,"column":70}},"81":{"start":{"line":153,"column":26},"end":{"line":153,"column":31}},"82":{"start":{"line":155,"column":26},"end":{"line":155,"column":48}},"83":{"start":{"line":156,"column":26},"end":{"line":156,"column":54}},"84":{"start":{"line":157,"column":26},"end":{"line":157,"column":67}},"85":{"start":{"line":158,"column":26},"end":{"line":158,"column":31}},"86":{"start":{"line":160,"column":26},"end":{"line":163,"column":33}},"87":{"start":{"line":164,"column":26},"end":{"line":164,"column":59}},"88":{"start":{"line":165,"column":26},"end":{"line":165,"column":31}},"89":{"start":{"line":167,"column":26},"end":{"line":170,"column":30}},"90":{"start":{"line":168,"column":32},"end":{"line":168,"column":93}},"91":{"start":{"line":169,"column":32},"end":{"line":169,"column":38}},"92":{"start":{"line":172,"column":26},"end":{"line":172,"column":69}},"93":{"start":{"line":175,"column":7},"end":{"line":175,"column":21}},"94":{"start":{"line":181,"column":0},"end":{"line":181,"column":20}}},"branchMap":{"1":{"line":23,"type":"if","locations":[{"start":{"line":23,"column":2},"end":{"line":23,"column":2}},{"start":{"line":23,"column":2},"end":{"line":23,"column":2}}]},"2":{"line":31,"type":"if","locations":[{"start":{"line":31,"column":8},"end":{"line":31,"column":8}},{"start":{"line":31,"column":8},"end":{"line":31,"column":8}}]},"3":{"line":46,"type":"if","locations":[{"start":{"line":46,"column":8},"end":{"line":46,"column":8}},{"start":{"line":46,"column":8},"end":{"line":46,"column":8}}]},"4":{"line":47,"type":"if","locations":[{"start":{"line":47,"column":8},"end":{"line":47,"column":8}},{"start":{"line":47,"column":8},"end":{"line":47,"column":8}}]},"5":{"line":51,"type":"if","locations":[{"start":{"line":51,"column":16},"end":{"line":51,"column":16}},{"start":{"line":51,"column":16},"end":{"line":51,"column":16}}]},"6":{"line":56,"type":"if","locations":[{"start":{"line":56,"column":16},"end":{"line":56,"column":16}},{"start":{"line":56,"column":16},"end":{"line":56,"column":16}}]},"7":{"line":80,"type":"if","locations":[{"start":{"line":80,"column":4},"end":{"line":80,"column":4}},{"start":{"line":80,"column":4},"end":{"line":80,"column":4}}]},"8":{"line":91,"type":"if","locations":[{"start":{"line":91,"column":4},"end":{"line":91,"column":4}},{"start":{"line":91,"column":4},"end":{"line":91,"column":4}}]},"9":{"line":97,"type":"switch","locations":[{"start":{"line":98,"column":12},"end":{"line":131,"column":31}},{"start":{"line":132,"column":12},"end":{"line":140,"column":31}},{"start":{"line":141,"column":12},"end":{"line":145,"column":31}},{"start":{"line":146,"column":12},"end":{"line":149,"column":31}},{"start":{"line":150,"column":12},"end":{"line":153,"column":31}},{"start":{"line":154,"column":12},"end":{"line":158,"column":31}},{"start":{"line":159,"column":12},"end":{"line":165,"column":31}},{"start":{"line":166,"column":16},"end":{"line":172,"column":69}}]},"10":{"line":99,"type":"if","locations":[{"start":{"line":99,"column":26},"end":{"line":99,"column":26}},{"start":{"line":99,"column":26},"end":{"line":99,"column":26}}]},"11":{"line":106,"type":"if","locations":[{"start":{"line":106,"column":28},"end":{"line":106,"column":28}},{"start":{"line":106,"column":28},"end":{"line":106,"column":28}}]},"12":{"line":121,"type":"binary-expr","locations":[{"start":{"line":121,"column":55},"end":{"line":121,"column":83}},{"start":{"line":121,"column":87},"end":{"line":121,"column":107}}]},"13":{"line":124,"type":"if","locations":[{"start":{"line":124,"column":26},"end":{"line":124,"column":26}},{"start":{"line":124,"column":26},"end":{"line":124,"column":26}}]},"14":{"line":133,"type":"if","locations":[{"start":{"line":133,"column":26},"end":{"line":133,"column":26}},{"start":{"line":133,"column":26},"end":{"line":133,"column":26}}]},"15":{"line":139,"type":"if","locations":[{"start":{"line":139,"column":26},"end":{"line":139,"column":26}},{"start":{"line":139,"column":26},"end":{"line":139,"column":26}}]},"16":{"line":167,"type":"if","locations":[{"start":{"line":167,"column":26},"end":{"line":167,"column":26}},{"start":{"line":167,"column":26},"end":{"line":167,"column":26}}]}}},"/Users/peternaydenov/Sites/code-assembly/process-operations.js":{"path":"/Users/peternaydenov/Sites/code-assembly/process-operations.js","s":{"1":1,"2":13,"3":13,"4":20,"5":20,"6":20,"7":32,"8":32,"9":17,"10":18,"11":17,"12":20,"13":20,"14":3,"15":3,"16":3,"17":20,"18":2,"19":20,"20":19,"21":13,"22":3,"23":1,"24":1,"25":1,"26":20,"27":20,"28":63,"29":20,"30":3,"31":3,"32":3,"33":3,"34":3,"35":3,"36":5,"37":3,"38":2,"39":4,"40":4,"41":4,"42":4,"43":2,"44":7,"45":7,"46":14,"47":7,"48":8,"49":8,"50":8,"51":8,"52":16,"53":16,"54":8,"55":16,"56":8,"57":7,"58":13,"59":13,"60":5,"61":5,"62":8,"63":6,"64":8,"65":10,"66":0,"67":0,"68":10,"69":5,"70":5,"71":3,"72":3,"73":2,"74":1,"75":1,"76":8,"77":5,"78":5,"79":6,"80":5,"81":2,"82":2,"83":3,"84":2,"85":2,"86":2,"87":2,"88":2,"89":1,"90":1,"91":2,"92":2,"93":2,"94":1,"95":1,"96":1,"97":1,"98":1,"99":0,"100":1,"101":2,"102":4,"103":2,"104":3,"105":3,"106":3,"107":3,"108":2,"109":2,"110":4,"111":2,"112":3,"113":7,"114":2,"115":8,"116":1,"117":7,"118":6,"119":6,"120":6,"121":1,"122":1,"123":5,"124":1},"b":{"1":[17,15],"2":[3,17],"3":[20,5],"4":[2,18],"5":[20,5],"6":[1,1],"7":[19,1],"8":[1,1,1],"9":[3,0],"10":[8,8],"11":[5,8],"12":[6,2],"13":[0,10],"14":[5,3,2],"15":[1,1],"16":[1,1],"17":[1,0],"18":[1,0],"19":[1,7],"20":[1,5]},"f":{"1":13,"2":3,"3":20,"4":3,"5":3,"6":2,"7":7,"8":13,"9":5,"10":2,"11":1,"12":2,"13":2,"14":8,"15":6},"fnMap":{"1":{"name":"(anonymous_1)","line":20,"loc":{"start":{"line":20,"column":9},"end":{"line":20,"column":58}}},"2":{"name":"(anonymous_2)","line":59,"loc":{"start":{"line":59,"column":21},"end":{"line":59,"column":54}}},"3":{"name":"(anonymous_3)","line":69,"loc":{"start":{"line":69,"column":14},"end":{"line":69,"column":34}}},"4":{"name":"(anonymous_4)","line":80,"loc":{"start":{"line":80,"column":18},"end":{"line":80,"column":57}}},"5":{"name":"(anonymous_5)","line":98,"loc":{"start":{"line":98,"column":10},"end":{"line":98,"column":28}}},"6":{"name":"(anonymous_6)","line":106,"loc":{"start":{"line":106,"column":8},"end":{"line":106,"column":31}}},"7":{"name":"(anonymous_7)","line":121,"loc":{"start":{"line":121,"column":10},"end":{"line":121,"column":34}}},"8":{"name":"(anonymous_8)","line":146,"loc":{"start":{"line":146,"column":23},"end":{"line":146,"column":49}}},"9":{"name":"(anonymous_9)","line":177,"loc":{"start":{"line":177,"column":17},"end":{"line":177,"column":35}}},"10":{"name":"(anonymous_10)","line":185,"loc":{"start":{"line":185,"column":8},"end":{"line":185,"column":32}}},"11":{"name":"(anonymous_11)","line":208,"loc":{"start":{"line":208,"column":18},"end":{"line":208,"column":48}}},"12":{"name":"(anonymous_12)","line":223,"loc":{"start":{"line":223,"column":9},"end":{"line":223,"column":33}}},"13":{"name":"(anonymous_13)","line":245,"loc":{"start":{"line":245,"column":11},"end":{"line":245,"column":35}}},"14":{"name":"(anonymous_14)","line":263,"loc":{"start":{"line":263,"column":9},"end":{"line":263,"column":31}}},"15":{"name":"(anonymous_15)","line":275,"loc":{"start":{"line":275,"column":11},"end":{"line":275,"column":35}}}},"statementMap":{"1":{"start":{"line":18,"column":0},"end":{"line":289,"column":1}},"2":{"start":{"line":22,"column":4},"end":{"line":22,"column":20}},"3":{"start":{"line":23,"column":4},"end":{"line":53,"column":10}},"4":{"start":{"line":24,"column":16},"end":{"line":24,"column":46}},"5":{"start":{"line":25,"column":16},"end":{"line":27,"column":74}},"6":{"start":{"line":29,"column":16},"end":{"line":35,"column":23}},"7":{"start":{"line":30,"column":28},"end":{"line":30,"column":55}},"8":{"start":{"line":31,"column":28},"end":{"line":34,"column":32}},"9":{"start":{"line":32,"column":36},"end":{"line":32,"column":91}},"10":{"start":{"line":32,"column":69},"end":{"line":32,"column":91}},"11":{"start":{"line":33,"column":36},"end":{"line":33,"column":52}},"12":{"start":{"line":37,"column":16},"end":{"line":39,"column":21}},"13":{"start":{"line":41,"column":16},"end":{"line":46,"column":20}},"14":{"start":{"line":42,"column":23},"end":{"line":45,"column":28}},"15":{"start":{"line":43,"column":33},"end":{"line":43,"column":60}},"16":{"start":{"line":44,"column":33},"end":{"line":44,"column":88}},"17":{"start":{"line":48,"column":16},"end":{"line":50,"column":19}},"18":{"start":{"line":49,"column":23},"end":{"line":49,"column":72}},"19":{"start":{"line":52,"column":16},"end":{"line":52,"column":68}},"20":{"start":{"line":52,"column":40},"end":{"line":52,"column":68}},"21":{"start":{"line":54,"column":4},"end":{"line":54,"column":17}},"22":{"start":{"line":60,"column":5},"end":{"line":64,"column":6}},"23":{"start":{"line":61,"column":27},"end":{"line":61,"column":42}},"24":{"start":{"line":62,"column":27},"end":{"line":62,"column":36}},"25":{"start":{"line":63,"column":27},"end":{"line":63,"column":43}},"26":{"start":{"line":70,"column":4},"end":{"line":73,"column":9}},"27":{"start":{"line":74,"column":4},"end":{"line":74,"column":46}},"28":{"start":{"line":74,"column":19},"end":{"line":74,"column":46}},"29":{"start":{"line":75,"column":4},"end":{"line":75,"column":17}},"30":{"start":{"line":82,"column":2},"end":{"line":85,"column":28}},"31":{"start":{"line":88,"column":2},"end":{"line":91,"column":6}},"32":{"start":{"line":89,"column":8},"end":{"line":89,"column":38}},"33":{"start":{"line":90,"column":8},"end":{"line":90,"column":49}},"34":{"start":{"line":93,"column":2},"end":{"line":93,"column":21}},"35":{"start":{"line":100,"column":4},"end":{"line":100,"column":64}},"36":{"start":{"line":100,"column":48},"end":{"line":100,"column":59}},"37":{"start":{"line":101,"column":4},"end":{"line":101,"column":21}},"38":{"start":{"line":108,"column":4},"end":{"line":115,"column":29}},"39":{"start":{"line":111,"column":32},"end":{"line":111,"column":45}},"40":{"start":{"line":112,"column":32},"end":{"line":112,"column":49}},"41":{"start":{"line":113,"column":32},"end":{"line":113,"column":48}},"42":{"start":{"line":114,"column":32},"end":{"line":114,"column":42}},"43":{"start":{"line":116,"column":4},"end":{"line":116,"column":18}},"44":{"start":{"line":123,"column":2},"end":{"line":127,"column":8}},"45":{"start":{"line":128,"column":2},"end":{"line":128,"column":75}},"46":{"start":{"line":128,"column":40},"end":{"line":128,"column":70}},"47":{"start":{"line":129,"column":2},"end":{"line":139,"column":6}},"48":{"start":{"line":130,"column":8},"end":{"line":130,"column":35}},"49":{"start":{"line":131,"column":8},"end":{"line":131,"column":46}},"50":{"start":{"line":132,"column":8},"end":{"line":132,"column":23}},"51":{"start":{"line":133,"column":8},"end":{"line":137,"column":14}},"52":{"start":{"line":134,"column":20},"end":{"line":134,"column":43}},"53":{"start":{"line":135,"column":20},"end":{"line":135,"column":58}},"54":{"start":{"line":135,"column":44},"end":{"line":135,"column":58}},"55":{"start":{"line":136,"column":20},"end":{"line":136,"column":37}},"56":{"start":{"line":138,"column":8},"end":{"line":138,"column":27}},"57":{"start":{"line":140,"column":2},"end":{"line":140,"column":15}},"58":{"start":{"line":147,"column":4},"end":{"line":147,"column":20}},"59":{"start":{"line":148,"column":4},"end":{"line":151,"column":8}},"60":{"start":{"line":149,"column":9},"end":{"line":149,"column":46}},"61":{"start":{"line":150,"column":9},"end":{"line":150,"column":22}},"62":{"start":{"line":153,"column":4},"end":{"line":153,"column":51}},"63":{"start":{"line":153,"column":36},"end":{"line":153,"column":51}},"64":{"start":{"line":155,"column":4},"end":{"line":171,"column":10}},"65":{"start":{"line":156,"column":12},"end":{"line":159,"column":15}},"66":{"start":{"line":157,"column":17},"end":{"line":157,"column":51}},"67":{"start":{"line":158,"column":17},"end":{"line":158,"column":30}},"68":{"start":{"line":160,"column":12},"end":{"line":170,"column":16}},"69":{"start":{"line":162,"column":30},"end":{"line":162,"column":44}},"70":{"start":{"line":163,"column":30},"end":{"line":163,"column":36}},"71":{"start":{"line":165,"column":30},"end":{"line":165,"column":51}},"72":{"start":{"line":166,"column":30},"end":{"line":166,"column":35}},"73":{"start":{"line":168,"column":30},"end":{"line":169,"column":57}},"74":{"start":{"line":168,"column":40},"end":{"line":168,"column":64}},"75":{"start":{"line":169,"column":40},"end":{"line":169,"column":57}},"76":{"start":{"line":172,"column":4},"end":{"line":172,"column":17}},"77":{"start":{"line":178,"column":4},"end":{"line":178,"column":20}},"78":{"start":{"line":179,"column":4},"end":{"line":179,"column":49}},"79":{"start":{"line":179,"column":35},"end":{"line":179,"column":49}},"80":{"start":{"line":180,"column":4},"end":{"line":180,"column":17}},"81":{"start":{"line":187,"column":2},"end":{"line":191,"column":8}},"82":{"start":{"line":192,"column":2},"end":{"line":192,"column":75}},"83":{"start":{"line":192,"column":40},"end":{"line":192,"column":70}},"84":{"start":{"line":193,"column":2},"end":{"line":202,"column":6}},"85":{"start":{"line":194,"column":8},"end":{"line":194,"column":35}},"86":{"start":{"line":195,"column":8},"end":{"line":195,"column":46}},"87":{"start":{"line":196,"column":8},"end":{"line":200,"column":30}},"88":{"start":{"line":197,"column":32},"end":{"line":198,"column":105}},"89":{"start":{"line":197,"column":52},"end":{"line":197,"column":71}},"90":{"start":{"line":198,"column":52},"end":{"line":198,"column":105}},"91":{"start":{"line":199,"column":32},"end":{"line":199,"column":42}},"92":{"start":{"line":201,"column":8},"end":{"line":201,"column":54}},"93":{"start":{"line":203,"column":2},"end":{"line":203,"column":15}},"94":{"start":{"line":209,"column":4},"end":{"line":212,"column":9}},"95":{"start":{"line":214,"column":4},"end":{"line":214,"column":57}},"96":{"start":{"line":214,"column":41},"end":{"line":214,"column":57}},"97":{"start":{"line":215,"column":4},"end":{"line":216,"column":40}},"98":{"start":{"line":215,"column":23},"end":{"line":215,"column":44}},"99":{"start":{"line":216,"column":23},"end":{"line":216,"column":40}},"100":{"start":{"line":218,"column":4},"end":{"line":218,"column":35}},"101":{"start":{"line":225,"column":4},"end":{"line":230,"column":8}},"102":{"start":{"line":229,"column":39},"end":{"line":229,"column":64}},"103":{"start":{"line":232,"column":4},"end":{"line":238,"column":9}},"104":{"start":{"line":233,"column":4},"end":{"line":237,"column":9}},"105":{"start":{"line":234,"column":12},"end":{"line":234,"column":51}},"106":{"start":{"line":235,"column":12},"end":{"line":235,"column":40}},"107":{"start":{"line":236,"column":12},"end":{"line":236,"column":47}},"108":{"start":{"line":240,"column":4},"end":{"line":240,"column":17}},"109":{"start":{"line":247,"column":4},"end":{"line":251,"column":8}},"110":{"start":{"line":250,"column":39},"end":{"line":250,"column":65}},"111":{"start":{"line":253,"column":4},"end":{"line":257,"column":9}},"112":{"start":{"line":254,"column":4},"end":{"line":256,"column":9}},"113":{"start":{"line":255,"column":16},"end":{"line":255,"column":44}},"114":{"start":{"line":258,"column":4},"end":{"line":258,"column":17}},"115":{"start":{"line":265,"column":4},"end":{"line":265,"column":26}},"116":{"start":{"line":265,"column":15},"end":{"line":265,"column":26}},"117":{"start":{"line":266,"column":4},"end":{"line":266,"column":35}},"118":{"start":{"line":271,"column":31},"end":{"line":271,"column":58}},"119":{"start":{"line":277,"column":4},"end":{"line":280,"column":7}},"120":{"start":{"line":282,"column":4},"end":{"line":285,"column":7}},"121":{"start":{"line":283,"column":12},"end":{"line":283,"column":93}},"122":{"start":{"line":284,"column":12},"end":{"line":284,"column":23}},"123":{"start":{"line":286,"column":4},"end":{"line":286,"column":34}},"124":{"start":{"line":293,"column":0},"end":{"line":293,"column":20}}},"branchMap":{"1":{"line":31,"type":"if","locations":[{"start":{"line":31,"column":28},"end":{"line":31,"column":28}},{"start":{"line":31,"column":28},"end":{"line":31,"column":28}}]},"2":{"line":41,"type":"if","locations":[{"start":{"line":41,"column":16},"end":{"line":41,"column":16}},{"start":{"line":41,"column":16},"end":{"line":41,"column":16}}]},"3":{"line":41,"type":"binary-expr","locations":[{"start":{"line":41,"column":21},"end":{"line":41,"column":34}},{"start":{"line":41,"column":38},"end":{"line":41,"column":47}}]},"4":{"line":48,"type":"if","locations":[{"start":{"line":48,"column":16},"end":{"line":48,"column":16}},{"start":{"line":48,"column":16},"end":{"line":48,"column":16}}]},"5":{"line":48,"type":"binary-expr","locations":[{"start":{"line":48,"column":21},"end":{"line":48,"column":34}},{"start":{"line":48,"column":38},"end":{"line":48,"column":46}}]},"6":{"line":49,"type":"cond-expr","locations":[{"start":{"line":49,"column":55},"end":{"line":49,"column":57}},{"start":{"line":49,"column":60},"end":{"line":49,"column":72}}]},"7":{"line":52,"type":"if","locations":[{"start":{"line":52,"column":16},"end":{"line":52,"column":16}},{"start":{"line":52,"column":16},"end":{"line":52,"column":16}}]},"8":{"line":60,"type":"switch","locations":[{"start":{"line":61,"column":8},"end":{"line":61,"column":42}},{"start":{"line":62,"column":8},"end":{"line":62,"column":36}},{"start":{"line":63,"column":8},"end":{"line":63,"column":43}}]},"9":{"line":89,"type":"binary-expr","locations":[{"start":{"line":89,"column":18},"end":{"line":89,"column":30}},{"start":{"line":89,"column":34},"end":{"line":89,"column":37}}]},"10":{"line":135,"type":"if","locations":[{"start":{"line":135,"column":20},"end":{"line":135,"column":20}},{"start":{"line":135,"column":20},"end":{"line":135,"column":20}}]},"11":{"line":148,"type":"if","locations":[{"start":{"line":148,"column":4},"end":{"line":148,"column":4}},{"start":{"line":148,"column":4},"end":{"line":148,"column":4}}]},"12":{"line":153,"type":"if","locations":[{"start":{"line":153,"column":4},"end":{"line":153,"column":4}},{"start":{"line":153,"column":4},"end":{"line":153,"column":4}}]},"13":{"line":156,"type":"if","locations":[{"start":{"line":156,"column":12},"end":{"line":156,"column":12}},{"start":{"line":156,"column":12},"end":{"line":156,"column":12}}]},"14":{"line":160,"type":"switch","locations":[{"start":{"line":161,"column":16},"end":{"line":163,"column":36}},{"start":{"line":164,"column":16},"end":{"line":166,"column":35}},{"start":{"line":167,"column":20},"end":{"line":169,"column":57}}]},"15":{"line":168,"type":"if","locations":[{"start":{"line":168,"column":30},"end":{"line":168,"column":30}},{"start":{"line":168,"column":30},"end":{"line":168,"column":30}}]},"16":{"line":197,"type":"if","locations":[{"start":{"line":197,"column":32},"end":{"line":197,"column":32}},{"start":{"line":197,"column":32},"end":{"line":197,"column":32}}]},"17":{"line":214,"type":"if","locations":[{"start":{"line":214,"column":4},"end":{"line":214,"column":4}},{"start":{"line":214,"column":4},"end":{"line":214,"column":4}}]},"18":{"line":215,"type":"if","locations":[{"start":{"line":215,"column":4},"end":{"line":215,"column":4}},{"start":{"line":215,"column":4},"end":{"line":215,"column":4}}]},"19":{"line":265,"type":"if","locations":[{"start":{"line":265,"column":4},"end":{"line":265,"column":4}},{"start":{"line":265,"column":4},"end":{"line":265,"column":4}}]},"20":{"line":282,"type":"if","locations":[{"start":{"line":282,"column":4},"end":{"line":282,"column":4}},{"start":{"line":282,"column":4},"end":{"line":282,"column":4}}]}}}}