TN:
SF:/Users/peternaydenov/Sites/git-code-assembly-line/template-chop.js
FN:13,chopTemplate
FNF:1
FNH:1
FNDA:122,chopTemplate
DA:3,1
DA:13,1
DA:15,122
DA:22,122
DA:23,122
DA:25,93
DA:26,93
DA:27,93
DA:28,26
DA:29,26
DA:32,67
DA:33,67
DA:35,67
DA:36,64
DA:37,64
DA:39,64
DA:41,1
DA:44,63
DA:45,63
DA:46,63
DA:47,63
DA:53,1
LF:22
LH:22
BRDA:22,1,0,0
BRDA:22,1,1,122
BRDA:23,2,0,29
BRDA:23,2,1,93
BRDA:26,3,0,63
BRDA:26,3,1,30
BRDA:27,4,0,26
BRDA:27,4,1,67
BRDA:35,5,0,3
BRDA:35,5,1,64
BRDA:36,6,0,0
BRDA:36,6,1,64
BRDA:39,7,0,1
BRDA:39,7,1,63
BRDA:39,8,0,64
BRDA:39,8,1,16
BRF:16
BRH:14
end_of_record
TN:
SF:/Users/peternaydenov/Sites/git-code-assembly-line/errors.js
FN:37,(anonymous_1)
FNF:1
FNH:1
FNDA:91,(anonymous_1)
DA:6,1
DA:37,1
DA:38,91
DA:39,91
DA:40,8
DA:41,8
DA:43,91
DA:46,1
LF:8
LH:8
BRDA:38,1,0,91
BRDA:38,1,1,0
BRDA:39,2,0,8
BRDA:39,2,1,83
BRDA:40,3,0,5
BRDA:40,3,1,3
BRF:6
BRH:5
end_of_record
TN:
SF:/Users/peternaydenov/Sites/git-code-assembly-line/template-tools.js
FN:32,(anonymous_1)
FN:49,(anonymous_2)
FN:62,(anonymous_3)
FNF:3
FNH:3
FNDA:51,(anonymous_1)
FNDA:2,(anonymous_2)
FNDA:54,(anonymous_3)
DA:3,1
DA:4,1
DA:30,1
DA:33,51
DA:34,51
DA:35,51
DA:37,51
DA:39,51
DA:43,51
DA:44,51
DA:50,2
DA:51,54
DA:52,54
DA:54,54
DA:55,3
DA:57,54
DA:63,54
DA:64,54
DA:65,149
DA:66,63
DA:67,63
DA:68,62
DA:71,54
DA:78,1
LF:24
LH:24
BRDA:37,1,0,50
BRDA:37,1,1,1
BRDA:43,2,0,1
BRDA:43,2,1,50
BRDA:52,3,0,51
BRDA:52,3,1,3
BRDA:54,4,0,51
BRDA:54,4,1,3
BRDA:65,5,0,63
BRDA:65,5,1,86
BRDA:67,6,0,1
BRDA:67,6,1,62
BRF:12
BRH:12
end_of_record
TN:
SF:/Users/peternaydenov/Sites/git-code-assembly-line/index.js
FN:30,codeAssembly
FN:60,(anonymous_2)
FN:72,(anonymous_3)
FN:99,(anonymous_4)
FN:120,(anonymous_5)
FN:138,(anonymous_6)
FN:165,(anonymous_7)
FN:182,(anonymous_8)
FN:204,(anonymous_9)
FN:231,(anonymous_10)
FN:246,(anonymous_11)
FN:269,(anonymous_12)
FN:284,(anonymous_13)
FN:314,(anonymous_14)
FN:327,(anonymous_15)
FN:365,(anonymous_16)
FN:379,(anonymous_17)
FN:419,(anonymous_18)
FN:437,(anonymous_19)
FN:457,(anonymous_20)
FN:486,(anonymous_21)
FN:501,(anonymous_22)
FNF:22
FNH:22
FNDA:52,codeAssembly
FNDA:107,(anonymous_2)
FNDA:24,(anonymous_3)
FNDA:2,(anonymous_4)
FNDA:13,(anonymous_5)
FNDA:22,(anonymous_6)
FNDA:43,(anonymous_7)
FNDA:2,(anonymous_8)
FNDA:2,(anonymous_9)
FNDA:2,(anonymous_10)
FNDA:3,(anonymous_11)
FNDA:2,(anonymous_12)
FNDA:2,(anonymous_13)
FNDA:32,(anonymous_14)
FNDA:2,(anonymous_15)
FNDA:3,(anonymous_16)
FNDA:22,(anonymous_17)
FNDA:8,(anonymous_18)
FNDA:1,(anonymous_19)
FNDA:1,(anonymous_20)
FNDA:1,(anonymous_21)
FNDA:4,(anonymous_22)
DA:8,1
DA:15,1
DA:16,1
DA:21,1
DA:30,1
DA:31,52
DA:32,52
DA:33,52
DA:34,52
DA:36,208
DA:37,52
DA:58,1
DA:61,107
DA:62,107
DA:63,52
DA:64,18
DA:65,107
DA:66,107
DA:67,107
DA:74,24
DA:75,24
DA:80,24
DA:82,24
DA:84,24
DA:86,35
DA:87,35
DA:90,23
DA:91,23
DA:92,23
DA:95,24
DA:101,6
DA:103,2
DA:104,2
DA:105,4
DA:107,4
DA:112,4
DA:114,2
DA:121,13
DA:123,13
DA:125,13
DA:126,22
DA:127,22
DA:128,22
DA:129,22
DA:130,22
DA:131,4
DA:133,9
DA:139,22
DA:163,1
DA:166,43
DA:171,43
DA:172,51
DA:173,1
DA:174,1
DA:176,50
DA:183,2
DA:188,2
DA:189,4
DA:193,4
DA:194,0
DA:195,0
DA:197,4
DA:198,4
DA:206,2
DA:212,2
DA:213,4
DA:218,4
DA:219,1
DA:220,1
DA:223,3
DA:224,3
DA:232,2
DA:233,2
DA:235,2
DA:237,1
DA:238,1
DA:241,2
DA:247,3
DA:251,3
DA:253,3
DA:255,2
DA:256,4
DA:259,3
DA:260,6
DA:261,1
DA:262,6
DA:270,2
DA:271,2
DA:273,2
DA:275,1
DA:276,1
DA:279,2
DA:285,2
DA:287,2
DA:288,1
DA:312,1
DA:315,32
DA:317,32
DA:318,1
DA:319,1
DA:322,31
DA:329,2
DA:334,2
DA:336,2
DA:337,1
DA:338,1
DA:341,1
DA:342,1
DA:343,1
DA:345,1
DA:346,3
DA:347,3
DA:349,1
DA:351,7
DA:352,1
DA:356,3
DA:357,3
DA:358,3
DA:360,1
DA:366,3
DA:367,3
DA:368,2
DA:369,2
DA:370,1
DA:371,1
DA:374,1
DA:380,22
DA:381,22
DA:382,22
DA:383,24
DA:384,24
DA:387,22
DA:388,21
DA:389,21
DA:390,23
DA:392,21
DA:394,1
DA:418,1
DA:420,8
DA:426,8
DA:427,13
DA:428,1
DA:429,1
DA:431,12
DA:438,1
DA:444,1
DA:446,5
DA:447,5
DA:448,0
DA:449,0
DA:451,5
DA:459,1
DA:465,1
DA:466,1
DA:473,1
DA:474,0
DA:475,0
DA:478,1
DA:479,1
DA:487,1
DA:488,1
DA:490,1
DA:492,1
DA:493,1
DA:496,1
DA:502,4
DA:503,4
DA:504,4
DA:506,4
DA:507,4
DA:509,4
DA:510,4
DA:511,4
DA:512,4
DA:537,1
DA:573,1
LF:176
LH:170
BRDA:37,1,0,2
BRDA:37,1,1,50
BRDA:62,2,0,55
BRDA:62,2,1,52
BRDA:63,3,0,34
BRDA:63,3,1,18
BRDA:66,4,0,107
BRDA:66,4,1,5
BRDA:80,5,0,0
BRDA:80,5,1,24
BRDA:80,6,0,24
BRDA:80,6,1,24
BRDA:82,7,0,0
BRDA:82,7,1,24
BRDA:86,8,0,23
BRDA:86,8,1,12
BRDA:86,9,0,35
BRDA:86,9,1,23
BRDA:91,10,0,0
BRDA:91,10,1,23
BRDA:91,11,0,23
BRDA:91,11,1,22
BRDA:92,12,0,1
BRDA:92,12,1,22
BRDA:121,13,0,13
BRDA:121,13,1,9
BRDA:123,14,0,13
BRDA:123,14,1,9
BRDA:128,15,0,10
BRDA:128,15,1,12
BRDA:129,16,0,0
BRDA:129,16,1,22
BRDA:130,17,0,18
BRDA:130,17,1,4
BRDA:139,18,0,4
BRDA:139,18,1,18
BRDA:172,19,0,1
BRDA:172,19,1,50
BRDA:193,20,0,0
BRDA:193,20,1,4
BRDA:215,21,0,1
BRDA:215,21,1,3
BRDA:218,22,0,1
BRDA:218,22,1,3
BRDA:218,23,0,4
BRDA:218,23,1,1
BRDA:235,24,0,1
BRDA:235,24,1,1
BRDA:253,25,0,1
BRDA:253,25,1,2
BRDA:260,26,0,5
BRDA:260,26,1,1
BRDA:273,27,0,1
BRDA:273,27,1,1
BRDA:287,28,0,1
BRDA:287,28,1,1
BRDA:317,29,0,1
BRDA:317,29,1,31
BRDA:336,30,0,1
BRDA:336,30,1,1
BRDA:346,31,0,0
BRDA:346,31,1,3
BRDA:351,32,0,6
BRDA:351,32,1,1
BRDA:367,33,0,2
BRDA:367,33,1,1
BRDA:380,34,0,5
BRDA:380,34,1,17
BRDA:381,35,0,20
BRDA:381,35,1,2
BRDA:387,36,0,21
BRDA:387,36,1,1
BRDA:427,37,0,1
BRDA:427,37,1,12
BRDA:447,38,0,0
BRDA:447,38,1,5
BRDA:468,39,0,0
BRDA:468,39,1,1
BRDA:473,40,0,0
BRDA:473,40,1,1
BRDA:473,41,0,1
BRDA:473,41,1,0
BRDA:490,42,0,0
BRDA:490,42,1,1
BRDA:504,43,0,0
BRDA:504,43,1,4
BRDA:510,44,0,3
BRDA:510,44,1,1
BRF:88
BRH:76
end_of_record
TN:
SF:/Users/peternaydenov/Sites/git-code-assembly-line/process-tools.js
FN:9,(anonymous_1)
FN:34,(anonymous_2)
FN:62,(anonymous_3)
FN:73,(anonymous_4)
FNF:4
FNH:4
FNDA:39,(anonymous_1)
FNDA:45,(anonymous_2)
FNDA:1,(anonymous_3)
FNDA:23,(anonymous_4)
DA:3,1
DA:4,1
DA:8,1
DA:10,39
DA:12,39
DA:13,39
DA:14,39
DA:16,39
DA:17,39
DA:18,5
DA:19,5
DA:22,34
DA:23,55
DA:24,55
DA:25,55
DA:26,55
DA:29,34
DA:35,45
DA:41,45
DA:42,41
DA:44,39
DA:45,63
DA:46,63
DA:47,2
DA:48,2
DA:50,61
DA:51,61
DA:53,39
DA:58,25
DA:63,1
DA:67,2
DA:68,1
DA:75,23
DA:76,23
DA:77,23
DA:86,23
DA:87,23
DA:88,34
DA:92,34
DA:94,34
DA:96,22
DA:97,22
DA:99,22
DA:100,0
DA:101,0
DA:104,22
DA:113,22
DA:114,22
DA:115,22
DA:117,22
DA:118,22
DA:119,0
DA:122,22
DA:123,22
DA:125,22
DA:127,8
DA:128,0
DA:129,0
DA:132,8
DA:133,8
DA:134,8
DA:136,2
DA:137,2
DA:138,2
DA:139,2
DA:141,2
DA:142,2
DA:143,2
DA:145,0
DA:146,0
DA:147,0
DA:149,0
DA:150,0
DA:151,0
DA:152,0
DA:154,0
DA:158,0
DA:159,0
DA:161,0
DA:162,0
DA:163,0
DA:166,0
DA:169,23
DA:175,1
LF:84
LH:65
BRDA:17,1,0,5
BRDA:17,1,1,34
BRDA:25,2,0,4
BRDA:25,2,1,51
BRDA:26,3,0,7
BRDA:26,3,1,48
BRDA:41,4,0,4
BRDA:41,4,1,41
BRDA:42,5,0,2
BRDA:42,5,1,39
BRDA:46,6,0,2
BRDA:46,6,1,61
BRDA:51,7,0,3
BRDA:51,7,1,58
BRDA:75,8,0,0
BRDA:75,8,1,23
BRDA:86,9,0,0
BRDA:86,9,1,23
BRDA:94,10,0,22
BRDA:94,10,1,8
BRDA:94,10,2,2
BRDA:94,10,3,2
BRDA:94,10,4,0
BRDA:94,10,5,0
BRDA:94,10,6,0
BRDA:94,10,7,0
BRDA:97,11,0,1
BRDA:97,11,1,21
BRDA:99,12,0,0
BRDA:99,12,1,22
BRDA:105,13,0,22
BRDA:105,13,1,17
BRDA:106,14,0,22
BRDA:106,14,1,17
BRDA:107,15,0,4
BRDA:107,15,1,18
BRDA:107,16,0,4
BRDA:107,16,1,2
BRDA:115,17,0,22
BRDA:115,17,1,20
BRDA:118,18,0,0
BRDA:118,18,1,22
BRDA:127,19,0,0
BRDA:127,19,1,8
BRDA:133,20,0,6
BRDA:133,20,1,2
BRDA:161,21,0,0
BRDA:161,21,1,0
BRF:48
BRH:37
end_of_record
TN:
SF:/Users/peternaydenov/Sites/git-code-assembly-line/process-operations.js
FN:20,(anonymous_1)
FN:130,(anonymous_2)
FN:158,(anonymous_3)
FN:169,(anonymous_4)
FN:187,(anonymous_5)
FN:195,(anonymous_6)
FN:210,(anonymous_7)
FN:235,(anonymous_8)
FN:266,(anonymous_9)
FN:274,(anonymous_10)
FN:297,(anonymous_11)
FN:312,(anonymous_12)
FN:334,(anonymous_13)
FN:352,(anonymous_14)
FN:364,(anonymous_15)
FNF:15
FNH:15
FNDA:31,(anonymous_1)
FNDA:3,(anonymous_2)
FNDA:60,(anonymous_3)
FNDA:3,(anonymous_4)
FNDA:9,(anonymous_5)
FNDA:3,(anonymous_6)
FNDA:7,(anonymous_7)
FNDA:13,(anonymous_8)
FNDA:5,(anonymous_9)
FNDA:2,(anonymous_10)
FNDA:1,(anonymous_11)
FNDA:2,(anonymous_12)
FNDA:2,(anonymous_13)
FNDA:8,(anonymous_14)
FNDA:6,(anonymous_15)
DA:18,1
DA:42,31
DA:47,31
DA:48,60
DA:49,60
DA:53,60
DA:54,1
DA:55,1
DA:58,60
DA:59,96
DA:60,96
DA:61,64
DA:62,63
DA:66,60
DA:70,60
DA:71,22
DA:72,22
DA:73,1
DA:74,1
DA:75,1
DA:80,60
DA:81,60
DA:83,60
DA:84,13
DA:85,13
DA:86,13
DA:88,2
DA:89,2
DA:91,7
DA:92,7
DA:94,1
DA:95,1
DA:97,3
DA:99,13
DA:100,13
DA:101,13
DA:105,60
DA:106,12
DA:107,12
DA:108,12
DA:110,2
DA:111,2
DA:113,7
DA:114,7
DA:116,3
DA:118,12
DA:121,60
DA:123,31
DA:132,3
DA:136,3
DA:138,3
DA:139,15
DA:140,15
DA:141,15
DA:142,4
DA:143,4
DA:147,3
DA:148,21
DA:149,21
DA:150,21
DA:159,60
DA:163,207
DA:164,60
DA:171,3
DA:177,3
DA:178,3
DA:179,3
DA:182,3
DA:189,11
DA:190,9
DA:197,3
DA:200,6
DA:201,6
DA:202,6
DA:203,6
DA:205,3
DA:212,7
DA:217,14
DA:218,7
DA:219,8
DA:220,8
DA:221,8
DA:222,8
DA:223,16
DA:224,16
DA:225,16
DA:227,8
DA:229,7
DA:236,13
DA:237,13
DA:238,5
DA:239,5
DA:242,8
DA:244,8
DA:245,10
DA:246,0
DA:247,0
DA:249,10
DA:251,5
DA:252,5
DA:254,3
DA:255,3
DA:257,2
DA:258,1
DA:261,8
DA:267,5
DA:268,6
DA:269,5
DA:276,2
DA:281,3
DA:282,2
DA:283,2
DA:284,2
DA:285,2
DA:286,2
DA:287,1
DA:288,2
DA:290,2
DA:292,2
DA:298,1
DA:303,1
DA:304,1
DA:305,0
DA:307,1
DA:314,2
DA:318,4
DA:321,2
DA:322,3
DA:323,3
DA:324,3
DA:325,3
DA:329,2
DA:336,2
DA:339,4
DA:342,2
DA:343,3
DA:344,7
DA:347,2
DA:354,8
DA:355,7
DA:360,6
DA:366,6
DA:371,6
DA:372,1
DA:373,1
DA:375,5
DA:382,1
LF:147
LH:144
BRDA:48,1,0,56
BRDA:48,1,1,4
BRDA:53,2,0,1
BRDA:53,2,1,59
BRDA:60,3,0,63
BRDA:60,3,1,33
BRDA:70,4,0,22
BRDA:70,4,1,38
BRDA:70,5,0,60
BRDA:70,5,1,27
BRDA:72,6,0,1
BRDA:72,6,1,21
BRDA:83,7,0,13
BRDA:83,7,1,47
BRDA:83,8,0,60
BRDA:83,8,1,26
BRDA:85,9,0,2
BRDA:85,9,1,11
BRDA:85,10,0,13
BRDA:85,10,1,4
BRDA:86,11,0,2
BRDA:86,11,1,7
BRDA:86,11,2,1
BRDA:86,11,3,3
BRDA:105,12,0,12
BRDA:105,12,1,48
BRDA:105,13,0,60
BRDA:105,13,1,26
BRDA:107,14,0,2
BRDA:107,14,1,10
BRDA:107,15,0,12
BRDA:107,15,1,4
BRDA:108,16,0,2
BRDA:108,16,1,7
BRDA:108,16,2,3
BRDA:121,17,0,53
BRDA:121,17,1,7
BRDA:139,18,0,3
BRDA:139,18,1,12
BRDA:140,19,0,5
BRDA:140,19,1,10
BRDA:141,20,0,4
BRDA:141,20,1,11
BRDA:148,21,0,8
BRDA:148,21,1,13
BRDA:149,22,0,2
BRDA:149,22,1,19
BRDA:178,23,0,3
BRDA:178,23,1,0
BRDA:224,24,0,8
BRDA:224,24,1,8
BRDA:237,25,0,5
BRDA:237,25,1,8
BRDA:242,26,0,6
BRDA:242,26,1,2
BRDA:245,27,0,0
BRDA:245,27,1,10
BRDA:249,28,0,5
BRDA:249,28,1,3
BRDA:249,28,2,2
BRDA:257,29,0,1
BRDA:257,29,1,1
BRDA:286,30,0,1
BRDA:286,30,1,1
BRDA:303,31,0,1
BRDA:303,31,1,0
BRDA:304,32,0,1
BRDA:304,32,1,0
BRDA:354,33,0,1
BRDA:354,33,1,7
BRDA:371,34,0,1
BRDA:371,34,1,5
BRF:72
BRH:68
end_of_record
TN:
SF:/Users/peternaydenov/Sites/git-code-assembly-line/general-tools.js
FN:5,(anonymous_1)
FNF:1
FNH:1
FNDA:1,(anonymous_1)
DA:3,1
DA:8,1
DA:13,1
DA:14,2
DA:15,1
DA:16,2
DA:22,1
LF:7
LH:7
BRDA:14,1,0,1
BRDA:14,1,1,1
BRF:2
BRH:2
end_of_record
