TN:
SF:/Users/peternaydenov/Sites/git-code-assembly-line/template-chop.js
FN:13,chopTemplate
FNF:1
FNH:1
FNDA:156,chopTemplate
DA:3,1
DA:13,1
DA:15,156
DA:22,156
DA:23,156
DA:25,123
DA:26,123
DA:27,123
DA:28,37
DA:29,37
DA:32,86
DA:33,86
DA:35,86
DA:36,83
DA:37,83
DA:39,83
DA:41,1
DA:44,82
DA:45,82
DA:46,82
DA:47,82
DA:53,1
LF:22
LH:22
BRDA:22,1,0,0
BRDA:22,1,1,156
BRDA:23,2,0,33
BRDA:23,2,1,123
BRDA:26,3,0,79
BRDA:26,3,1,44
BRDA:27,4,0,37
BRDA:27,4,1,86
BRDA:35,5,0,3
BRDA:35,5,1,83
BRDA:36,6,0,0
BRDA:36,6,1,83
BRDA:39,7,0,1
BRDA:39,7,1,82
BRDA:39,8,0,83
BRDA:39,8,1,20
BRF:16
BRH:14
end_of_record
TN:
SF:/Users/peternaydenov/Sites/git-code-assembly-line/errors.js
FN:39,(anonymous_1)
FNF:1
FNH:1
FNDA:112,(anonymous_1)
DA:6,1
DA:39,1
DA:40,112
DA:41,112
DA:42,13
DA:43,13
DA:45,112
DA:48,1
LF:8
LH:8
BRDA:40,1,0,112
BRDA:40,1,1,0
BRDA:41,2,0,13
BRDA:41,2,1,99
BRDA:42,3,0,10
BRDA:42,3,1,3
BRF:6
BRH:5
end_of_record
TN:
SF:/Users/peternaydenov/Sites/git-code-assembly-line/template-tools.js
FN:32,(anonymous_1)
FN:49,(anonymous_2)
FN:62,(anonymous_3)
FNF:3
FNH:3
FNDA:66,(anonymous_1)
FNDA:2,(anonymous_2)
FNDA:69,(anonymous_3)
DA:3,1
DA:4,1
DA:30,1
DA:33,66
DA:34,66
DA:35,66
DA:37,66
DA:39,66
DA:43,66
DA:44,66
DA:50,2
DA:51,69
DA:52,69
DA:54,69
DA:55,3
DA:57,69
DA:63,69
DA:64,69
DA:65,195
DA:66,82
DA:67,82
DA:68,80
DA:71,69
DA:78,1
LF:24
LH:24
BRDA:37,1,0,65
BRDA:37,1,1,1
BRDA:43,2,0,1
BRDA:43,2,1,65
BRDA:52,3,0,66
BRDA:52,3,1,3
BRDA:54,4,0,66
BRDA:54,4,1,3
BRDA:65,5,0,82
BRDA:65,5,1,113
BRDA:67,6,0,2
BRDA:67,6,1,80
BRF:12
BRH:12
end_of_record
TN:
SF:/Users/peternaydenov/Sites/git-code-assembly-line/index.js
FN:30,codeAssembly
FN:60,(anonymous_2)
FN:72,(anonymous_3)
FN:99,(anonymous_4)
FN:120,(anonymous_5)
FN:138,(anonymous_6)
FN:165,(anonymous_7)
FN:182,(anonymous_8)
FN:204,(anonymous_9)
FN:231,(anonymous_10)
FN:246,(anonymous_11)
FN:269,(anonymous_12)
FN:284,(anonymous_13)
FN:314,(anonymous_14)
FN:327,(anonymous_15)
FN:365,(anonymous_16)
FN:379,(anonymous_17)
FN:419,(anonymous_18)
FN:437,(anonymous_19)
FN:457,(anonymous_20)
FN:486,(anonymous_21)
FN:501,(anonymous_22)
FNF:22
FNH:22
FNDA:61,codeAssembly
FNDA:150,(anonymous_2)
FNDA:39,(anonymous_3)
FNDA:2,(anonymous_4)
FNDA:27,(anonymous_5)
FNDA:36,(anonymous_6)
FNDA:54,(anonymous_7)
FNDA:3,(anonymous_8)
FNDA:2,(anonymous_9)
FNDA:2,(anonymous_10)
FNDA:4,(anonymous_11)
FNDA:2,(anonymous_12)
FNDA:2,(anonymous_13)
FNDA:44,(anonymous_14)
FNDA:2,(anonymous_15)
FNDA:4,(anonymous_16)
FNDA:37,(anonymous_17)
FNDA:22,(anonymous_18)
FNDA:1,(anonymous_19)
FNDA:1,(anonymous_20)
FNDA:1,(anonymous_21)
FNDA:4,(anonymous_22)
DA:8,1
DA:15,1
DA:16,1
DA:21,1
DA:30,1
DA:31,61
DA:32,61
DA:33,61
DA:34,61
DA:36,244
DA:37,61
DA:58,1
DA:61,150
DA:62,150
DA:63,78
DA:64,32
DA:65,150
DA:66,150
DA:67,150
DA:74,39
DA:75,39
DA:80,39
DA:82,39
DA:84,38
DA:86,67
DA:87,67
DA:90,37
DA:91,37
DA:92,37
DA:95,39
DA:101,6
DA:103,2
DA:104,2
DA:105,4
DA:107,4
DA:112,4
DA:114,2
DA:121,27
DA:123,27
DA:125,27
DA:126,36
DA:127,36
DA:128,36
DA:129,36
DA:130,36
DA:131,4
DA:133,23
DA:139,36
DA:163,1
DA:166,54
DA:171,54
DA:172,66
DA:173,1
DA:174,1
DA:176,65
DA:183,3
DA:188,3
DA:189,6
DA:193,6
DA:194,1
DA:195,1
DA:197,5
DA:198,5
DA:206,2
DA:212,2
DA:213,4
DA:218,4
DA:219,1
DA:220,1
DA:223,3
DA:224,3
DA:232,2
DA:233,2
DA:235,2
DA:237,1
DA:238,1
DA:241,2
DA:247,4
DA:251,4
DA:253,4
DA:255,3
DA:256,5
DA:259,4
DA:260,7
DA:261,1
DA:262,7
DA:270,2
DA:271,2
DA:273,2
DA:275,1
DA:276,1
DA:279,2
DA:285,2
DA:287,2
DA:288,1
DA:312,1
DA:315,44
DA:317,44
DA:318,1
DA:319,1
DA:322,43
DA:329,2
DA:334,2
DA:336,2
DA:337,1
DA:338,1
DA:341,1
DA:342,1
DA:343,1
DA:345,1
DA:346,3
DA:347,3
DA:349,1
DA:351,7
DA:352,1
DA:356,3
DA:357,3
DA:358,3
DA:360,1
DA:366,4
DA:367,4
DA:368,3
DA:369,3
DA:370,2
DA:371,2
DA:374,1
DA:380,37
DA:381,37
DA:382,37
DA:383,39
DA:384,39
DA:387,37
DA:388,35
DA:389,35
DA:390,37
DA:392,35
DA:394,2
DA:418,1
DA:420,22
DA:426,22
DA:427,27
DA:428,2
DA:429,2
DA:431,25
DA:438,1
DA:444,1
DA:446,5
DA:447,5
DA:448,0
DA:449,0
DA:451,5
DA:459,1
DA:465,1
DA:466,1
DA:473,1
DA:474,0
DA:475,0
DA:478,1
DA:479,1
DA:487,1
DA:488,1
DA:490,1
DA:492,1
DA:493,1
DA:496,1
DA:502,4
DA:503,4
DA:504,4
DA:506,4
DA:507,4
DA:509,4
DA:510,4
DA:511,4
DA:512,4
DA:537,1
DA:573,1
LF:176
LH:172
BRDA:37,1,0,3
BRDA:37,1,1,58
BRDA:62,2,0,72
BRDA:62,2,1,78
BRDA:63,3,0,46
BRDA:63,3,1,32
BRDA:66,4,0,150
BRDA:66,4,1,8
BRDA:80,5,0,0
BRDA:80,5,1,39
BRDA:80,6,0,39
BRDA:80,6,1,38
BRDA:82,7,0,1
BRDA:82,7,1,38
BRDA:86,8,0,37
BRDA:86,8,1,30
BRDA:86,9,0,67
BRDA:86,9,1,37
BRDA:91,10,0,0
BRDA:91,10,1,37
BRDA:91,11,0,37
BRDA:91,11,1,36
BRDA:92,12,0,1
BRDA:92,12,1,36
BRDA:121,13,0,27
BRDA:121,13,1,23
BRDA:123,14,0,27
BRDA:123,14,1,23
BRDA:128,15,0,10
BRDA:128,15,1,26
BRDA:129,16,0,0
BRDA:129,16,1,36
BRDA:130,17,0,32
BRDA:130,17,1,4
BRDA:139,18,0,4
BRDA:139,18,1,32
BRDA:172,19,0,1
BRDA:172,19,1,65
BRDA:193,20,0,1
BRDA:193,20,1,5
BRDA:215,21,0,1
BRDA:215,21,1,3
BRDA:218,22,0,1
BRDA:218,22,1,3
BRDA:218,23,0,4
BRDA:218,23,1,1
BRDA:235,24,0,1
BRDA:235,24,1,1
BRDA:253,25,0,1
BRDA:253,25,1,3
BRDA:260,26,0,6
BRDA:260,26,1,1
BRDA:273,27,0,1
BRDA:273,27,1,1
BRDA:287,28,0,1
BRDA:287,28,1,1
BRDA:317,29,0,1
BRDA:317,29,1,43
BRDA:336,30,0,1
BRDA:336,30,1,1
BRDA:346,31,0,0
BRDA:346,31,1,3
BRDA:351,32,0,6
BRDA:351,32,1,1
BRDA:367,33,0,3
BRDA:367,33,1,1
BRDA:380,34,0,14
BRDA:380,34,1,23
BRDA:381,35,0,35
BRDA:381,35,1,2
BRDA:387,36,0,35
BRDA:387,36,1,2
BRDA:427,37,0,2
BRDA:427,37,1,25
BRDA:447,38,0,0
BRDA:447,38,1,5
BRDA:468,39,0,0
BRDA:468,39,1,1
BRDA:473,40,0,0
BRDA:473,40,1,1
BRDA:473,41,0,1
BRDA:473,41,1,0
BRDA:490,42,0,0
BRDA:490,42,1,1
BRDA:504,43,0,0
BRDA:504,43,1,4
BRDA:510,44,0,3
BRDA:510,44,1,1
BRF:88
BRH:78
end_of_record
TN:
SF:/Users/peternaydenov/Sites/git-code-assembly-line/process-tools.js
FN:12,(anonymous_1)
FN:37,(anonymous_2)
FN:64,(anonymous_3)
FN:75,(anonymous_4)
FN:82,(anonymous_5)
FNF:5
FNH:5
FNDA:51,(anonymous_1)
FNDA:57,(anonymous_2)
FNDA:1,(anonymous_3)
FNDA:2,(anonymous_4)
FNDA:37,(anonymous_5)
DA:3,1
DA:11,1
DA:13,51
DA:15,51
DA:16,51
DA:17,51
DA:19,51
DA:20,51
DA:21,5
DA:22,5
DA:25,46
DA:26,81
DA:27,81
DA:28,81
DA:29,81
DA:32,46
DA:38,57
DA:43,57
DA:44,53
DA:46,51
DA:47,89
DA:48,89
DA:49,2
DA:50,2
DA:52,87
DA:53,87
DA:55,51
DA:60,41
DA:65,1
DA:69,2
DA:70,1
DA:76,2
DA:77,1
DA:84,37
DA:93,37
DA:94,66
DA:95,66
DA:97,66
DA:99,36
DA:100,36
DA:102,36
DA:111,36
DA:112,36
DA:113,36
DA:115,36
DA:116,36
DA:117,1
DA:118,1
DA:119,1
DA:120,1
DA:124,35
DA:125,35
DA:127,36
DA:129,9
DA:130,1
DA:131,1
DA:134,8
DA:135,8
DA:136,6
DA:137,6
DA:138,6
DA:140,8
DA:142,4
DA:143,4
DA:144,4
DA:145,4
DA:147,3
DA:148,3
DA:149,3
DA:151,2
DA:152,2
DA:153,1
DA:154,2
DA:155,2
DA:157,12
DA:158,12
DA:160,12
DA:163,8
DA:164,8
DA:166,8
DA:168,1
DA:169,1
DA:170,1
DA:172,2
DA:173,2
DA:174,1
DA:175,2
DA:177,1
DA:178,1
DA:180,11
DA:183,37
DA:189,1
LF:92
LH:92
BRDA:20,1,0,5
BRDA:20,1,1,46
BRDA:28,2,0,5
BRDA:28,2,1,76
BRDA:29,3,0,7
BRDA:29,3,1,74
BRDA:43,4,0,4
BRDA:43,4,1,53
BRDA:44,5,0,2
BRDA:44,5,1,51
BRDA:48,6,0,2
BRDA:48,6,1,87
BRDA:53,7,0,3
BRDA:53,7,1,84
BRDA:97,8,0,36
BRDA:97,8,1,9
BRDA:97,8,2,4
BRDA:97,8,3,3
BRDA:97,8,4,2
BRDA:97,8,5,12
BRDA:100,9,0,1
BRDA:100,9,1,35
BRDA:103,10,0,36
BRDA:103,10,1,31
BRDA:104,11,0,36
BRDA:104,11,1,31
BRDA:105,12,0,6
BRDA:105,12,1,30
BRDA:105,13,0,6
BRDA:105,13,1,4
BRDA:113,14,0,36
BRDA:113,14,1,32
BRDA:116,15,0,1
BRDA:116,15,1,35
BRDA:129,16,0,1
BRDA:129,16,1,8
BRDA:135,17,0,6
BRDA:135,17,1,2
BRDA:152,18,0,1
BRDA:152,18,1,1
BRDA:157,19,0,5
BRDA:157,19,1,7
BRDA:160,20,0,7
BRDA:160,20,1,8
BRDA:160,20,2,1
BRDA:160,20,3,2
BRDA:160,20,4,1
BRDA:173,21,0,1
BRDA:173,21,1,1
BRF:49
BRH:49
end_of_record
TN:
SF:/Users/peternaydenov/Sites/git-code-assembly-line/process-operations.js
FN:20,(anonymous_1)
FN:135,(anonymous_2)
FN:175,(anonymous_3)
FN:186,(anonymous_4)
FN:204,(anonymous_5)
FN:212,(anonymous_6)
FN:227,(anonymous_7)
FN:252,(anonymous_8)
FN:283,(anonymous_9)
FN:291,(anonymous_10)
FN:314,(anonymous_11)
FN:329,(anonymous_12)
FN:351,(anonymous_13)
FN:369,(anonymous_14)
FN:381,(anonymous_15)
FNF:15
FNH:15
FNDA:45,(anonymous_1)
FNDA:3,(anonymous_2)
FNDA:79,(anonymous_3)
FNDA:5,(anonymous_4)
FNDA:9,(anonymous_5)
FNDA:4,(anonymous_6)
FNDA:8,(anonymous_7)
FNDA:14,(anonymous_8)
FNDA:6,(anonymous_9)
FNDA:2,(anonymous_10)
FNDA:1,(anonymous_11)
FNDA:2,(anonymous_12)
FNDA:2,(anonymous_13)
FNDA:10,(anonymous_14)
FNDA:6,(anonymous_15)
DA:18,1
DA:42,45
DA:47,45
DA:48,79
DA:49,79
DA:53,79
DA:54,1
DA:55,1
DA:58,79
DA:59,4
DA:60,8
DA:63,79
DA:64,117
DA:65,117
DA:66,82
DA:67,81
DA:71,79
DA:75,79
DA:76,29
DA:77,29
DA:78,2
DA:79,2
DA:80,2
DA:85,79
DA:86,79
DA:88,79
DA:89,13
DA:90,13
DA:91,13
DA:93,2
DA:94,2
DA:96,7
DA:97,7
DA:99,1
DA:100,1
DA:102,3
DA:104,13
DA:105,13
DA:106,13
DA:110,79
DA:111,12
DA:112,12
DA:113,12
DA:115,2
DA:116,2
DA:118,7
DA:119,7
DA:121,3
DA:123,12
DA:126,79
DA:128,45
DA:137,3
DA:141,3
DA:143,3
DA:144,15
DA:145,15
DA:146,2
DA:147,2
DA:148,2
DA:150,13
DA:151,3
DA:152,3
DA:154,10
DA:155,3
DA:156,3
DA:158,7
DA:159,3
DA:160,3
DA:164,3
DA:165,21
DA:166,21
DA:167,21
DA:176,79
DA:180,272
DA:181,79
DA:188,5
DA:194,5
DA:195,5
DA:196,5
DA:199,5
DA:206,12
DA:207,9
DA:214,4
DA:217,10
DA:218,10
DA:219,10
DA:220,10
DA:222,4
DA:229,8
DA:234,16
DA:235,8
DA:236,10
DA:237,10
DA:238,10
DA:239,10
DA:240,20
DA:241,20
DA:242,20
DA:244,10
DA:246,8
DA:253,14
DA:254,14
DA:255,5
DA:256,5
DA:259,9
DA:261,9
DA:262,11
DA:263,1
DA:264,1
DA:266,10
DA:268,5
DA:269,5
DA:271,3
DA:272,3
DA:274,2
DA:275,1
DA:278,9
DA:284,6
DA:285,8
DA:286,6
DA:293,2
DA:298,3
DA:299,2
DA:300,2
DA:301,2
DA:302,2
DA:303,2
DA:304,1
DA:305,2
DA:307,2
DA:309,2
DA:315,1
DA:320,1
DA:321,1
DA:322,0
DA:324,1
DA:331,2
DA:335,4
DA:338,2
DA:339,3
DA:340,3
DA:341,3
DA:342,3
DA:346,2
DA:353,2
DA:356,4
DA:359,2
DA:360,3
DA:361,7
DA:364,2
DA:371,10
DA:372,9
DA:377,6
DA:383,6
DA:388,6
DA:389,1
DA:390,1
DA:392,5
DA:399,1
LF:159
LH:158
BRDA:48,1,0,74
BRDA:48,1,1,5
BRDA:53,2,0,1
BRDA:53,2,1,78
BRDA:58,3,0,4
BRDA:58,3,1,75
BRDA:65,4,0,81
BRDA:65,4,1,36
BRDA:75,5,0,29
BRDA:75,5,1,50
BRDA:75,6,0,79
BRDA:75,6,1,34
BRDA:77,7,0,2
BRDA:77,7,1,27
BRDA:88,8,0,13
BRDA:88,8,1,66
BRDA:88,9,0,79
BRDA:88,9,1,32
BRDA:90,10,0,2
BRDA:90,10,1,11
BRDA:90,11,0,13
BRDA:90,11,1,4
BRDA:91,12,0,2
BRDA:91,12,1,7
BRDA:91,12,2,1
BRDA:91,12,3,3
BRDA:110,13,0,12
BRDA:110,13,1,67
BRDA:110,14,0,79
BRDA:110,14,1,32
BRDA:112,15,0,2
BRDA:112,15,1,10
BRDA:112,16,0,12
BRDA:112,16,1,4
BRDA:113,17,0,2
BRDA:113,17,1,7
BRDA:113,17,2,3
BRDA:126,18,0,72
BRDA:126,18,1,7
BRDA:144,19,0,0
BRDA:144,19,1,15
BRDA:145,20,0,2
BRDA:145,20,1,13
BRDA:150,21,0,3
BRDA:150,21,1,10
BRDA:154,22,0,3
BRDA:154,22,1,7
BRDA:158,23,0,3
BRDA:158,23,1,4
BRDA:165,24,0,9
BRDA:165,24,1,12
BRDA:166,25,0,2
BRDA:166,25,1,19
BRDA:195,26,0,5
BRDA:195,26,1,0
BRDA:241,27,0,10
BRDA:241,27,1,10
BRDA:254,28,0,5
BRDA:254,28,1,9
BRDA:259,29,0,7
BRDA:259,29,1,2
BRDA:262,30,0,1
BRDA:262,30,1,10
BRDA:266,31,0,5
BRDA:266,31,1,3
BRDA:266,31,2,2
BRDA:274,32,0,1
BRDA:274,32,1,1
BRDA:303,33,0,1
BRDA:303,33,1,1
BRDA:320,34,0,1
BRDA:320,34,1,0
BRDA:321,35,0,1
BRDA:321,35,1,0
BRDA:371,36,0,1
BRDA:371,36,1,9
BRDA:388,37,0,1
BRDA:388,37,1,5
BRF:78
BRH:74
end_of_record
TN:
SF:/Users/peternaydenov/Sites/git-code-assembly-line/general-tools.js
FN:5,(anonymous_1)
FNF:1
FNH:1
FNDA:1,(anonymous_1)
DA:3,1
DA:8,1
DA:13,1
DA:14,2
DA:15,1
DA:16,2
DA:22,1
LF:7
LH:7
BRDA:14,1,0,1
BRDA:14,1,1,1
BRF:2
BRH:2
end_of_record
